	.text
	.syntax unified
	.eabi_attribute	67, "2.09"	@ Tag_conformance
	.eabi_attribute	6, 16	@ Tag_CPU_arch
	.eabi_attribute	7, 77	@ Tag_CPU_arch_profile
	.eabi_attribute	8, 0	@ Tag_ARM_ISA_use
	.eabi_attribute	9, 3	@ Tag_THUMB_ISA_use
	.eabi_attribute	34, 0	@ Tag_CPU_unaligned_access
	.eabi_attribute	17, 1	@ Tag_ABI_PCS_GOT_use
	.eabi_attribute	20, 2	@ Tag_ABI_FP_denormal
	.eabi_attribute	21, 0	@ Tag_ABI_FP_exceptions
	.eabi_attribute	23, 1	@ Tag_ABI_FP_number_model
	.eabi_attribute	24, 1	@ Tag_ABI_align_needed
	.eabi_attribute	25, 1	@ Tag_ABI_align_preserved
	.eabi_attribute	38, 1	@ Tag_ABI_FP_16bit_format
	.eabi_attribute	18, 4	@ Tag_ABI_PCS_wchar_t
	.eabi_attribute	26, 2	@ Tag_ABI_enum_size
	.eabi_attribute	14, 0	@ Tag_ABI_PCS_R9_use
	.file	"PollQ.c"
	.file	1 "C:\\Users\\karahulx\\Downloads\\Kernel\\FreeRTOS\\FreeRTOS\\Demo\\CORTEX_MPU_M23_Nuvoton_NuMaker_PFM_M2351_IAR_GCC\\Projects_NTZ\\Keil" "../../../../Source/include\\queue.h"
	.file	2 "C:\\Users\\karahulx\\Downloads\\Kernel\\FreeRTOS\\FreeRTOS\\Demo\\CORTEX_MPU_M23_Nuvoton_NuMaker_PFM_M2351_IAR_GCC\\Projects_NTZ\\Keil" "../../../CORTEX_MPU_M3_NUCLEO_L152RE_GCC/Demo/PollQ.c"
	.file	3 "C:\\Keil_v5\\ARM\\ARMCLANG\\Bin\\..\\include" "stdint.h"
	.file	4 "C:\\Users\\karahulx\\Downloads\\Kernel\\FreeRTOS\\FreeRTOS\\Demo\\CORTEX_MPU_M23_Nuvoton_NuMaker_PFM_M2351_IAR_GCC\\Projects_NTZ\\Keil" "../../../../Source/portable/GCC/ARM_CM23_NTZ/non_secure/portmacrocommon.h"
	.file	5 "C:\\Users\\karahulx\\Downloads\\Kernel\\FreeRTOS\\FreeRTOS\\Demo\\CORTEX_MPU_M23_Nuvoton_NuMaker_PFM_M2351_IAR_GCC\\Projects_NTZ\\Keil" "../../../../Source/include/task.h"
	.section	.text.vStartPolledQueueTasks,"ax",%progbits
	.hidden	vStartPolledQueueTasks          @ -- Begin function vStartPolledQueueTasks
	.globl	vStartPolledQueueTasks
	.p2align	1
	.type	vStartPolledQueueTasks,%function
	.code	16                              @ @vStartPolledQueueTasks
	.thumb_func
vStartPolledQueueTasks:
.Lfunc_begin0:
	.loc	2 92 0                          @ ../../../CORTEX_MPU_M3_NUCLEO_L152RE_GCC/Demo/PollQ.c:92:0
	.fnstart
	.cfi_sections .debug_frame
	.cfi_startproc
@ %bb.0:
	.save	{r4, r5, r6, r7, lr}
	push	{r4, r5, r6, r7, lr}
	.cfi_def_cfa_offset 20
	.cfi_offset lr, -4
	.cfi_offset r7, -8
	.cfi_offset r6, -12
	.cfi_offset r5, -16
	.cfi_offset r4, -20
	.pad	#140
	sub	sp, #140
	.cfi_def_cfa_offset 160
	str	r0, [sp, #136]
	movs	r0, #10
	movs	r1, #2
	movs	r2, #0
.Ltmp0:
	.loc	2 96 25 prologue_end            @ ../../../CORTEX_MPU_M3_NUCLEO_L152RE_GCC/Demo/PollQ.c:96:25
	bl	MPU_xQueueGenericCreate
	mov	r1, r0
	.loc	2 96 23 is_stmt 0               @ ../../../CORTEX_MPU_M3_NUCLEO_L152RE_GCC/Demo/PollQ.c:96:23
	movw	r0, :lower16:vStartPolledQueueTasks.xPolledQueue
	movt	r0, :upper16:vStartPolledQueueTasks.xPolledQueue
	str	r1, [r0]
.Ltmp1:
	.loc	2 98 9 is_stmt 1                @ ../../../CORTEX_MPU_M3_NUCLEO_L152RE_GCC/Demo/PollQ.c:98:9
	ldr	r0, [r0]
.Ltmp2:
	.loc	2 98 9 is_stmt 0                @ ../../../CORTEX_MPU_M3_NUCLEO_L152RE_GCC/Demo/PollQ.c:98:9
	cmp	r0, #0
	beq	.LBB0_2
	b	.LBB0_1
.LBB0_1:
.Ltmp3:
	.loc	2 113 9 is_stmt 1               @ ../../../CORTEX_MPU_M3_NUCLEO_L152RE_GCC/Demo/PollQ.c:113:9
	movw	r0, :lower16:vPolledQueueConsumer
	movt	r0, :upper16:vPolledQueueConsumer
	str	r0, [sp, #72]
	movw	r0, :lower16:.L.str
	movt	r0, :upper16:.L.str
	str	r0, [sp, #76]
	add	r0, sp, #72
	movs	r4, #128
	strh	r4, [r0, #8]
	movw	r3, :lower16:vStartPolledQueueTasks.xPolledQueue
	movt	r3, :upper16:vStartPolledQueueTasks.xPolledQueue
	str	r3, [sp, #84]
	.loc	2 118 32                        @ ../../../CORTEX_MPU_M3_NUCLEO_L152RE_GCC/Demo/PollQ.c:118:32
	ldr	r1, [sp, #136]
	.loc	2 113 9                         @ ../../../CORTEX_MPU_M3_NUCLEO_L152RE_GCC/Demo/PollQ.c:113:9
	str	r1, [sp, #88]
	movw	r1, :lower16:vStartPolledQueueTasks.xPolledQueueConsumerStack
	movt	r1, :upper16:vStartPolledQueueTasks.xPolledQueueConsumerStack
	str	r1, [sp, #92]
	mov	r1, r0
	adds	r1, #24
	.loc	2 120 35                        @ ../../../CORTEX_MPU_M3_NUCLEO_L152RE_GCC/Demo/PollQ.c:120:35
	movw	r2, :lower16:.Lconstinit
	movt	r2, :upper16:.Lconstinit
	ldm	r2!, {r5, r6, r7}
	stm	r1!, {r5, r6, r7}
	ldm	r2!, {r5, r6, r7}
	stm	r1!, {r5, r6, r7}
	ldm	r2!, {r5, r6, r7}
	stm	r1!, {r5, r6, r7}
	movs	r1, #0
	.loc	2 113 9                         @ ../../../CORTEX_MPU_M3_NUCLEO_L152RE_GCC/Demo/PollQ.c:113:9
	str	r1, [sp]                        @ 4-byte Spill
	str	r1, [sp, #132]
	.loc	2 132 9                         @ ../../../CORTEX_MPU_M3_NUCLEO_L152RE_GCC/Demo/PollQ.c:132:9
	movw	r2, :lower16:vPolledQueueProducer
	movt	r2, :upper16:vPolledQueueProducer
	str	r2, [sp, #8]
	movw	r2, :lower16:.L.str.1
	movt	r2, :upper16:.L.str.1
	str	r2, [sp, #12]
	add	r2, sp, #8
	str	r2, [sp, #4]                    @ 4-byte Spill
	strh	r4, [r2, #8]
	str	r3, [sp, #20]
	.loc	2 137 32                        @ ../../../CORTEX_MPU_M3_NUCLEO_L152RE_GCC/Demo/PollQ.c:137:32
	ldr	r3, [sp, #136]
	.loc	2 132 9                         @ ../../../CORTEX_MPU_M3_NUCLEO_L152RE_GCC/Demo/PollQ.c:132:9
	str	r3, [sp, #24]
	movw	r3, :lower16:vStartPolledQueueTasks.xPolledQueueProducerStack
	movt	r3, :upper16:vStartPolledQueueTasks.xPolledQueueProducerStack
	str	r3, [sp, #28]
	adds	r2, #24
	.loc	2 139 35                        @ ../../../CORTEX_MPU_M3_NUCLEO_L152RE_GCC/Demo/PollQ.c:139:35
	movw	r3, :lower16:.Lconstinit.2
	movt	r3, :upper16:.Lconstinit.2
	ldm	r3!, {r4, r5, r6}
	stm	r2!, {r4, r5, r6}
	ldm	r3!, {r4, r5, r6}
	stm	r2!, {r4, r5, r6}
	ldm	r3!, {r4, r5, r6}
	stm	r2!, {r4, r5, r6}
	.loc	2 132 9                         @ ../../../CORTEX_MPU_M3_NUCLEO_L152RE_GCC/Demo/PollQ.c:132:9
	str	r1, [sp, #68]
	.loc	2 150 9                         @ ../../../CORTEX_MPU_M3_NUCLEO_L152RE_GCC/Demo/PollQ.c:150:9
	bl	xTaskCreateRestricted
	ldr	r1, [sp]                        @ 4-byte Reload
                                        @ kill: def $r2 killed $r0
	.loc	2 151 9                         @ ../../../CORTEX_MPU_M3_NUCLEO_L152RE_GCC/Demo/PollQ.c:151:9
	ldr	r0, [sp, #4]                    @ 4-byte Reload
	bl	xTaskCreateRestricted
	.loc	2 152 5                         @ ../../../CORTEX_MPU_M3_NUCLEO_L152RE_GCC/Demo/PollQ.c:152:5
	b	.LBB0_2
.Ltmp4:
.LBB0_2:
	.loc	2 153 1                         @ ../../../CORTEX_MPU_M3_NUCLEO_L152RE_GCC/Demo/PollQ.c:153:1
	add	sp, #140
	pop	{r4, r5, r6, r7, pc}
.Ltmp5:
.Lfunc_end0:
	.size	vStartPolledQueueTasks, .Lfunc_end0-vStartPolledQueueTasks
	.cfi_endproc
	.cantunwind
	.fnend
                                        @ -- End function
	.section	.text.vPolledQueueConsumer,"ax",%progbits
	.p2align	1                               @ -- Begin function vPolledQueueConsumer
	.type	vPolledQueueConsumer,%function
	.code	16                              @ @vPolledQueueConsumer
	.thumb_func
vPolledQueueConsumer:
.Lfunc_begin1:
	.loc	2 196 0                         @ ../../../CORTEX_MPU_M3_NUCLEO_L152RE_GCC/Demo/PollQ.c:196:0
	.fnstart
	.cfi_startproc
@ %bb.0:
	.save	{r7, lr}
	push	{r7, lr}
	.cfi_def_cfa_offset 8
	.cfi_offset lr, -4
	.cfi_offset r7, -8
	.pad	#16
	sub	sp, #16
	.cfi_def_cfa_offset 24
	str	r0, [sp, #12]
	add	r1, sp, #4
	movs	r0, #0
.Ltmp6:
	.loc	2 197 22 prologue_end           @ ../../../CORTEX_MPU_M3_NUCLEO_L152RE_GCC/Demo/PollQ.c:197:22
	strh	r0, [r1]
	.loc	2 198 16                        @ ../../../CORTEX_MPU_M3_NUCLEO_L152RE_GCC/Demo/PollQ.c:198:16
	str	r0, [sp]
	.loc	2 200 5                         @ ../../../CORTEX_MPU_M3_NUCLEO_L152RE_GCC/Demo/PollQ.c:200:5
	b	.LBB1_1
.LBB1_1:                                @ =>This Loop Header: Depth=1
                                        @     Child Loop BB1_2 Depth 2
.Ltmp7:
	.loc	2 203 9                         @ ../../../CORTEX_MPU_M3_NUCLEO_L152RE_GCC/Demo/PollQ.c:203:9
	b	.LBB1_2
.LBB1_2:                                @   Parent Loop BB1_1 Depth=1
                                        @ =>  This Inner Loop Header: Depth=2
	.loc	2 203 63 is_stmt 0              @ ../../../CORTEX_MPU_M3_NUCLEO_L152RE_GCC/Demo/PollQ.c:203:63
	ldr	r0, [sp, #12]
	.loc	2 203 40                        @ ../../../CORTEX_MPU_M3_NUCLEO_L152RE_GCC/Demo/PollQ.c:203:40
	ldr	r0, [r0]
	.loc	2 203 16                        @ ../../../CORTEX_MPU_M3_NUCLEO_L152RE_GCC/Demo/PollQ.c:203:16
	bl	MPU_uxQueueMessagesWaiting
	.loc	2 203 9                         @ ../../../CORTEX_MPU_M3_NUCLEO_L152RE_GCC/Demo/PollQ.c:203:9
	cbz	r0, .LBB1_11
	b	.LBB1_3
.LBB1_3:                                @   in Loop: Header=BB1_2 Depth=2
.Ltmp8:
	.loc	2 205 55 is_stmt 1              @ ../../../CORTEX_MPU_M3_NUCLEO_L152RE_GCC/Demo/PollQ.c:205:55
	ldr	r0, [sp, #12]
	.loc	2 205 32 is_stmt 0              @ ../../../CORTEX_MPU_M3_NUCLEO_L152RE_GCC/Demo/PollQ.c:205:32
	ldr	r0, [r0]
	add	r1, sp, #8
	movs	r2, #0
	.loc	2 205 17                        @ ../../../CORTEX_MPU_M3_NUCLEO_L152RE_GCC/Demo/PollQ.c:205:17
	bl	MPU_xQueueReceive
.Ltmp9:
	.loc	2 205 17                        @ ../../../CORTEX_MPU_M3_NUCLEO_L152RE_GCC/Demo/PollQ.c:205:17
	cmp	r0, #1
	bne	.LBB1_10
	b	.LBB1_4
.LBB1_4:                                @   in Loop: Header=BB1_2 Depth=2
	.loc	2 0 17                          @ ../../../CORTEX_MPU_M3_NUCLEO_L152RE_GCC/Demo/PollQ.c:0:17
	add	r0, sp, #8
.Ltmp10:
	.loc	2 207 21 is_stmt 1              @ ../../../CORTEX_MPU_M3_NUCLEO_L152RE_GCC/Demo/PollQ.c:207:21
	ldrh	r0, [r0]
	add	r1, sp, #4
	.loc	2 207 31 is_stmt 0              @ ../../../CORTEX_MPU_M3_NUCLEO_L152RE_GCC/Demo/PollQ.c:207:31
	ldrh	r1, [r1]
.Ltmp11:
	.loc	2 207 21                        @ ../../../CORTEX_MPU_M3_NUCLEO_L152RE_GCC/Demo/PollQ.c:207:21
	cmp	r0, r1
	beq	.LBB1_6
	b	.LBB1_5
.LBB1_5:                                @   in Loop: Header=BB1_2 Depth=2
	.loc	2 0 21                          @ ../../../CORTEX_MPU_M3_NUCLEO_L152RE_GCC/Demo/PollQ.c:0:21
	movs	r0, #1
.Ltmp12:
	.loc	2 211 28 is_stmt 1              @ ../../../CORTEX_MPU_M3_NUCLEO_L152RE_GCC/Demo/PollQ.c:211:28
	str	r0, [sp]
	.loc	2 215 39                        @ ../../../CORTEX_MPU_M3_NUCLEO_L152RE_GCC/Demo/PollQ.c:215:39
	ldr	r0, [sp, #8]
	add	r1, sp, #4
	.loc	2 215 37 is_stmt 0              @ ../../../CORTEX_MPU_M3_NUCLEO_L152RE_GCC/Demo/PollQ.c:215:37
	strh	r0, [r1]
	.loc	2 216 17 is_stmt 1              @ ../../../CORTEX_MPU_M3_NUCLEO_L152RE_GCC/Demo/PollQ.c:216:17
	b	.LBB1_9
.Ltmp13:
.LBB1_6:                                @   in Loop: Header=BB1_2 Depth=2
	.loc	2 219 25                        @ ../../../CORTEX_MPU_M3_NUCLEO_L152RE_GCC/Demo/PollQ.c:219:25
	ldr	r0, [sp]
.Ltmp14:
	.loc	2 219 25 is_stmt 0              @ ../../../CORTEX_MPU_M3_NUCLEO_L152RE_GCC/Demo/PollQ.c:219:25
	cbnz	r0, .LBB1_8
	b	.LBB1_7
.LBB1_7:                                @   in Loop: Header=BB1_2 Depth=2
.Ltmp15:
	.loc	2 223 25 is_stmt 1              @ ../../../CORTEX_MPU_M3_NUCLEO_L152RE_GCC/Demo/PollQ.c:223:25
	bl	vPortEnterCritical
	.loc	2 224 51                        @ ../../../CORTEX_MPU_M3_NUCLEO_L152RE_GCC/Demo/PollQ.c:224:51
	movw	r1, :lower16:xPollingConsumerCount
	movt	r1, :upper16:xPollingConsumerCount
	ldr	r0, [r1]
	adds	r0, r0, #1
	str	r0, [r1]
	.loc	2 225 25                        @ ../../../CORTEX_MPU_M3_NUCLEO_L152RE_GCC/Demo/PollQ.c:225:25
	bl	vPortExitCritical
	.loc	2 226 21                        @ ../../../CORTEX_MPU_M3_NUCLEO_L152RE_GCC/Demo/PollQ.c:226:21
	b	.LBB1_8
.Ltmp16:
.LBB1_8:                                @   in Loop: Header=BB1_2 Depth=2
	.loc	2 0 21 is_stmt 0                @ ../../../CORTEX_MPU_M3_NUCLEO_L152RE_GCC/Demo/PollQ.c:0:21
	b	.LBB1_9
.LBB1_9:                                @   in Loop: Header=BB1_2 Depth=2
	.loc	2 230 32 is_stmt 1              @ ../../../CORTEX_MPU_M3_NUCLEO_L152RE_GCC/Demo/PollQ.c:230:32
	ldr	r0, [sp, #4]
	adds	r0, r0, #1
	add	r1, sp, #4
	strh	r0, [r1]
	.loc	2 231 13                        @ ../../../CORTEX_MPU_M3_NUCLEO_L152RE_GCC/Demo/PollQ.c:231:13
	b	.LBB1_10
.Ltmp17:
.LBB1_10:                               @   in Loop: Header=BB1_2 Depth=2
	.loc	2 203 9                         @ ../../../CORTEX_MPU_M3_NUCLEO_L152RE_GCC/Demo/PollQ.c:203:9
	b	.LBB1_2
.LBB1_11:                               @   in Loop: Header=BB1_1 Depth=1
	.loc	2 0 9 is_stmt 0                 @ ../../../CORTEX_MPU_M3_NUCLEO_L152RE_GCC/Demo/PollQ.c:0:9
	movs	r0, #18
	.loc	2 236 9 is_stmt 1               @ ../../../CORTEX_MPU_M3_NUCLEO_L152RE_GCC/Demo/PollQ.c:236:9
	bl	MPU_vTaskDelay
.Ltmp18:
	.loc	2 200 5                         @ ../../../CORTEX_MPU_M3_NUCLEO_L152RE_GCC/Demo/PollQ.c:200:5
	b	.LBB1_1
.Ltmp19:
.Lfunc_end1:
	.size	vPolledQueueConsumer, .Lfunc_end1-vPolledQueueConsumer
	.cfi_endproc
	.cantunwind
	.fnend
                                        @ -- End function
	.section	.text.vPolledQueueProducer,"ax",%progbits
	.p2align	1                               @ -- Begin function vPolledQueueProducer
	.type	vPolledQueueProducer,%function
	.code	16                              @ @vPolledQueueProducer
	.thumb_func
vPolledQueueProducer:
.Lfunc_begin2:
	.loc	2 157 0                         @ ../../../CORTEX_MPU_M3_NUCLEO_L152RE_GCC/Demo/PollQ.c:157:0
	.fnstart
	.cfi_startproc
@ %bb.0:
	.save	{r7, lr}
	push	{r7, lr}
	.cfi_def_cfa_offset 8
	.cfi_offset lr, -4
	.cfi_offset r7, -8
	.pad	#16
	sub	sp, #16
	.cfi_def_cfa_offset 24
	str	r0, [sp, #12]
	add	r1, sp, #8
	movs	r0, #0
.Ltmp20:
	.loc	2 158 14 prologue_end           @ ../../../CORTEX_MPU_M3_NUCLEO_L152RE_GCC/Demo/PollQ.c:158:14
	strh	r0, [r1]
	.loc	2 159 16                        @ ../../../CORTEX_MPU_M3_NUCLEO_L152RE_GCC/Demo/PollQ.c:159:16
	str	r0, [sp, #4]
	.loc	2 161 5                         @ ../../../CORTEX_MPU_M3_NUCLEO_L152RE_GCC/Demo/PollQ.c:161:5
	b	.LBB2_1
.LBB2_1:                                @ =>This Loop Header: Depth=1
                                        @     Child Loop BB2_2 Depth 2
	.loc	2 0 5 is_stmt 0                 @ ../../../CORTEX_MPU_M3_NUCLEO_L152RE_GCC/Demo/PollQ.c:0:5
	movs	r0, #0
.Ltmp21:
	.loc	2 163 20 is_stmt 1              @ ../../../CORTEX_MPU_M3_NUCLEO_L152RE_GCC/Demo/PollQ.c:163:20
	str	r0, [sp]
	.loc	2 163 14 is_stmt 0              @ ../../../CORTEX_MPU_M3_NUCLEO_L152RE_GCC/Demo/PollQ.c:163:14
	b	.LBB2_2
.LBB2_2:                                @   Parent Loop BB2_1 Depth=1
                                        @ =>  This Inner Loop Header: Depth=2
.Ltmp22:
	.loc	2 163 25                        @ ../../../CORTEX_MPU_M3_NUCLEO_L152RE_GCC/Demo/PollQ.c:163:25
	ldr	r0, [sp]
.Ltmp23:
	.loc	2 163 9                         @ ../../../CORTEX_MPU_M3_NUCLEO_L152RE_GCC/Demo/PollQ.c:163:9
	cmp	r0, #2
	bgt	.LBB2_10
	b	.LBB2_3
.LBB2_3:                                @   in Loop: Header=BB2_2 Depth=2
.Ltmp24:
	.loc	2 166 17 is_stmt 1              @ ../../../CORTEX_MPU_M3_NUCLEO_L152RE_GCC/Demo/PollQ.c:166:17
	ldr	r0, [sp, #12]
	ldr	r0, [r0]
	add	r1, sp, #8
	movs	r3, #0
	mov	r2, r3
	bl	MPU_xQueueGenericSend
.Ltmp25:
	.loc	2 166 17 is_stmt 0              @ ../../../CORTEX_MPU_M3_NUCLEO_L152RE_GCC/Demo/PollQ.c:166:17
	cmp	r0, #1
	beq	.LBB2_5
	b	.LBB2_4
.LBB2_4:                                @   in Loop: Header=BB2_2 Depth=2
	.loc	2 0 17                          @ ../../../CORTEX_MPU_M3_NUCLEO_L152RE_GCC/Demo/PollQ.c:0:17
	movs	r0, #1
.Ltmp26:
	.loc	2 170 24 is_stmt 1              @ ../../../CORTEX_MPU_M3_NUCLEO_L152RE_GCC/Demo/PollQ.c:170:24
	str	r0, [sp, #4]
	.loc	2 171 13                        @ ../../../CORTEX_MPU_M3_NUCLEO_L152RE_GCC/Demo/PollQ.c:171:13
	b	.LBB2_8
.Ltmp27:
.LBB2_5:                                @   in Loop: Header=BB2_2 Depth=2
	.loc	2 174 21                        @ ../../../CORTEX_MPU_M3_NUCLEO_L152RE_GCC/Demo/PollQ.c:174:21
	ldr	r0, [sp, #4]
.Ltmp28:
	.loc	2 174 21 is_stmt 0              @ ../../../CORTEX_MPU_M3_NUCLEO_L152RE_GCC/Demo/PollQ.c:174:21
	cbnz	r0, .LBB2_7
	b	.LBB2_6
.LBB2_6:                                @   in Loop: Header=BB2_2 Depth=2
.Ltmp29:
	.loc	2 178 21 is_stmt 1              @ ../../../CORTEX_MPU_M3_NUCLEO_L152RE_GCC/Demo/PollQ.c:178:21
	bl	vPortEnterCritical
	.loc	2 179 47                        @ ../../../CORTEX_MPU_M3_NUCLEO_L152RE_GCC/Demo/PollQ.c:179:47
	movw	r1, :lower16:xPollingProducerCount
	movt	r1, :upper16:xPollingProducerCount
	ldr	r0, [r1]
	adds	r0, r0, #1
	str	r0, [r1]
	.loc	2 180 21                        @ ../../../CORTEX_MPU_M3_NUCLEO_L152RE_GCC/Demo/PollQ.c:180:21
	bl	vPortExitCritical
	.loc	2 181 17                        @ ../../../CORTEX_MPU_M3_NUCLEO_L152RE_GCC/Demo/PollQ.c:181:17
	b	.LBB2_7
.Ltmp30:
.LBB2_7:                                @   in Loop: Header=BB2_2 Depth=2
	.loc	2 184 24                        @ ../../../CORTEX_MPU_M3_NUCLEO_L152RE_GCC/Demo/PollQ.c:184:24
	ldr	r0, [sp, #8]
	adds	r0, r0, #1
	add	r1, sp, #8
	strh	r0, [r1]
	b	.LBB2_8
.Ltmp31:
.LBB2_8:                                @   in Loop: Header=BB2_2 Depth=2
	.loc	2 186 9                         @ ../../../CORTEX_MPU_M3_NUCLEO_L152RE_GCC/Demo/PollQ.c:186:9
	b	.LBB2_9
.Ltmp32:
.LBB2_9:                                @   in Loop: Header=BB2_2 Depth=2
	.loc	2 163 62                        @ ../../../CORTEX_MPU_M3_NUCLEO_L152RE_GCC/Demo/PollQ.c:163:62
	ldr	r0, [sp]
	adds	r0, r0, #1
	str	r0, [sp]
	.loc	2 163 9 is_stmt 0               @ ../../../CORTEX_MPU_M3_NUCLEO_L152RE_GCC/Demo/PollQ.c:163:9
	b	.LBB2_2
.Ltmp33:
.LBB2_10:                               @   in Loop: Header=BB2_1 Depth=1
	.loc	2 0 9                           @ ../../../CORTEX_MPU_M3_NUCLEO_L152RE_GCC/Demo/PollQ.c:0:9
	movs	r0, #20
	.loc	2 190 9 is_stmt 1               @ ../../../CORTEX_MPU_M3_NUCLEO_L152RE_GCC/Demo/PollQ.c:190:9
	bl	MPU_vTaskDelay
.Ltmp34:
	.loc	2 161 5                         @ ../../../CORTEX_MPU_M3_NUCLEO_L152RE_GCC/Demo/PollQ.c:161:5
	b	.LBB2_1
.Ltmp35:
.Lfunc_end2:
	.size	vPolledQueueProducer, .Lfunc_end2-vPolledQueueProducer
	.cfi_endproc
	.cantunwind
	.fnend
                                        @ -- End function
	.section	.text.xArePollingQueuesStillRunning,"ax",%progbits
	.hidden	xArePollingQueuesStillRunning   @ -- Begin function xArePollingQueuesStillRunning
	.globl	xArePollingQueuesStillRunning
	.p2align	1
	.type	xArePollingQueuesStillRunning,%function
	.code	16                              @ @xArePollingQueuesStillRunning
	.thumb_func
xArePollingQueuesStillRunning:
.Lfunc_begin3:
	.loc	2 243 0                         @ ../../../CORTEX_MPU_M3_NUCLEO_L152RE_GCC/Demo/PollQ.c:243:0
	.fnstart
	.cfi_startproc
@ %bb.0:
	.pad	#4
	sub	sp, #4
	.cfi_def_cfa_offset 4
.Ltmp36:
	.loc	2 250 11 prologue_end           @ ../../../CORTEX_MPU_M3_NUCLEO_L152RE_GCC/Demo/PollQ.c:250:11
	movw	r0, :lower16:xPollingConsumerCount
	movt	r0, :upper16:xPollingConsumerCount
	ldr	r0, [r0]
	.loc	2 250 62 is_stmt 0              @ ../../../CORTEX_MPU_M3_NUCLEO_L152RE_GCC/Demo/PollQ.c:250:62
	cbz	r0, .LBB3_2
	b	.LBB3_1
.LBB3_1:
	.loc	2 251 11 is_stmt 1              @ ../../../CORTEX_MPU_M3_NUCLEO_L152RE_GCC/Demo/PollQ.c:251:11
	movw	r0, :lower16:xPollingProducerCount
	movt	r0, :upper16:xPollingProducerCount
	ldr	r0, [r0]
.Ltmp37:
	.loc	2 250 9                         @ ../../../CORTEX_MPU_M3_NUCLEO_L152RE_GCC/Demo/PollQ.c:250:9
	cbnz	r0, .LBB3_3
	b	.LBB3_2
.LBB3_2:
	.loc	2 0 9 is_stmt 0                 @ ../../../CORTEX_MPU_M3_NUCLEO_L152RE_GCC/Demo/PollQ.c:0:9
	movs	r0, #0
.Ltmp38:
	.loc	2 254 17 is_stmt 1              @ ../../../CORTEX_MPU_M3_NUCLEO_L152RE_GCC/Demo/PollQ.c:254:17
	str	r0, [sp]
	.loc	2 255 5                         @ ../../../CORTEX_MPU_M3_NUCLEO_L152RE_GCC/Demo/PollQ.c:255:5
	b	.LBB3_4
.Ltmp39:
.LBB3_3:
	.loc	2 0 5 is_stmt 0                 @ ../../../CORTEX_MPU_M3_NUCLEO_L152RE_GCC/Demo/PollQ.c:0:5
	movs	r0, #1
.Ltmp40:
	.loc	2 258 17 is_stmt 1              @ ../../../CORTEX_MPU_M3_NUCLEO_L152RE_GCC/Demo/PollQ.c:258:17
	str	r0, [sp]
	b	.LBB3_4
.Ltmp41:
.LBB3_4:
	.loc	2 263 32                        @ ../../../CORTEX_MPU_M3_NUCLEO_L152RE_GCC/Demo/PollQ.c:263:32
	movw	r1, :lower16:xPollingConsumerCount
	movt	r1, :upper16:xPollingConsumerCount
	movs	r0, #0
	str	r0, [r1]
	.loc	2 264 32                        @ ../../../CORTEX_MPU_M3_NUCLEO_L152RE_GCC/Demo/PollQ.c:264:32
	movw	r1, :lower16:xPollingProducerCount
	movt	r1, :upper16:xPollingProducerCount
	str	r0, [r1]
	.loc	2 266 12                        @ ../../../CORTEX_MPU_M3_NUCLEO_L152RE_GCC/Demo/PollQ.c:266:12
	ldr	r0, [sp]
	.loc	2 266 5 is_stmt 0               @ ../../../CORTEX_MPU_M3_NUCLEO_L152RE_GCC/Demo/PollQ.c:266:5
	add	sp, #4
	bx	lr
.Ltmp42:
.Lfunc_end3:
	.size	xArePollingQueuesStillRunning, .Lfunc_end3-xArePollingQueuesStillRunning
	.cfi_endproc
	.cantunwind
	.fnend
                                        @ -- End function
	.type	vStartPolledQueueTasks.xPolledQueue,%object @ @vStartPolledQueueTasks.xPolledQueue
	.section	.bss.vStartPolledQueueTasks.xPolledQueue,"aw",%nobits
	.p2align	5, 0x0
vStartPolledQueueTasks.xPolledQueue:
	.zero	32
	.size	vStartPolledQueueTasks.xPolledQueue, 32

	.type	vStartPolledQueueTasks.xPolledQueueConsumerStack,%object @ @vStartPolledQueueTasks.xPolledQueueConsumerStack
	.section	.bss.vStartPolledQueueTasks.xPolledQueueConsumerStack,"aw",%nobits
	.p2align	9, 0x0
vStartPolledQueueTasks.xPolledQueueConsumerStack:
	.zero	512
	.size	vStartPolledQueueTasks.xPolledQueueConsumerStack, 512

	.type	vStartPolledQueueTasks.xPolledQueueProducerStack,%object @ @vStartPolledQueueTasks.xPolledQueueProducerStack
	.section	.bss.vStartPolledQueueTasks.xPolledQueueProducerStack,"aw",%nobits
	.p2align	9, 0x0
vStartPolledQueueTasks.xPolledQueueProducerStack:
	.zero	512
	.size	vStartPolledQueueTasks.xPolledQueueProducerStack, 512

	.type	.L.str,%object                  @ @.str
	.section	.rodata.str1.1,"aMS",%progbits,1
.L.str:
	.asciz	"QConsNB"
	.size	.L.str, 8

	.type	xPollingConsumerCount,%object   @ @xPollingConsumerCount
	.section	.bss.xPollingConsumerCount,"aw",%nobits
	.p2align	5, 0x0
xPollingConsumerCount:
	.zero	32
	.size	xPollingConsumerCount, 32

	.type	.Lconstinit,%object             @ @constinit
	.section	.data..Lconstinit,"aw",%progbits
	.p2align	2, 0x0
.Lconstinit:
	.long	xPollingConsumerCount
	.long	32                              @ 0x20
	.long	3                               @ 0x3
	.long	vStartPolledQueueTasks.xPolledQueue
	.long	32                              @ 0x20
	.long	3                               @ 0x3
	.zero	12
	.size	.Lconstinit, 36

	.type	.L.str.1,%object                @ @.str.1
	.section	.rodata.str1.1,"aMS",%progbits,1
.L.str.1:
	.asciz	"QProdNB"
	.size	.L.str.1, 8

	.type	xPollingProducerCount,%object   @ @xPollingProducerCount
	.section	.bss.xPollingProducerCount,"aw",%nobits
	.p2align	5, 0x0
xPollingProducerCount:
	.zero	32
	.size	xPollingProducerCount, 32

	.type	.Lconstinit.2,%object           @ @constinit.2
	.section	.data..Lconstinit.2,"aw",%progbits
	.p2align	2, 0x0
.Lconstinit.2:
	.long	xPollingProducerCount
	.long	32                              @ 0x20
	.long	3                               @ 0x3
	.long	vStartPolledQueueTasks.xPolledQueue
	.long	32                              @ 0x20
	.long	3                               @ 0x3
	.zero	12
	.size	.Lconstinit.2, 36

	.file	6 "C:\\Users\\karahulx\\Downloads\\Kernel\\FreeRTOS\\FreeRTOS\\Demo\\CORTEX_MPU_M23_Nuvoton_NuMaker_PFM_M2351_IAR_GCC\\Projects_NTZ\\Keil" "../../../../Source/include/projdefs.h"
	.file	7 "C:\\Users\\karahulx\\Downloads\\Kernel\\FreeRTOS\\FreeRTOS\\Demo\\CORTEX_MPU_M23_Nuvoton_NuMaker_PFM_M2351_IAR_GCC\\Projects_NTZ\\Keil" "../../../../Source/include\\FreeRTOS.h"
	.section	.debug_abbrev,"",%progbits
	.byte	1                               @ Abbreviation Code
	.byte	17                              @ DW_TAG_compile_unit
	.byte	1                               @ DW_CHILDREN_yes
	.byte	37                              @ DW_AT_producer
	.byte	14                              @ DW_FORM_strp
	.byte	19                              @ DW_AT_language
	.byte	5                               @ DW_FORM_data2
	.byte	3                               @ DW_AT_name
	.byte	14                              @ DW_FORM_strp
	.byte	16                              @ DW_AT_stmt_list
	.byte	23                              @ DW_FORM_sec_offset
	.byte	27                              @ DW_AT_comp_dir
	.byte	14                              @ DW_FORM_strp
	.byte	17                              @ DW_AT_low_pc
	.byte	1                               @ DW_FORM_addr
	.byte	85                              @ DW_AT_ranges
	.byte	23                              @ DW_FORM_sec_offset
	.byte	0                               @ EOM(1)
	.byte	0                               @ EOM(2)
	.byte	2                               @ Abbreviation Code
	.byte	46                              @ DW_TAG_subprogram
	.byte	1                               @ DW_CHILDREN_yes
	.byte	17                              @ DW_AT_low_pc
	.byte	1                               @ DW_FORM_addr
	.byte	18                              @ DW_AT_high_pc
	.byte	6                               @ DW_FORM_data4
	.byte	64                              @ DW_AT_frame_base
	.byte	24                              @ DW_FORM_exprloc
	.byte	3                               @ DW_AT_name
	.byte	14                              @ DW_FORM_strp
	.byte	58                              @ DW_AT_decl_file
	.byte	11                              @ DW_FORM_data1
	.byte	59                              @ DW_AT_decl_line
	.byte	11                              @ DW_FORM_data1
	.byte	39                              @ DW_AT_prototyped
	.byte	25                              @ DW_FORM_flag_present
	.byte	63                              @ DW_AT_external
	.byte	25                              @ DW_FORM_flag_present
	.byte	0                               @ EOM(1)
	.byte	0                               @ EOM(2)
	.byte	3                               @ Abbreviation Code
	.byte	52                              @ DW_TAG_variable
	.byte	0                               @ DW_CHILDREN_no
	.byte	3                               @ DW_AT_name
	.byte	14                              @ DW_FORM_strp
	.byte	73                              @ DW_AT_type
	.byte	19                              @ DW_FORM_ref4
	.byte	58                              @ DW_AT_decl_file
	.byte	11                              @ DW_FORM_data1
	.byte	59                              @ DW_AT_decl_line
	.byte	11                              @ DW_FORM_data1
	.ascii	"\210\001"                      @ DW_AT_alignment
	.byte	15                              @ DW_FORM_udata
	.byte	2                               @ DW_AT_location
	.byte	24                              @ DW_FORM_exprloc
	.byte	0                               @ EOM(1)
	.byte	0                               @ EOM(2)
	.byte	4                               @ Abbreviation Code
	.byte	5                               @ DW_TAG_formal_parameter
	.byte	0                               @ DW_CHILDREN_no
	.byte	2                               @ DW_AT_location
	.byte	24                              @ DW_FORM_exprloc
	.byte	3                               @ DW_AT_name
	.byte	14                              @ DW_FORM_strp
	.byte	58                              @ DW_AT_decl_file
	.byte	11                              @ DW_FORM_data1
	.byte	59                              @ DW_AT_decl_line
	.byte	11                              @ DW_FORM_data1
	.byte	73                              @ DW_AT_type
	.byte	19                              @ DW_FORM_ref4
	.byte	0                               @ EOM(1)
	.byte	0                               @ EOM(2)
	.byte	5                               @ Abbreviation Code
	.byte	11                              @ DW_TAG_lexical_block
	.byte	1                               @ DW_CHILDREN_yes
	.byte	17                              @ DW_AT_low_pc
	.byte	1                               @ DW_FORM_addr
	.byte	18                              @ DW_AT_high_pc
	.byte	6                               @ DW_FORM_data4
	.byte	0                               @ EOM(1)
	.byte	0                               @ EOM(2)
	.byte	6                               @ Abbreviation Code
	.byte	52                              @ DW_TAG_variable
	.byte	0                               @ DW_CHILDREN_no
	.byte	2                               @ DW_AT_location
	.byte	24                              @ DW_FORM_exprloc
	.byte	3                               @ DW_AT_name
	.byte	14                              @ DW_FORM_strp
	.byte	58                              @ DW_AT_decl_file
	.byte	11                              @ DW_FORM_data1
	.byte	59                              @ DW_AT_decl_line
	.byte	11                              @ DW_FORM_data1
	.byte	73                              @ DW_AT_type
	.byte	19                              @ DW_FORM_ref4
	.byte	0                               @ EOM(1)
	.byte	0                               @ EOM(2)
	.byte	7                               @ Abbreviation Code
	.byte	1                               @ DW_TAG_array_type
	.byte	1                               @ DW_CHILDREN_yes
	.byte	73                              @ DW_AT_type
	.byte	19                              @ DW_FORM_ref4
	.byte	0                               @ EOM(1)
	.byte	0                               @ EOM(2)
	.byte	8                               @ Abbreviation Code
	.byte	33                              @ DW_TAG_subrange_type
	.byte	0                               @ DW_CHILDREN_no
	.byte	73                              @ DW_AT_type
	.byte	19                              @ DW_FORM_ref4
	.byte	55                              @ DW_AT_count
	.byte	11                              @ DW_FORM_data1
	.byte	0                               @ EOM(1)
	.byte	0                               @ EOM(2)
	.byte	9                               @ Abbreviation Code
	.byte	22                              @ DW_TAG_typedef
	.byte	0                               @ DW_CHILDREN_no
	.byte	73                              @ DW_AT_type
	.byte	19                              @ DW_FORM_ref4
	.byte	3                               @ DW_AT_name
	.byte	14                              @ DW_FORM_strp
	.byte	58                              @ DW_AT_decl_file
	.byte	11                              @ DW_FORM_data1
	.byte	59                              @ DW_AT_decl_line
	.byte	11                              @ DW_FORM_data1
	.byte	0                               @ EOM(1)
	.byte	0                               @ EOM(2)
	.byte	10                              @ Abbreviation Code
	.byte	15                              @ DW_TAG_pointer_type
	.byte	0                               @ DW_CHILDREN_no
	.byte	73                              @ DW_AT_type
	.byte	19                              @ DW_FORM_ref4
	.byte	0                               @ EOM(1)
	.byte	0                               @ EOM(2)
	.byte	11                              @ Abbreviation Code
	.byte	19                              @ DW_TAG_structure_type
	.byte	0                               @ DW_CHILDREN_no
	.byte	3                               @ DW_AT_name
	.byte	14                              @ DW_FORM_strp
	.byte	60                              @ DW_AT_declaration
	.byte	25                              @ DW_FORM_flag_present
	.byte	0                               @ EOM(1)
	.byte	0                               @ EOM(2)
	.byte	12                              @ Abbreviation Code
	.byte	36                              @ DW_TAG_base_type
	.byte	0                               @ DW_CHILDREN_no
	.byte	3                               @ DW_AT_name
	.byte	14                              @ DW_FORM_strp
	.byte	11                              @ DW_AT_byte_size
	.byte	11                              @ DW_FORM_data1
	.byte	62                              @ DW_AT_encoding
	.byte	11                              @ DW_FORM_data1
	.byte	0                               @ EOM(1)
	.byte	0                               @ EOM(2)
	.byte	13                              @ Abbreviation Code
	.byte	36                              @ DW_TAG_base_type
	.byte	0                               @ DW_CHILDREN_no
	.byte	3                               @ DW_AT_name
	.byte	14                              @ DW_FORM_strp
	.byte	62                              @ DW_AT_encoding
	.byte	11                              @ DW_FORM_data1
	.byte	11                              @ DW_AT_byte_size
	.byte	11                              @ DW_FORM_data1
	.byte	0                               @ EOM(1)
	.byte	0                               @ EOM(2)
	.byte	14                              @ Abbreviation Code
	.byte	52                              @ DW_TAG_variable
	.byte	0                               @ DW_CHILDREN_no
	.byte	73                              @ DW_AT_type
	.byte	19                              @ DW_FORM_ref4
	.byte	58                              @ DW_AT_decl_file
	.byte	11                              @ DW_FORM_data1
	.byte	59                              @ DW_AT_decl_line
	.byte	11                              @ DW_FORM_data1
	.byte	2                               @ DW_AT_location
	.byte	24                              @ DW_FORM_exprloc
	.byte	0                               @ EOM(1)
	.byte	0                               @ EOM(2)
	.byte	15                              @ Abbreviation Code
	.byte	53                              @ DW_TAG_volatile_type
	.byte	0                               @ DW_CHILDREN_no
	.byte	73                              @ DW_AT_type
	.byte	19                              @ DW_FORM_ref4
	.byte	0                               @ EOM(1)
	.byte	0                               @ EOM(2)
	.byte	16                              @ Abbreviation Code
	.byte	15                              @ DW_TAG_pointer_type
	.byte	0                               @ DW_CHILDREN_no
	.byte	0                               @ EOM(1)
	.byte	0                               @ EOM(2)
	.byte	17                              @ Abbreviation Code
	.byte	46                              @ DW_TAG_subprogram
	.byte	1                               @ DW_CHILDREN_yes
	.byte	17                              @ DW_AT_low_pc
	.byte	1                               @ DW_FORM_addr
	.byte	18                              @ DW_AT_high_pc
	.byte	6                               @ DW_FORM_data4
	.byte	64                              @ DW_AT_frame_base
	.byte	24                              @ DW_FORM_exprloc
	.byte	3                               @ DW_AT_name
	.byte	14                              @ DW_FORM_strp
	.byte	58                              @ DW_AT_decl_file
	.byte	11                              @ DW_FORM_data1
	.byte	59                              @ DW_AT_decl_line
	.byte	11                              @ DW_FORM_data1
	.byte	39                              @ DW_AT_prototyped
	.byte	25                              @ DW_FORM_flag_present
	.byte	0                               @ EOM(1)
	.byte	0                               @ EOM(2)
	.byte	18                              @ Abbreviation Code
	.byte	46                              @ DW_TAG_subprogram
	.byte	1                               @ DW_CHILDREN_yes
	.byte	17                              @ DW_AT_low_pc
	.byte	1                               @ DW_FORM_addr
	.byte	18                              @ DW_AT_high_pc
	.byte	6                               @ DW_FORM_data4
	.byte	64                              @ DW_AT_frame_base
	.byte	24                              @ DW_FORM_exprloc
	.byte	3                               @ DW_AT_name
	.byte	14                              @ DW_FORM_strp
	.byte	58                              @ DW_AT_decl_file
	.byte	11                              @ DW_FORM_data1
	.byte	59                              @ DW_AT_decl_line
	.byte	11                              @ DW_FORM_data1
	.byte	39                              @ DW_AT_prototyped
	.byte	25                              @ DW_FORM_flag_present
	.byte	73                              @ DW_AT_type
	.byte	19                              @ DW_FORM_ref4
	.byte	63                              @ DW_AT_external
	.byte	25                              @ DW_FORM_flag_present
	.byte	0                               @ EOM(1)
	.byte	0                               @ EOM(2)
	.byte	19                              @ Abbreviation Code
	.byte	19                              @ DW_TAG_structure_type
	.byte	1                               @ DW_CHILDREN_yes
	.byte	3                               @ DW_AT_name
	.byte	14                              @ DW_FORM_strp
	.byte	11                              @ DW_AT_byte_size
	.byte	11                              @ DW_FORM_data1
	.byte	58                              @ DW_AT_decl_file
	.byte	11                              @ DW_FORM_data1
	.byte	59                              @ DW_AT_decl_line
	.byte	11                              @ DW_FORM_data1
	.byte	0                               @ EOM(1)
	.byte	0                               @ EOM(2)
	.byte	20                              @ Abbreviation Code
	.byte	13                              @ DW_TAG_member
	.byte	0                               @ DW_CHILDREN_no
	.byte	3                               @ DW_AT_name
	.byte	14                              @ DW_FORM_strp
	.byte	73                              @ DW_AT_type
	.byte	19                              @ DW_FORM_ref4
	.byte	58                              @ DW_AT_decl_file
	.byte	11                              @ DW_FORM_data1
	.byte	59                              @ DW_AT_decl_line
	.byte	11                              @ DW_FORM_data1
	.byte	56                              @ DW_AT_data_member_location
	.byte	11                              @ DW_FORM_data1
	.byte	0                               @ EOM(1)
	.byte	0                               @ EOM(2)
	.byte	21                              @ Abbreviation Code
	.byte	21                              @ DW_TAG_subroutine_type
	.byte	1                               @ DW_CHILDREN_yes
	.byte	39                              @ DW_AT_prototyped
	.byte	25                              @ DW_FORM_flag_present
	.byte	0                               @ EOM(1)
	.byte	0                               @ EOM(2)
	.byte	22                              @ Abbreviation Code
	.byte	5                               @ DW_TAG_formal_parameter
	.byte	0                               @ DW_CHILDREN_no
	.byte	73                              @ DW_AT_type
	.byte	19                              @ DW_FORM_ref4
	.byte	0                               @ EOM(1)
	.byte	0                               @ EOM(2)
	.byte	23                              @ Abbreviation Code
	.byte	38                              @ DW_TAG_const_type
	.byte	0                               @ DW_CHILDREN_no
	.byte	73                              @ DW_AT_type
	.byte	19                              @ DW_FORM_ref4
	.byte	0                               @ EOM(1)
	.byte	0                               @ EOM(2)
	.byte	24                              @ Abbreviation Code
	.byte	22                              @ DW_TAG_typedef
	.byte	0                               @ DW_CHILDREN_no
	.byte	73                              @ DW_AT_type
	.byte	19                              @ DW_FORM_ref4
	.byte	3                               @ DW_AT_name
	.byte	14                              @ DW_FORM_strp
	.byte	58                              @ DW_AT_decl_file
	.byte	11                              @ DW_FORM_data1
	.byte	59                              @ DW_AT_decl_line
	.byte	5                               @ DW_FORM_data2
	.byte	0                               @ EOM(1)
	.byte	0                               @ EOM(2)
	.byte	25                              @ Abbreviation Code
	.byte	19                              @ DW_TAG_structure_type
	.byte	1                               @ DW_CHILDREN_yes
	.byte	3                               @ DW_AT_name
	.byte	14                              @ DW_FORM_strp
	.byte	11                              @ DW_AT_byte_size
	.byte	11                              @ DW_FORM_data1
	.byte	58                              @ DW_AT_decl_file
	.byte	11                              @ DW_FORM_data1
	.byte	59                              @ DW_AT_decl_line
	.byte	5                               @ DW_FORM_data2
	.byte	0                               @ EOM(1)
	.byte	0                               @ EOM(2)
	.byte	26                              @ Abbreviation Code
	.byte	13                              @ DW_TAG_member
	.byte	0                               @ DW_CHILDREN_no
	.byte	3                               @ DW_AT_name
	.byte	14                              @ DW_FORM_strp
	.byte	73                              @ DW_AT_type
	.byte	19                              @ DW_FORM_ref4
	.byte	58                              @ DW_AT_decl_file
	.byte	11                              @ DW_FORM_data1
	.byte	59                              @ DW_AT_decl_line
	.byte	5                               @ DW_FORM_data2
	.byte	56                              @ DW_AT_data_member_location
	.byte	11                              @ DW_FORM_data1
	.byte	0                               @ EOM(1)
	.byte	0                               @ EOM(2)
	.byte	0                               @ EOM(3)
	.section	.debug_info,"",%progbits
.Lcu_begin0:
	.long	.Ldebug_info_end0-.Ldebug_info_start0 @ Length of Unit
.Ldebug_info_start0:
	.short	4                               @ DWARF version number
	.long	.debug_abbrev                   @ Offset Into Abbrev. Section
	.byte	4                               @ Address Size (in bytes)
	.byte	1                               @ Abbrev [1] 0xb:0x50d DW_TAG_compile_unit
	.long	.Linfo_string0                  @ DW_AT_producer
	.short	12                              @ DW_AT_language
	.long	.Linfo_string1                  @ DW_AT_name
	.long	.Lline_table_start0             @ DW_AT_stmt_list
	.long	.Linfo_string2                  @ DW_AT_comp_dir
	.long	0                               @ DW_AT_low_pc
	.long	.Ldebug_ranges0                 @ DW_AT_ranges
	.byte	2                               @ Abbrev [2] 0x26:0x80 DW_TAG_subprogram
	.long	.Lfunc_begin0                   @ DW_AT_low_pc
	.long	.Lfunc_end0-.Lfunc_begin0       @ DW_AT_high_pc
	.byte	1                               @ DW_AT_frame_base
	.byte	93
	.long	.Linfo_string26                 @ DW_AT_name
	.byte	2                               @ DW_AT_decl_file
	.byte	91                              @ DW_AT_decl_line
                                        @ DW_AT_prototyped
                                        @ DW_AT_external
	.byte	3                               @ Abbrev [3] 0x37:0x12 DW_TAG_variable
	.long	.Linfo_string3                  @ DW_AT_name
	.long	166                             @ DW_AT_type
	.byte	2                               @ DW_AT_decl_file
	.byte	93                              @ DW_AT_decl_line
	.byte	32                              @ DW_AT_alignment
	.byte	5                               @ DW_AT_location
	.byte	3
	.long	vStartPolledQueueTasks.xPolledQueue
	.byte	3                               @ Abbrev [3] 0x49:0x13 DW_TAG_variable
	.long	.Linfo_string7                  @ DW_AT_name
	.long	206                             @ DW_AT_type
	.byte	2                               @ DW_AT_decl_file
	.byte	110                             @ DW_AT_decl_line
	.ascii	"\200\004"                      @ DW_AT_alignment
	.byte	5                               @ DW_AT_location
	.byte	3
	.long	vStartPolledQueueTasks.xPolledQueueConsumerStack
	.byte	3                               @ Abbrev [3] 0x5c:0x13 DW_TAG_variable
	.long	.Linfo_string11                 @ DW_AT_name
	.long	206                             @ DW_AT_type
	.byte	2                               @ DW_AT_decl_file
	.byte	111                             @ DW_AT_decl_line
	.ascii	"\200\004"                      @ DW_AT_alignment
	.byte	5                               @ DW_AT_location
	.byte	3
	.long	vStartPolledQueueTasks.xPolledQueueProducerStack
	.byte	4                               @ Abbrev [4] 0x6f:0xf DW_TAG_formal_parameter
	.byte	3                               @ DW_AT_location
	.byte	145
	.ascii	"\210\001"
	.long	.Linfo_string30                 @ DW_AT_name
	.byte	2                               @ DW_AT_decl_file
	.byte	91                              @ DW_AT_decl_line
	.long	363                             @ DW_AT_type
	.byte	5                               @ Abbrev [5] 0x7e:0x27 DW_TAG_lexical_block
	.long	.Ltmp3                          @ DW_AT_low_pc
	.long	.Ltmp4-.Ltmp3                   @ DW_AT_high_pc
	.byte	6                               @ Abbrev [6] 0x87:0xf DW_TAG_variable
	.byte	3                               @ DW_AT_location
	.byte	145
	.asciz	"\310"
	.long	.Linfo_string31                 @ DW_AT_name
	.byte	2                               @ DW_AT_decl_file
	.byte	112                             @ DW_AT_decl_line
	.long	644                             @ DW_AT_type
	.byte	6                               @ Abbrev [6] 0x96:0xe DW_TAG_variable
	.byte	2                               @ DW_AT_location
	.byte	145
	.byte	8
	.long	.Linfo_string73                 @ DW_AT_name
	.byte	2                               @ DW_AT_decl_file
	.byte	131                             @ DW_AT_decl_line
	.long	644                             @ DW_AT_type
	.byte	0                               @ End Of Children Mark
	.byte	0                               @ End Of Children Mark
	.byte	7                               @ Abbrev [7] 0xa6:0xc DW_TAG_array_type
	.long	178                             @ DW_AT_type
	.byte	8                               @ Abbrev [8] 0xab:0x6 DW_TAG_subrange_type
	.long	199                             @ DW_AT_type
	.byte	8                               @ DW_AT_count
	.byte	0                               @ End Of Children Mark
	.byte	9                               @ Abbrev [9] 0xb2:0xb DW_TAG_typedef
	.long	189                             @ DW_AT_type
	.long	.Linfo_string5                  @ DW_AT_name
	.byte	1                               @ DW_AT_decl_file
	.byte	51                              @ DW_AT_decl_line
	.byte	10                              @ Abbrev [10] 0xbd:0x5 DW_TAG_pointer_type
	.long	194                             @ DW_AT_type
	.byte	11                              @ Abbrev [11] 0xc2:0x5 DW_TAG_structure_type
	.long	.Linfo_string4                  @ DW_AT_name
                                        @ DW_AT_declaration
	.byte	12                              @ Abbrev [12] 0xc7:0x7 DW_TAG_base_type
	.long	.Linfo_string6                  @ DW_AT_name
	.byte	8                               @ DW_AT_byte_size
	.byte	7                               @ DW_AT_encoding
	.byte	7                               @ Abbrev [7] 0xce:0xc DW_TAG_array_type
	.long	218                             @ DW_AT_type
	.byte	8                               @ Abbrev [8] 0xd3:0x6 DW_TAG_subrange_type
	.long	199                             @ DW_AT_type
	.byte	128                             @ DW_AT_count
	.byte	0                               @ End Of Children Mark
	.byte	9                               @ Abbrev [9] 0xda:0xb DW_TAG_typedef
	.long	229                             @ DW_AT_type
	.long	.Linfo_string10                 @ DW_AT_name
	.byte	4                               @ DW_AT_decl_file
	.byte	73                              @ DW_AT_decl_line
	.byte	9                               @ Abbrev [9] 0xe5:0xb DW_TAG_typedef
	.long	240                             @ DW_AT_type
	.long	.Linfo_string9                  @ DW_AT_name
	.byte	3                               @ DW_AT_decl_file
	.byte	64                              @ DW_AT_decl_line
	.byte	13                              @ Abbrev [13] 0xf0:0x7 DW_TAG_base_type
	.long	.Linfo_string8                  @ DW_AT_name
	.byte	7                               @ DW_AT_encoding
	.byte	4                               @ DW_AT_byte_size
	.byte	14                              @ Abbrev [14] 0xf7:0xd DW_TAG_variable
	.long	260                             @ DW_AT_type
	.byte	2                               @ DW_AT_decl_file
	.byte	115                             @ DW_AT_decl_line
	.byte	5                               @ DW_AT_location
	.byte	3
	.long	.L.str
	.byte	7                               @ Abbrev [7] 0x104:0xc DW_TAG_array_type
	.long	272                             @ DW_AT_type
	.byte	8                               @ Abbrev [8] 0x109:0x6 DW_TAG_subrange_type
	.long	199                             @ DW_AT_type
	.byte	8                               @ DW_AT_count
	.byte	0                               @ End Of Children Mark
	.byte	13                              @ Abbrev [13] 0x110:0x7 DW_TAG_base_type
	.long	.Linfo_string12                 @ DW_AT_name
	.byte	8                               @ DW_AT_encoding
	.byte	1                               @ DW_AT_byte_size
	.byte	14                              @ Abbrev [14] 0x117:0xd DW_TAG_variable
	.long	260                             @ DW_AT_type
	.byte	2                               @ DW_AT_decl_file
	.byte	134                             @ DW_AT_decl_line
	.byte	5                               @ DW_AT_location
	.byte	3
	.long	.L.str.1
	.byte	3                               @ Abbrev [3] 0x124:0x12 DW_TAG_variable
	.long	.Linfo_string13                 @ DW_AT_name
	.long	310                             @ DW_AT_type
	.byte	2                               @ DW_AT_decl_file
	.byte	86                              @ DW_AT_decl_line
	.byte	32                              @ DW_AT_alignment
	.byte	5                               @ DW_AT_location
	.byte	3
	.long	xPollingConsumerCount
	.byte	7                               @ Abbrev [7] 0x136:0xc DW_TAG_array_type
	.long	322                             @ DW_AT_type
	.byte	8                               @ Abbrev [8] 0x13b:0x6 DW_TAG_subrange_type
	.long	199                             @ DW_AT_type
	.byte	8                               @ DW_AT_count
	.byte	0                               @ End Of Children Mark
	.byte	15                              @ Abbrev [15] 0x142:0x5 DW_TAG_volatile_type
	.long	327                             @ DW_AT_type
	.byte	9                               @ Abbrev [9] 0x147:0xb DW_TAG_typedef
	.long	338                             @ DW_AT_type
	.long	.Linfo_string15                 @ DW_AT_name
	.byte	4                               @ DW_AT_decl_file
	.byte	74                              @ DW_AT_decl_line
	.byte	13                              @ Abbrev [13] 0x152:0x7 DW_TAG_base_type
	.long	.Linfo_string14                 @ DW_AT_name
	.byte	5                               @ DW_AT_encoding
	.byte	4                               @ DW_AT_byte_size
	.byte	3                               @ Abbrev [3] 0x159:0x12 DW_TAG_variable
	.long	.Linfo_string16                 @ DW_AT_name
	.long	310                             @ DW_AT_type
	.byte	2                               @ DW_AT_decl_file
	.byte	87                              @ DW_AT_decl_line
	.byte	32                              @ DW_AT_alignment
	.byte	5                               @ DW_AT_location
	.byte	3
	.long	xPollingProducerCount
	.byte	9                               @ Abbrev [9] 0x16b:0xb DW_TAG_typedef
	.long	374                             @ DW_AT_type
	.long	.Linfo_string18                 @ DW_AT_name
	.byte	4                               @ DW_AT_decl_file
	.byte	75                              @ DW_AT_decl_line
	.byte	13                              @ Abbrev [13] 0x176:0x7 DW_TAG_base_type
	.long	.Linfo_string17                 @ DW_AT_name
	.byte	7                               @ DW_AT_encoding
	.byte	4                               @ DW_AT_byte_size
	.byte	9                               @ Abbrev [9] 0x17d:0xb DW_TAG_typedef
	.long	392                             @ DW_AT_type
	.long	.Linfo_string20                 @ DW_AT_name
	.byte	3                               @ DW_AT_decl_file
	.byte	62                              @ DW_AT_decl_line
	.byte	13                              @ Abbrev [13] 0x188:0x7 DW_TAG_base_type
	.long	.Linfo_string19                 @ DW_AT_name
	.byte	8                               @ DW_AT_encoding
	.byte	1                               @ DW_AT_byte_size
	.byte	9                               @ Abbrev [9] 0x18f:0xb DW_TAG_typedef
	.long	410                             @ DW_AT_type
	.long	.Linfo_string22                 @ DW_AT_name
	.byte	3                               @ DW_AT_decl_file
	.byte	63                              @ DW_AT_decl_line
	.byte	13                              @ Abbrev [13] 0x19a:0x7 DW_TAG_base_type
	.long	.Linfo_string21                 @ DW_AT_name
	.byte	7                               @ DW_AT_encoding
	.byte	2                               @ DW_AT_byte_size
	.byte	16                              @ Abbrev [16] 0x1a1:0x1 DW_TAG_pointer_type
	.byte	10                              @ Abbrev [10] 0x1a2:0x5 DW_TAG_pointer_type
	.long	423                             @ DW_AT_type
	.byte	9                               @ Abbrev [9] 0x1a7:0xb DW_TAG_typedef
	.long	434                             @ DW_AT_type
	.long	.Linfo_string24                 @ DW_AT_name
	.byte	5                               @ DW_AT_decl_file
	.byte	92                              @ DW_AT_decl_line
	.byte	10                              @ Abbrev [10] 0x1b2:0x5 DW_TAG_pointer_type
	.long	439                             @ DW_AT_type
	.byte	11                              @ Abbrev [11] 0x1b7:0x5 DW_TAG_structure_type
	.long	.Linfo_string23                 @ DW_AT_name
                                        @ DW_AT_declaration
	.byte	10                              @ Abbrev [10] 0x1bc:0x5 DW_TAG_pointer_type
	.long	178                             @ DW_AT_type
	.byte	9                               @ Abbrev [9] 0x1c1:0xb DW_TAG_typedef
	.long	229                             @ DW_AT_type
	.long	.Linfo_string25                 @ DW_AT_name
	.byte	4                               @ DW_AT_decl_file
	.byte	81                              @ DW_AT_decl_line
	.byte	17                              @ Abbrev [17] 0x1cc:0x4a DW_TAG_subprogram
	.long	.Lfunc_begin1                   @ DW_AT_low_pc
	.long	.Lfunc_end1-.Lfunc_begin1       @ DW_AT_high_pc
	.byte	1                               @ DW_AT_frame_base
	.byte	93
	.long	.Linfo_string27                 @ DW_AT_name
	.byte	2                               @ DW_AT_decl_file
	.byte	195                             @ DW_AT_decl_line
                                        @ DW_AT_prototyped
	.byte	4                               @ Abbrev [4] 0x1dd:0xe DW_TAG_formal_parameter
	.byte	2                               @ DW_AT_location
	.byte	145
	.byte	12
	.long	.Linfo_string36                 @ DW_AT_name
	.byte	2                               @ DW_AT_decl_file
	.byte	195                             @ DW_AT_decl_line
	.long	417                             @ DW_AT_type
	.byte	6                               @ Abbrev [6] 0x1eb:0xe DW_TAG_variable
	.byte	2                               @ DW_AT_location
	.byte	145
	.byte	8
	.long	.Linfo_string74                 @ DW_AT_name
	.byte	2                               @ DW_AT_decl_file
	.byte	197                             @ DW_AT_decl_line
	.long	399                             @ DW_AT_type
	.byte	6                               @ Abbrev [6] 0x1f9:0xe DW_TAG_variable
	.byte	2                               @ DW_AT_location
	.byte	145
	.byte	4
	.long	.Linfo_string75                 @ DW_AT_name
	.byte	2                               @ DW_AT_decl_file
	.byte	197                             @ DW_AT_decl_line
	.long	399                             @ DW_AT_type
	.byte	6                               @ Abbrev [6] 0x207:0xe DW_TAG_variable
	.byte	2                               @ DW_AT_location
	.byte	145
	.byte	0
	.long	.Linfo_string76                 @ DW_AT_name
	.byte	2                               @ DW_AT_decl_file
	.byte	198                             @ DW_AT_decl_line
	.long	327                             @ DW_AT_type
	.byte	0                               @ End Of Children Mark
	.byte	17                              @ Abbrev [17] 0x216:0x4a DW_TAG_subprogram
	.long	.Lfunc_begin2                   @ DW_AT_low_pc
	.long	.Lfunc_end2-.Lfunc_begin2       @ DW_AT_high_pc
	.byte	1                               @ DW_AT_frame_base
	.byte	93
	.long	.Linfo_string28                 @ DW_AT_name
	.byte	2                               @ DW_AT_decl_file
	.byte	156                             @ DW_AT_decl_line
                                        @ DW_AT_prototyped
	.byte	4                               @ Abbrev [4] 0x227:0xe DW_TAG_formal_parameter
	.byte	2                               @ DW_AT_location
	.byte	145
	.byte	12
	.long	.Linfo_string36                 @ DW_AT_name
	.byte	2                               @ DW_AT_decl_file
	.byte	156                             @ DW_AT_decl_line
	.long	417                             @ DW_AT_type
	.byte	6                               @ Abbrev [6] 0x235:0xe DW_TAG_variable
	.byte	2                               @ DW_AT_location
	.byte	145
	.byte	8
	.long	.Linfo_string77                 @ DW_AT_name
	.byte	2                               @ DW_AT_decl_file
	.byte	158                             @ DW_AT_decl_line
	.long	399                             @ DW_AT_type
	.byte	6                               @ Abbrev [6] 0x243:0xe DW_TAG_variable
	.byte	2                               @ DW_AT_location
	.byte	145
	.byte	4
	.long	.Linfo_string76                 @ DW_AT_name
	.byte	2                               @ DW_AT_decl_file
	.byte	159                             @ DW_AT_decl_line
	.long	327                             @ DW_AT_type
	.byte	6                               @ Abbrev [6] 0x251:0xe DW_TAG_variable
	.byte	2                               @ DW_AT_location
	.byte	145
	.byte	0
	.long	.Linfo_string78                 @ DW_AT_name
	.byte	2                               @ DW_AT_decl_file
	.byte	159                             @ DW_AT_decl_line
	.long	327                             @ DW_AT_type
	.byte	0                               @ End Of Children Mark
	.byte	18                              @ Abbrev [18] 0x260:0x24 DW_TAG_subprogram
	.long	.Lfunc_begin3                   @ DW_AT_low_pc
	.long	.Lfunc_end3-.Lfunc_begin3       @ DW_AT_high_pc
	.byte	1                               @ DW_AT_frame_base
	.byte	93
	.long	.Linfo_string29                 @ DW_AT_name
	.byte	2                               @ DW_AT_decl_file
	.byte	242                             @ DW_AT_decl_line
                                        @ DW_AT_prototyped
	.long	327                             @ DW_AT_type
                                        @ DW_AT_external
	.byte	6                               @ Abbrev [6] 0x275:0xe DW_TAG_variable
	.byte	2                               @ DW_AT_location
	.byte	145
	.byte	0
	.long	.Linfo_string79                 @ DW_AT_name
	.byte	2                               @ DW_AT_decl_file
	.byte	244                             @ DW_AT_decl_line
	.long	327                             @ DW_AT_type
	.byte	0                               @ End Of Children Mark
	.byte	9                               @ Abbrev [9] 0x284:0xb DW_TAG_typedef
	.long	655                             @ DW_AT_type
	.long	.Linfo_string72                 @ DW_AT_name
	.byte	5                               @ DW_AT_decl_file
	.byte	155                             @ DW_AT_decl_line
	.byte	19                              @ Abbrev [19] 0x28f:0x69 DW_TAG_structure_type
	.long	.Linfo_string71                 @ DW_AT_name
	.byte	64                              @ DW_AT_byte_size
	.byte	5                               @ DW_AT_decl_file
	.byte	143                             @ DW_AT_decl_line
	.byte	20                              @ Abbrev [20] 0x297:0xc DW_TAG_member
	.long	.Linfo_string32                 @ DW_AT_name
	.long	760                             @ DW_AT_type
	.byte	5                               @ DW_AT_decl_file
	.byte	145                             @ DW_AT_decl_line
	.byte	0                               @ DW_AT_data_member_location
	.byte	20                              @ Abbrev [20] 0x2a3:0xc DW_TAG_member
	.long	.Linfo_string34                 @ DW_AT_name
	.long	783                             @ DW_AT_type
	.byte	5                               @ DW_AT_decl_file
	.byte	146                             @ DW_AT_decl_line
	.byte	4                               @ DW_AT_data_member_location
	.byte	20                              @ Abbrev [20] 0x2af:0xc DW_TAG_member
	.long	.Linfo_string35                 @ DW_AT_name
	.long	399                             @ DW_AT_type
	.byte	5                               @ DW_AT_decl_file
	.byte	147                             @ DW_AT_decl_line
	.byte	8                               @ DW_AT_data_member_location
	.byte	20                              @ Abbrev [20] 0x2bb:0xc DW_TAG_member
	.long	.Linfo_string36                 @ DW_AT_name
	.long	417                             @ DW_AT_type
	.byte	5                               @ DW_AT_decl_file
	.byte	148                             @ DW_AT_decl_line
	.byte	12                              @ DW_AT_data_member_location
	.byte	20                              @ Abbrev [20] 0x2c7:0xc DW_TAG_member
	.long	.Linfo_string30                 @ DW_AT_name
	.long	363                             @ DW_AT_type
	.byte	5                               @ DW_AT_decl_file
	.byte	149                             @ DW_AT_decl_line
	.byte	16                              @ DW_AT_data_member_location
	.byte	20                              @ Abbrev [20] 0x2d3:0xc DW_TAG_member
	.long	.Linfo_string37                 @ DW_AT_name
	.long	793                             @ DW_AT_type
	.byte	5                               @ DW_AT_decl_file
	.byte	150                             @ DW_AT_decl_line
	.byte	20                              @ DW_AT_data_member_location
	.byte	20                              @ Abbrev [20] 0x2df:0xc DW_TAG_member
	.long	.Linfo_string38                 @ DW_AT_name
	.long	798                             @ DW_AT_type
	.byte	5                               @ DW_AT_decl_file
	.byte	151                             @ DW_AT_decl_line
	.byte	24                              @ DW_AT_data_member_location
	.byte	20                              @ Abbrev [20] 0x2eb:0xc DW_TAG_member
	.long	.Linfo_string44                 @ DW_AT_name
	.long	866                             @ DW_AT_type
	.byte	5                               @ DW_AT_decl_file
	.byte	153                             @ DW_AT_decl_line
	.byte	60                              @ DW_AT_data_member_location
	.byte	0                               @ End Of Children Mark
	.byte	9                               @ Abbrev [9] 0x2f8:0xb DW_TAG_typedef
	.long	771                             @ DW_AT_type
	.long	.Linfo_string33                 @ DW_AT_name
	.byte	6                               @ DW_AT_decl_file
	.byte	36                              @ DW_AT_decl_line
	.byte	10                              @ Abbrev [10] 0x303:0x5 DW_TAG_pointer_type
	.long	776                             @ DW_AT_type
	.byte	21                              @ Abbrev [21] 0x308:0x7 DW_TAG_subroutine_type
                                        @ DW_AT_prototyped
	.byte	22                              @ Abbrev [22] 0x309:0x5 DW_TAG_formal_parameter
	.long	417                             @ DW_AT_type
	.byte	0                               @ End Of Children Mark
	.byte	10                              @ Abbrev [10] 0x30f:0x5 DW_TAG_pointer_type
	.long	788                             @ DW_AT_type
	.byte	23                              @ Abbrev [23] 0x314:0x5 DW_TAG_const_type
	.long	272                             @ DW_AT_type
	.byte	10                              @ Abbrev [10] 0x319:0x5 DW_TAG_pointer_type
	.long	218                             @ DW_AT_type
	.byte	7                               @ Abbrev [7] 0x31e:0xc DW_TAG_array_type
	.long	810                             @ DW_AT_type
	.byte	8                               @ Abbrev [8] 0x323:0x6 DW_TAG_subrange_type
	.long	199                             @ DW_AT_type
	.byte	3                               @ DW_AT_count
	.byte	0                               @ End Of Children Mark
	.byte	9                               @ Abbrev [9] 0x32a:0xb DW_TAG_typedef
	.long	821                             @ DW_AT_type
	.long	.Linfo_string43                 @ DW_AT_name
	.byte	5                               @ DW_AT_decl_file
	.byte	138                             @ DW_AT_decl_line
	.byte	19                              @ Abbrev [19] 0x335:0x2d DW_TAG_structure_type
	.long	.Linfo_string42                 @ DW_AT_name
	.byte	12                              @ DW_AT_byte_size
	.byte	5                               @ DW_AT_decl_file
	.byte	133                             @ DW_AT_decl_line
	.byte	20                              @ Abbrev [20] 0x33d:0xc DW_TAG_member
	.long	.Linfo_string39                 @ DW_AT_name
	.long	417                             @ DW_AT_type
	.byte	5                               @ DW_AT_decl_file
	.byte	135                             @ DW_AT_decl_line
	.byte	0                               @ DW_AT_data_member_location
	.byte	20                              @ Abbrev [20] 0x349:0xc DW_TAG_member
	.long	.Linfo_string40                 @ DW_AT_name
	.long	229                             @ DW_AT_type
	.byte	5                               @ DW_AT_decl_file
	.byte	136                             @ DW_AT_decl_line
	.byte	4                               @ DW_AT_data_member_location
	.byte	20                              @ Abbrev [20] 0x355:0xc DW_TAG_member
	.long	.Linfo_string41                 @ DW_AT_name
	.long	229                             @ DW_AT_type
	.byte	5                               @ DW_AT_decl_file
	.byte	137                             @ DW_AT_decl_line
	.byte	8                               @ DW_AT_data_member_location
	.byte	0                               @ End Of Children Mark
	.byte	23                              @ Abbrev [23] 0x362:0x5 DW_TAG_const_type
	.long	871                             @ DW_AT_type
	.byte	10                              @ Abbrev [10] 0x367:0x5 DW_TAG_pointer_type
	.long	876                             @ DW_AT_type
	.byte	24                              @ Abbrev [24] 0x36c:0xc DW_TAG_typedef
	.long	888                             @ DW_AT_type
	.long	.Linfo_string70                 @ DW_AT_name
	.byte	7                               @ DW_AT_decl_file
	.short	1316                            @ DW_AT_decl_line
	.byte	25                              @ Abbrev [25] 0x378:0xa6 DW_TAG_structure_type
	.long	.Linfo_string69                 @ DW_AT_name
	.byte	220                             @ DW_AT_byte_size
	.byte	7                               @ DW_AT_decl_file
	.short	1268                            @ DW_AT_decl_line
	.byte	26                              @ Abbrev [26] 0x381:0xd DW_TAG_member
	.long	.Linfo_string45                 @ DW_AT_name
	.long	417                             @ DW_AT_type
	.byte	7                               @ DW_AT_decl_file
	.short	1270                            @ DW_AT_decl_line
	.byte	0                               @ DW_AT_data_member_location
	.byte	26                              @ Abbrev [26] 0x38e:0xd DW_TAG_member
	.long	.Linfo_string46                 @ DW_AT_name
	.long	1054                            @ DW_AT_type
	.byte	7                               @ DW_AT_decl_file
	.short	1272                            @ DW_AT_decl_line
	.byte	4                               @ DW_AT_data_member_location
	.byte	26                              @ Abbrev [26] 0x39b:0xd DW_TAG_member
	.long	.Linfo_string56                 @ DW_AT_name
	.long	1183                            @ DW_AT_type
	.byte	7                               @ DW_AT_decl_file
	.short	1274                            @ DW_AT_decl_line
	.byte	124                             @ DW_AT_data_member_location
	.byte	26                              @ Abbrev [26] 0x3a8:0xd DW_TAG_member
	.long	.Linfo_string60                 @ DW_AT_name
	.long	363                             @ DW_AT_type
	.byte	7                               @ DW_AT_decl_file
	.short	1275                            @ DW_AT_decl_line
	.byte	164                             @ DW_AT_data_member_location
	.byte	26                              @ Abbrev [26] 0x3b5:0xd DW_TAG_member
	.long	.Linfo_string61                 @ DW_AT_name
	.long	417                             @ DW_AT_type
	.byte	7                               @ DW_AT_decl_file
	.short	1276                            @ DW_AT_decl_line
	.byte	168                             @ DW_AT_data_member_location
	.byte	26                              @ Abbrev [26] 0x3c2:0xd DW_TAG_member
	.long	.Linfo_string62                 @ DW_AT_name
	.long	1255                            @ DW_AT_type
	.byte	7                               @ DW_AT_decl_file
	.short	1277                            @ DW_AT_decl_line
	.byte	172                             @ DW_AT_data_member_location
	.byte	26                              @ Abbrev [26] 0x3cf:0xd DW_TAG_member
	.long	.Linfo_string63                 @ DW_AT_name
	.long	1267                            @ DW_AT_type
	.byte	7                               @ DW_AT_decl_file
	.short	1285                            @ DW_AT_decl_line
	.byte	184                             @ DW_AT_data_member_location
	.byte	26                              @ Abbrev [26] 0x3dc:0xd DW_TAG_member
	.long	.Linfo_string64                 @ DW_AT_name
	.long	1267                            @ DW_AT_type
	.byte	7                               @ DW_AT_decl_file
	.short	1288                            @ DW_AT_decl_line
	.byte	192                             @ DW_AT_data_member_location
	.byte	26                              @ Abbrev [26] 0x3e9:0xd DW_TAG_member
	.long	.Linfo_string65                 @ DW_AT_name
	.long	1279                            @ DW_AT_type
	.byte	7                               @ DW_AT_decl_file
	.short	1303                            @ DW_AT_decl_line
	.byte	200                             @ DW_AT_data_member_location
	.byte	26                              @ Abbrev [26] 0x3f6:0xd DW_TAG_member
	.long	.Linfo_string66                 @ DW_AT_name
	.long	1291                            @ DW_AT_type
	.byte	7                               @ DW_AT_decl_file
	.short	1304                            @ DW_AT_decl_line
	.byte	212                             @ DW_AT_data_member_location
	.byte	26                              @ Abbrev [26] 0x403:0xd DW_TAG_member
	.long	.Linfo_string67                 @ DW_AT_name
	.long	381                             @ DW_AT_type
	.byte	7                               @ DW_AT_decl_file
	.short	1307                            @ DW_AT_decl_line
	.byte	215                             @ DW_AT_data_member_location
	.byte	26                              @ Abbrev [26] 0x410:0xd DW_TAG_member
	.long	.Linfo_string68                 @ DW_AT_name
	.long	381                             @ DW_AT_type
	.byte	7                               @ DW_AT_decl_file
	.short	1311                            @ DW_AT_decl_line
	.byte	216                             @ DW_AT_data_member_location
	.byte	0                               @ End Of Children Mark
	.byte	24                              @ Abbrev [24] 0x41e:0xc DW_TAG_typedef
	.long	1066                            @ DW_AT_type
	.long	.Linfo_string55                 @ DW_AT_name
	.byte	4                               @ DW_AT_decl_file
	.short	269                             @ DW_AT_decl_line
	.byte	25                              @ Abbrev [25] 0x42a:0x31 DW_TAG_structure_type
	.long	.Linfo_string54                 @ DW_AT_name
	.byte	120                             @ DW_AT_byte_size
	.byte	4                               @ DW_AT_decl_file
	.short	264                             @ DW_AT_decl_line
	.byte	26                              @ Abbrev [26] 0x433:0xd DW_TAG_member
	.long	.Linfo_string47                 @ DW_AT_name
	.long	229                             @ DW_AT_type
	.byte	4                               @ DW_AT_decl_file
	.short	266                             @ DW_AT_decl_line
	.byte	0                               @ DW_AT_data_member_location
	.byte	26                              @ Abbrev [26] 0x440:0xd DW_TAG_member
	.long	.Linfo_string48                 @ DW_AT_name
	.long	1115                            @ DW_AT_type
	.byte	4                               @ DW_AT_decl_file
	.short	267                             @ DW_AT_decl_line
	.byte	4                               @ DW_AT_data_member_location
	.byte	26                              @ Abbrev [26] 0x44d:0xd DW_TAG_member
	.long	.Linfo_string53                 @ DW_AT_name
	.long	1171                            @ DW_AT_type
	.byte	4                               @ DW_AT_decl_file
	.short	268                             @ DW_AT_decl_line
	.byte	36                              @ DW_AT_data_member_location
	.byte	0                               @ End Of Children Mark
	.byte	7                               @ Abbrev [7] 0x45b:0xc DW_TAG_array_type
	.long	1127                            @ DW_AT_type
	.byte	8                               @ Abbrev [8] 0x460:0x6 DW_TAG_subrange_type
	.long	199                             @ DW_AT_type
	.byte	4                               @ DW_AT_count
	.byte	0                               @ End Of Children Mark
	.byte	9                               @ Abbrev [9] 0x467:0xb DW_TAG_typedef
	.long	1138                            @ DW_AT_type
	.long	.Linfo_string52                 @ DW_AT_name
	.byte	4                               @ DW_AT_decl_file
	.byte	196                             @ DW_AT_decl_line
	.byte	19                              @ Abbrev [19] 0x472:0x21 DW_TAG_structure_type
	.long	.Linfo_string51                 @ DW_AT_name
	.byte	8                               @ DW_AT_byte_size
	.byte	4                               @ DW_AT_decl_file
	.byte	192                             @ DW_AT_decl_line
	.byte	20                              @ Abbrev [20] 0x47a:0xc DW_TAG_member
	.long	.Linfo_string49                 @ DW_AT_name
	.long	229                             @ DW_AT_type
	.byte	4                               @ DW_AT_decl_file
	.byte	194                             @ DW_AT_decl_line
	.byte	0                               @ DW_AT_data_member_location
	.byte	20                              @ Abbrev [20] 0x486:0xc DW_TAG_member
	.long	.Linfo_string50                 @ DW_AT_name
	.long	229                             @ DW_AT_type
	.byte	4                               @ DW_AT_decl_file
	.byte	195                             @ DW_AT_decl_line
	.byte	4                               @ DW_AT_data_member_location
	.byte	0                               @ End Of Children Mark
	.byte	7                               @ Abbrev [7] 0x493:0xc DW_TAG_array_type
	.long	229                             @ DW_AT_type
	.byte	8                               @ Abbrev [8] 0x498:0x6 DW_TAG_subrange_type
	.long	199                             @ DW_AT_type
	.byte	21                              @ DW_AT_count
	.byte	0                               @ End Of Children Mark
	.byte	7                               @ Abbrev [7] 0x49f:0xc DW_TAG_array_type
	.long	1195                            @ DW_AT_type
	.byte	8                               @ Abbrev [8] 0x4a4:0x6 DW_TAG_subrange_type
	.long	199                             @ DW_AT_type
	.byte	2                               @ DW_AT_count
	.byte	0                               @ End Of Children Mark
	.byte	24                              @ Abbrev [24] 0x4ab:0xc DW_TAG_typedef
	.long	1207                            @ DW_AT_type
	.long	.Linfo_string59                 @ DW_AT_name
	.byte	7                               @ DW_AT_decl_file
	.short	1224                            @ DW_AT_decl_line
	.byte	25                              @ Abbrev [25] 0x4b7:0x24 DW_TAG_structure_type
	.long	.Linfo_string58                 @ DW_AT_name
	.byte	20                              @ DW_AT_byte_size
	.byte	7                               @ DW_AT_decl_file
	.short	1213                            @ DW_AT_decl_line
	.byte	26                              @ Abbrev [26] 0x4c0:0xd DW_TAG_member
	.long	.Linfo_string46                 @ DW_AT_name
	.long	449                             @ DW_AT_type
	.byte	7                               @ DW_AT_decl_file
	.short	1218                            @ DW_AT_decl_line
	.byte	0                               @ DW_AT_data_member_location
	.byte	26                              @ Abbrev [26] 0x4cd:0xd DW_TAG_member
	.long	.Linfo_string57                 @ DW_AT_name
	.long	1243                            @ DW_AT_type
	.byte	7                               @ DW_AT_decl_file
	.short	1219                            @ DW_AT_decl_line
	.byte	4                               @ DW_AT_data_member_location
	.byte	0                               @ End Of Children Mark
	.byte	7                               @ Abbrev [7] 0x4db:0xc DW_TAG_array_type
	.long	417                             @ DW_AT_type
	.byte	8                               @ Abbrev [8] 0x4e0:0x6 DW_TAG_subrange_type
	.long	199                             @ DW_AT_type
	.byte	4                               @ DW_AT_count
	.byte	0                               @ End Of Children Mark
	.byte	7                               @ Abbrev [7] 0x4e7:0xc DW_TAG_array_type
	.long	381                             @ DW_AT_type
	.byte	8                               @ Abbrev [8] 0x4ec:0x6 DW_TAG_subrange_type
	.long	199                             @ DW_AT_type
	.byte	12                              @ DW_AT_count
	.byte	0                               @ End Of Children Mark
	.byte	7                               @ Abbrev [7] 0x4f3:0xc DW_TAG_array_type
	.long	363                             @ DW_AT_type
	.byte	8                               @ Abbrev [8] 0x4f8:0x6 DW_TAG_subrange_type
	.long	199                             @ DW_AT_type
	.byte	2                               @ DW_AT_count
	.byte	0                               @ End Of Children Mark
	.byte	7                               @ Abbrev [7] 0x4ff:0xc DW_TAG_array_type
	.long	229                             @ DW_AT_type
	.byte	8                               @ Abbrev [8] 0x504:0x6 DW_TAG_subrange_type
	.long	199                             @ DW_AT_type
	.byte	3                               @ DW_AT_count
	.byte	0                               @ End Of Children Mark
	.byte	7                               @ Abbrev [7] 0x50b:0xc DW_TAG_array_type
	.long	381                             @ DW_AT_type
	.byte	8                               @ Abbrev [8] 0x510:0x6 DW_TAG_subrange_type
	.long	199                             @ DW_AT_type
	.byte	3                               @ DW_AT_count
	.byte	0                               @ End Of Children Mark
	.byte	0                               @ End Of Children Mark
.Ldebug_info_end0:
	.section	.debug_ranges,"",%progbits
.Ldebug_ranges0:
	.long	.Lfunc_begin0
	.long	.Lfunc_end0
	.long	.Lfunc_begin1
	.long	.Lfunc_end1
	.long	.Lfunc_begin2
	.long	.Lfunc_end2
	.long	.Lfunc_begin3
	.long	.Lfunc_end3
	.long	0
	.long	0
	.section	.debug_str,"MS",%progbits,1
.Linfo_string0:
	.asciz	"Component: Arm Compiler for Embedded 6.19 Tool: armclang [5e73cb00]" @ string offset=0
.Linfo_string1:
	.asciz	"../../../CORTEX_MPU_M3_NUCLEO_L152RE_GCC/Demo\\PollQ.c" @ string offset=68
.Linfo_string2:
	.asciz	"C:\\Users\\karahulx\\Downloads\\Kernel\\FreeRTOS\\FreeRTOS\\Demo\\CORTEX_MPU_M23_Nuvoton_NuMaker_PFM_M2351_IAR_GCC\\Projects_NTZ\\Keil" @ string offset=122
.Linfo_string3:
	.asciz	"xPolledQueue"                  @ string offset=247
.Linfo_string4:
	.asciz	"QueueDefinition"               @ string offset=260
.Linfo_string5:
	.asciz	"QueueHandle_t"                 @ string offset=276
.Linfo_string6:
	.asciz	"__ARRAY_SIZE_TYPE__"           @ string offset=290
.Linfo_string7:
	.asciz	"xPolledQueueConsumerStack"     @ string offset=310
.Linfo_string8:
	.asciz	"unsigned int"                  @ string offset=336
.Linfo_string9:
	.asciz	"uint32_t"                      @ string offset=349
.Linfo_string10:
	.asciz	"StackType_t"                   @ string offset=358
.Linfo_string11:
	.asciz	"xPolledQueueProducerStack"     @ string offset=370
.Linfo_string12:
	.asciz	"char"                          @ string offset=396
.Linfo_string13:
	.asciz	"xPollingConsumerCount"         @ string offset=401
.Linfo_string14:
	.asciz	"long"                          @ string offset=423
.Linfo_string15:
	.asciz	"BaseType_t"                    @ string offset=428
.Linfo_string16:
	.asciz	"xPollingProducerCount"         @ string offset=439
.Linfo_string17:
	.asciz	"unsigned long"                 @ string offset=461
.Linfo_string18:
	.asciz	"UBaseType_t"                   @ string offset=475
.Linfo_string19:
	.asciz	"unsigned char"                 @ string offset=487
.Linfo_string20:
	.asciz	"uint8_t"                       @ string offset=501
.Linfo_string21:
	.asciz	"unsigned short"                @ string offset=509
.Linfo_string22:
	.asciz	"uint16_t"                      @ string offset=524
.Linfo_string23:
	.asciz	"tskTaskControlBlock"           @ string offset=533
.Linfo_string24:
	.asciz	"TaskHandle_t"                  @ string offset=553
.Linfo_string25:
	.asciz	"TickType_t"                    @ string offset=566
.Linfo_string26:
	.asciz	"vStartPolledQueueTasks"        @ string offset=577
.Linfo_string27:
	.asciz	"vPolledQueueConsumer"          @ string offset=600
.Linfo_string28:
	.asciz	"vPolledQueueProducer"          @ string offset=621
.Linfo_string29:
	.asciz	"xArePollingQueuesStillRunning" @ string offset=642
.Linfo_string30:
	.asciz	"uxPriority"                    @ string offset=672
.Linfo_string31:
	.asciz	"xvPolledQueueConsumer"         @ string offset=683
.Linfo_string32:
	.asciz	"pvTaskCode"                    @ string offset=705
.Linfo_string33:
	.asciz	"TaskFunction_t"                @ string offset=716
.Linfo_string34:
	.asciz	"pcName"                        @ string offset=731
.Linfo_string35:
	.asciz	"usStackDepth"                  @ string offset=738
.Linfo_string36:
	.asciz	"pvParameters"                  @ string offset=751
.Linfo_string37:
	.asciz	"puxStackBuffer"                @ string offset=764
.Linfo_string38:
	.asciz	"xRegions"                      @ string offset=779
.Linfo_string39:
	.asciz	"pvBaseAddress"                 @ string offset=788
.Linfo_string40:
	.asciz	"ulLengthInBytes"               @ string offset=802
.Linfo_string41:
	.asciz	"ulParameters"                  @ string offset=818
.Linfo_string42:
	.asciz	"xMEMORY_REGION"                @ string offset=831
.Linfo_string43:
	.asciz	"MemoryRegion_t"                @ string offset=846
.Linfo_string44:
	.asciz	"pxTaskBuffer"                  @ string offset=861
.Linfo_string45:
	.asciz	"pxDummy1"                      @ string offset=874
.Linfo_string46:
	.asciz	"xDummy2"                       @ string offset=883
.Linfo_string47:
	.asciz	"ulMAIR0"                       @ string offset=891
.Linfo_string48:
	.asciz	"xRegionsSettings"              @ string offset=899
.Linfo_string49:
	.asciz	"ulRBAR"                        @ string offset=916
.Linfo_string50:
	.asciz	"ulRLAR"                        @ string offset=923
.Linfo_string51:
	.asciz	"MPURegionSettings"             @ string offset=930
.Linfo_string52:
	.asciz	"MPURegionSettings_t"           @ string offset=948
.Linfo_string53:
	.asciz	"ulContext"                     @ string offset=968
.Linfo_string54:
	.asciz	"MPU_SETTINGS"                  @ string offset=978
.Linfo_string55:
	.asciz	"xMPU_SETTINGS"                 @ string offset=991
.Linfo_string56:
	.asciz	"xDummy3"                       @ string offset=1005
.Linfo_string57:
	.asciz	"pvDummy3"                      @ string offset=1013
.Linfo_string58:
	.asciz	"xSTATIC_LIST_ITEM"             @ string offset=1022
.Linfo_string59:
	.asciz	"StaticListItem_t"              @ string offset=1040
.Linfo_string60:
	.asciz	"uxDummy5"                      @ string offset=1057
.Linfo_string61:
	.asciz	"pxDummy6"                      @ string offset=1066
.Linfo_string62:
	.asciz	"ucDummy7"                      @ string offset=1075
.Linfo_string63:
	.asciz	"uxDummy10"                     @ string offset=1084
.Linfo_string64:
	.asciz	"uxDummy12"                     @ string offset=1094
.Linfo_string65:
	.asciz	"ulDummy18"                     @ string offset=1104
.Linfo_string66:
	.asciz	"ucDummy19"                     @ string offset=1114
.Linfo_string67:
	.asciz	"uxDummy20"                     @ string offset=1124
.Linfo_string68:
	.asciz	"ucDummy21"                     @ string offset=1134
.Linfo_string69:
	.asciz	"xSTATIC_TCB"                   @ string offset=1144
.Linfo_string70:
	.asciz	"StaticTask_t"                  @ string offset=1156
.Linfo_string71:
	.asciz	"xTASK_PARAMETERS"              @ string offset=1169
.Linfo_string72:
	.asciz	"TaskParameters_t"              @ string offset=1186
.Linfo_string73:
	.asciz	"xvPolledQueueProducer"         @ string offset=1203
.Linfo_string74:
	.asciz	"usData"                        @ string offset=1225
.Linfo_string75:
	.asciz	"usExpectedValue"               @ string offset=1232
.Linfo_string76:
	.asciz	"xError"                        @ string offset=1248
.Linfo_string77:
	.asciz	"usValue"                       @ string offset=1255
.Linfo_string78:
	.asciz	"xLoop"                         @ string offset=1263
.Linfo_string79:
	.asciz	"xReturn"                       @ string offset=1269
	.ident	"Component: Arm Compiler for Embedded 6.19 Tool: armclang [5e73cb00]"
	.section	".note.GNU-stack","",%progbits
	.eabi_attribute	30, 6	@ Tag_ABI_optimization_goals
	.ARM_attribute	16, 1	@ Tag_AV_eba
	.section	.debug_line,"",%progbits
.Lline_table_start0:
