	.text
	.syntax unified
	.eabi_attribute	67, "2.09"	@ Tag_conformance
	.eabi_attribute	6, 16	@ Tag_CPU_arch
	.eabi_attribute	7, 77	@ Tag_CPU_arch_profile
	.eabi_attribute	8, 0	@ Tag_ARM_ISA_use
	.eabi_attribute	9, 3	@ Tag_THUMB_ISA_use
	.eabi_attribute	34, 0	@ Tag_CPU_unaligned_access
	.eabi_attribute	17, 1	@ Tag_ABI_PCS_GOT_use
	.eabi_attribute	20, 2	@ Tag_ABI_FP_denormal
	.eabi_attribute	21, 0	@ Tag_ABI_FP_exceptions
	.eabi_attribute	23, 1	@ Tag_ABI_FP_number_model
	.eabi_attribute	24, 1	@ Tag_ABI_align_needed
	.eabi_attribute	25, 1	@ Tag_ABI_align_preserved
	.eabi_attribute	38, 1	@ Tag_ABI_FP_16bit_format
	.eabi_attribute	18, 4	@ Tag_ABI_PCS_wchar_t
	.eabi_attribute	26, 2	@ Tag_ABI_enum_size
	.eabi_attribute	14, 0	@ Tag_ABI_PCS_R9_use
	.file	"QueueOverwrite.c"
	.file	1 "C:\\Keil_v5\\ARM\\ARMCLANG\\Bin\\..\\include" "stdint.h"
	.file	2 "C:\\Users\\karahulx\\Downloads\\Kernel\\FreeRTOS\\FreeRTOS\\Demo\\CORTEX_MPU_M23_Nuvoton_NuMaker_PFM_M2351_IAR_GCC\\Projects_NTZ\\Keil" "../../../../Source/portable/GCC/ARM_CM23_NTZ/non_secure/portmacrocommon.h"
	.file	3 "C:\\Users\\karahulx\\Downloads\\Kernel\\FreeRTOS\\FreeRTOS\\Demo\\CORTEX_MPU_M23_Nuvoton_NuMaker_PFM_M2351_IAR_GCC\\Projects_NTZ\\Keil" "../../../CORTEX_MPU_M3_NUCLEO_L152RE_GCC/Demo/QueueOverwrite.c"
	.file	4 "C:\\Users\\karahulx\\Downloads\\Kernel\\FreeRTOS\\FreeRTOS\\Demo\\CORTEX_MPU_M23_Nuvoton_NuMaker_PFM_M2351_IAR_GCC\\Projects_NTZ\\Keil" "../../../../Source/include\\queue.h"
	.section	.text.vStartQueueOverwriteTask,"ax",%progbits
	.hidden	vStartQueueOverwriteTask        @ -- Begin function vStartQueueOverwriteTask
	.globl	vStartQueueOverwriteTask
	.p2align	1
	.type	vStartQueueOverwriteTask,%function
	.code	16                              @ @vStartQueueOverwriteTask
	.thumb_func
vStartQueueOverwriteTask:
.Lfunc_begin0:
	.loc	3 67 0                          @ ../../../CORTEX_MPU_M3_NUCLEO_L152RE_GCC/Demo/QueueOverwrite.c:67:0
	.fnstart
	.cfi_sections .debug_frame
	.cfi_startproc
@ %bb.0:
	.save	{r4, r5, r6, lr}
	push	{r4, r5, r6, lr}
	.cfi_def_cfa_offset 16
	.cfi_offset lr, -4
	.cfi_offset r6, -8
	.cfi_offset r5, -12
	.cfi_offset r4, -16
	.pad	#80
	sub	sp, #80
	.cfi_def_cfa_offset 96
	str	r0, [sp, #76]
	movs	r0, #1
.Ltmp0:
	.loc	3 68 23 prologue_end            @ ../../../CORTEX_MPU_M3_NUCLEO_L152RE_GCC/Demo/QueueOverwrite.c:68:23
	str	r0, [sp]                        @ 4-byte Spill
	str	r0, [sp, #72]
	movs	r1, #4
	movs	r2, #0
	.loc	3 72 17                         @ ../../../CORTEX_MPU_M3_NUCLEO_L152RE_GCC/Demo/QueueOverwrite.c:72:17
	str	r2, [sp, #4]                    @ 4-byte Spill
	bl	MPU_xQueueGenericCreate
	ldr	r3, [sp]                        @ 4-byte Reload
	ldr	r1, [sp, #4]                    @ 4-byte Reload
	.loc	3 72 15 is_stmt 0               @ ../../../CORTEX_MPU_M3_NUCLEO_L152RE_GCC/Demo/QueueOverwrite.c:72:15
	movw	r2, :lower16:xISRQueue
	movt	r2, :upper16:xISRQueue
	str	r0, [r2]
	.loc	3 78 13 is_stmt 1               @ ../../../CORTEX_MPU_M3_NUCLEO_L152RE_GCC/Demo/QueueOverwrite.c:78:13
	movw	r0, :lower16:prvQueueOverwriteTask
	movt	r0, :upper16:prvQueueOverwriteTask
	str	r0, [sp, #8]
	movw	r0, :lower16:.L.str
	movt	r0, :upper16:.L.str
	str	r0, [sp, #12]
	add	r0, sp, #8
	movs	r2, #128
	strh	r2, [r0, #8]
	str	r1, [sp, #20]
	.loc	3 83 36                         @ ../../../CORTEX_MPU_M3_NUCLEO_L152RE_GCC/Demo/QueueOverwrite.c:83:36
	ldr	r2, [sp, #76]
	lsls	r3, r3, #31
	.loc	3 83 47 is_stmt 0               @ ../../../CORTEX_MPU_M3_NUCLEO_L152RE_GCC/Demo/QueueOverwrite.c:83:47
	orrs	r2, r3
	.loc	3 78 13 is_stmt 1               @ ../../../CORTEX_MPU_M3_NUCLEO_L152RE_GCC/Demo/QueueOverwrite.c:78:13
	str	r2, [sp, #24]
	movw	r2, :lower16:vStartQueueOverwriteTask.xQueueOverwriteTaskStack
	movt	r2, :upper16:vStartQueueOverwriteTask.xQueueOverwriteTaskStack
	str	r2, [sp, #28]
	mov	r2, r0
	adds	r2, #24
	.loc	3 85 39                         @ ../../../CORTEX_MPU_M3_NUCLEO_L152RE_GCC/Demo/QueueOverwrite.c:85:39
	movw	r3, :lower16:.Lconstinit
	movt	r3, :upper16:.Lconstinit
	ldm	r3!, {r4, r5, r6}
	stm	r2!, {r4, r5, r6}
	ldm	r3!, {r4, r5, r6}
	stm	r2!, {r4, r5, r6}
	ldm	r3!, {r4, r5, r6}
	stm	r2!, {r4, r5, r6}
	.loc	3 78 13                         @ ../../../CORTEX_MPU_M3_NUCLEO_L152RE_GCC/Demo/QueueOverwrite.c:78:13
	str	r1, [sp, #68]
	.loc	3 94 5                          @ ../../../CORTEX_MPU_M3_NUCLEO_L152RE_GCC/Demo/QueueOverwrite.c:94:5
	bl	xTaskCreateRestricted
	.loc	3 95 1                          @ ../../../CORTEX_MPU_M3_NUCLEO_L152RE_GCC/Demo/QueueOverwrite.c:95:1
	add	sp, #80
	pop	{r4, r5, r6, pc}
.Ltmp1:
.Lfunc_end0:
	.size	vStartQueueOverwriteTask, .Lfunc_end0-vStartQueueOverwriteTask
	.cfi_endproc
	.cantunwind
	.fnend
                                        @ -- End function
	.section	.text.prvQueueOverwriteTask,"ax",%progbits
	.p2align	1                               @ -- Begin function prvQueueOverwriteTask
	.type	prvQueueOverwriteTask,%function
	.code	16                              @ @prvQueueOverwriteTask
	.thumb_func
prvQueueOverwriteTask:
.Lfunc_begin1:
	.loc	3 99 0                          @ ../../../CORTEX_MPU_M3_NUCLEO_L152RE_GCC/Demo/QueueOverwrite.c:99:0
	.fnstart
	.cfi_startproc
@ %bb.0:
	.save	{r7, lr}
	push	{r7, lr}
	.cfi_def_cfa_offset 8
	.cfi_offset lr, -4
	.cfi_offset r7, -8
	.pad	#40
	sub	sp, #40
	.cfi_def_cfa_offset 48
	str	r0, [sp, #36]
	movs	r0, #1
.Ltmp2:
	.loc	3 101 23 prologue_end           @ ../../../CORTEX_MPU_M3_NUCLEO_L152RE_GCC/Demo/QueueOverwrite.c:101:23
	str	r0, [sp, #28]
	.loc	3 102 23                        @ ../../../CORTEX_MPU_M3_NUCLEO_L152RE_GCC/Demo/QueueOverwrite.c:102:23
	str	r0, [sp, #20]
	movs	r1, #4
	movs	r2, #0
	.loc	3 109 18                        @ ../../../CORTEX_MPU_M3_NUCLEO_L152RE_GCC/Demo/QueueOverwrite.c:109:18
	bl	MPU_xQueueGenericCreate
	.loc	3 109 16 is_stmt 0              @ ../../../CORTEX_MPU_M3_NUCLEO_L152RE_GCC/Demo/QueueOverwrite.c:109:16
	str	r0, [sp, #32]
.Ltmp3:
	.loc	3 110 5 is_stmt 1               @ ../../../CORTEX_MPU_M3_NUCLEO_L152RE_GCC/Demo/QueueOverwrite.c:110:5
	ldr	r0, [sp, #32]
.Ltmp4:
	.loc	3 110 5 is_stmt 0               @ ../../../CORTEX_MPU_M3_NUCLEO_L152RE_GCC/Demo/QueueOverwrite.c:110:5
	cbnz	r0, .LBB1_3
	b	.LBB1_1
.LBB1_1:
.Ltmp5:
	.loc	3 110 5                         @ ../../../CORTEX_MPU_M3_NUCLEO_L152RE_GCC/Demo/QueueOverwrite.c:110:5
	@APP
	cpsid i
	@NO_APP
	b	.LBB1_2
.LBB1_2:                                @ =>This Inner Loop Header: Depth=1
.Ltmp6:
	.loc	3 110 5                         @ ../../../CORTEX_MPU_M3_NUCLEO_L152RE_GCC/Demo/QueueOverwrite.c:110:5
	b	.LBB1_2
.Ltmp7:
.LBB1_3:
	.loc	3 112 5 is_stmt 1               @ ../../../CORTEX_MPU_M3_NUCLEO_L152RE_GCC/Demo/QueueOverwrite.c:112:5
	b	.LBB1_4
.LBB1_4:                                @ =>This Loop Header: Depth=1
                                        @     Child Loop BB1_7 Depth 2
	.loc	3 0 5 is_stmt 0                 @ ../../../CORTEX_MPU_M3_NUCLEO_L152RE_GCC/Demo/QueueOverwrite.c:0:5
	movs	r0, #10
.Ltmp8:
	.loc	3 116 17 is_stmt 1              @ ../../../CORTEX_MPU_M3_NUCLEO_L152RE_GCC/Demo/QueueOverwrite.c:116:17
	str	r0, [sp, #24]
	.loc	3 117 9                         @ ../../../CORTEX_MPU_M3_NUCLEO_L152RE_GCC/Demo/QueueOverwrite.c:117:9
	ldr	r0, [sp, #32]
	add	r1, sp, #24
	str	r1, [sp, #8]                    @ 4-byte Spill
	movs	r2, #0
	str	r2, [sp, #12]                   @ 4-byte Spill
	movs	r3, #2
	bl	MPU_xQueueGenericSend
	ldr	r1, [sp, #8]                    @ 4-byte Reload
	ldr	r2, [sp, #12]                   @ 4-byte Reload
	.loc	3 119 17                        @ ../../../CORTEX_MPU_M3_NUCLEO_L152RE_GCC/Demo/QueueOverwrite.c:119:17
	str	r2, [sp, #24]
	.loc	3 120 24                        @ ../../../CORTEX_MPU_M3_NUCLEO_L152RE_GCC/Demo/QueueOverwrite.c:120:24
	ldr	r0, [sp, #32]
	.loc	3 120 9 is_stmt 0               @ ../../../CORTEX_MPU_M3_NUCLEO_L152RE_GCC/Demo/QueueOverwrite.c:120:9
	bl	MPU_xQueueReceive
.Ltmp9:
	.loc	3 122 13 is_stmt 1              @ ../../../CORTEX_MPU_M3_NUCLEO_L152RE_GCC/Demo/QueueOverwrite.c:122:13
	ldr	r0, [sp, #24]
.Ltmp10:
	.loc	3 122 13 is_stmt 0              @ ../../../CORTEX_MPU_M3_NUCLEO_L152RE_GCC/Demo/QueueOverwrite.c:122:13
	cmp	r0, #10
	beq	.LBB1_6
	b	.LBB1_5
.LBB1_5:                                @   in Loop: Header=BB1_4 Depth=1
	.loc	3 0 13                          @ ../../../CORTEX_MPU_M3_NUCLEO_L152RE_GCC/Demo/QueueOverwrite.c:0:13
	movs	r0, #0
.Ltmp11:
	.loc	3 124 22 is_stmt 1              @ ../../../CORTEX_MPU_M3_NUCLEO_L152RE_GCC/Demo/QueueOverwrite.c:124:22
	str	r0, [sp, #20]
	.loc	3 125 9                         @ ../../../CORTEX_MPU_M3_NUCLEO_L152RE_GCC/Demo/QueueOverwrite.c:125:9
	b	.LBB1_6
.Ltmp12:
.LBB1_6:                                @   in Loop: Header=BB1_4 Depth=1
	.loc	3 0 9 is_stmt 0                 @ ../../../CORTEX_MPU_M3_NUCLEO_L152RE_GCC/Demo/QueueOverwrite.c:0:9
	movs	r0, #0
.Ltmp13:
	.loc	3 129 16 is_stmt 1              @ ../../../CORTEX_MPU_M3_NUCLEO_L152RE_GCC/Demo/QueueOverwrite.c:129:16
	str	r0, [sp, #16]
	.loc	3 129 14 is_stmt 0              @ ../../../CORTEX_MPU_M3_NUCLEO_L152RE_GCC/Demo/QueueOverwrite.c:129:14
	b	.LBB1_7
.LBB1_7:                                @   Parent Loop BB1_4 Depth=1
                                        @ =>  This Inner Loop Header: Depth=2
.Ltmp14:
	.loc	3 129 21                        @ ../../../CORTEX_MPU_M3_NUCLEO_L152RE_GCC/Demo/QueueOverwrite.c:129:21
	ldr	r0, [sp, #16]
.Ltmp15:
	.loc	3 129 9                         @ ../../../CORTEX_MPU_M3_NUCLEO_L152RE_GCC/Demo/QueueOverwrite.c:129:9
	cmp	r0, #4
	bhi	.LBB1_14
	b	.LBB1_8
.LBB1_8:                                @   in Loop: Header=BB1_7 Depth=2
.Ltmp16:
	.loc	3 132 13 is_stmt 1              @ ../../../CORTEX_MPU_M3_NUCLEO_L152RE_GCC/Demo/QueueOverwrite.c:132:13
	ldr	r0, [sp, #32]
	add	r1, sp, #16
	movs	r2, #0
	str	r2, [sp, #4]                    @ 4-byte Spill
	movs	r3, #2
	bl	MPU_xQueueGenericSend
	ldr	r2, [sp, #4]                    @ 4-byte Reload
	.loc	3 136 25                        @ ../../../CORTEX_MPU_M3_NUCLEO_L152RE_GCC/Demo/QueueOverwrite.c:136:25
	ldr	r0, [sp, #32]
	add	r1, sp, #24
	.loc	3 136 13 is_stmt 0              @ ../../../CORTEX_MPU_M3_NUCLEO_L152RE_GCC/Demo/QueueOverwrite.c:136:13
	bl	MPU_xQueuePeek
.Ltmp17:
	.loc	3 138 17 is_stmt 1              @ ../../../CORTEX_MPU_M3_NUCLEO_L152RE_GCC/Demo/QueueOverwrite.c:138:17
	ldr	r0, [sp, #24]
	.loc	3 138 28 is_stmt 0              @ ../../../CORTEX_MPU_M3_NUCLEO_L152RE_GCC/Demo/QueueOverwrite.c:138:28
	ldr	r1, [sp, #16]
.Ltmp18:
	.loc	3 138 17                        @ ../../../CORTEX_MPU_M3_NUCLEO_L152RE_GCC/Demo/QueueOverwrite.c:138:17
	cmp	r0, r1
	beq	.LBB1_10
	b	.LBB1_9
.LBB1_9:                                @   in Loop: Header=BB1_7 Depth=2
	.loc	3 0 17                          @ ../../../CORTEX_MPU_M3_NUCLEO_L152RE_GCC/Demo/QueueOverwrite.c:0:17
	movs	r0, #0
.Ltmp19:
	.loc	3 140 26 is_stmt 1              @ ../../../CORTEX_MPU_M3_NUCLEO_L152RE_GCC/Demo/QueueOverwrite.c:140:26
	str	r0, [sp, #20]
	.loc	3 141 13                        @ ../../../CORTEX_MPU_M3_NUCLEO_L152RE_GCC/Demo/QueueOverwrite.c:141:13
	b	.LBB1_10
.Ltmp20:
.LBB1_10:                               @   in Loop: Header=BB1_7 Depth=2
	.loc	3 144 41                        @ ../../../CORTEX_MPU_M3_NUCLEO_L152RE_GCC/Demo/QueueOverwrite.c:144:41
	ldr	r0, [sp, #32]
	.loc	3 144 17 is_stmt 0              @ ../../../CORTEX_MPU_M3_NUCLEO_L152RE_GCC/Demo/QueueOverwrite.c:144:17
	bl	MPU_uxQueueMessagesWaiting
.Ltmp21:
	.loc	3 144 17                        @ ../../../CORTEX_MPU_M3_NUCLEO_L152RE_GCC/Demo/QueueOverwrite.c:144:17
	cmp	r0, #1
	beq	.LBB1_12
	b	.LBB1_11
.LBB1_11:                               @   in Loop: Header=BB1_7 Depth=2
	.loc	3 0 17                          @ ../../../CORTEX_MPU_M3_NUCLEO_L152RE_GCC/Demo/QueueOverwrite.c:0:17
	movs	r0, #0
.Ltmp22:
	.loc	3 146 26 is_stmt 1              @ ../../../CORTEX_MPU_M3_NUCLEO_L152RE_GCC/Demo/QueueOverwrite.c:146:26
	str	r0, [sp, #20]
	.loc	3 147 13                        @ ../../../CORTEX_MPU_M3_NUCLEO_L152RE_GCC/Demo/QueueOverwrite.c:147:13
	b	.LBB1_12
.Ltmp23:
.LBB1_12:                               @   in Loop: Header=BB1_7 Depth=2
	.loc	3 148 9                         @ ../../../CORTEX_MPU_M3_NUCLEO_L152RE_GCC/Demo/QueueOverwrite.c:148:9
	b	.LBB1_13
.Ltmp24:
.LBB1_13:                               @   in Loop: Header=BB1_7 Depth=2
	.loc	3 129 35                        @ ../../../CORTEX_MPU_M3_NUCLEO_L152RE_GCC/Demo/QueueOverwrite.c:129:35
	ldr	r0, [sp, #16]
	adds	r0, r0, #1
	str	r0, [sp, #16]
	.loc	3 129 9 is_stmt 0               @ ../../../CORTEX_MPU_M3_NUCLEO_L152RE_GCC/Demo/QueueOverwrite.c:129:9
	b	.LBB1_7
.Ltmp25:
.LBB1_14:                               @   in Loop: Header=BB1_4 Depth=1
	.loc	3 151 24 is_stmt 1              @ ../../../CORTEX_MPU_M3_NUCLEO_L152RE_GCC/Demo/QueueOverwrite.c:151:24
	ldr	r0, [sp, #32]
	add	r1, sp, #24
	movs	r2, #0
	.loc	3 151 9 is_stmt 0               @ ../../../CORTEX_MPU_M3_NUCLEO_L152RE_GCC/Demo/QueueOverwrite.c:151:9
	bl	MPU_xQueueReceive
.Ltmp26:
	.loc	3 153 37 is_stmt 1              @ ../../../CORTEX_MPU_M3_NUCLEO_L152RE_GCC/Demo/QueueOverwrite.c:153:37
	ldr	r0, [sp, #32]
	.loc	3 153 13 is_stmt 0              @ ../../../CORTEX_MPU_M3_NUCLEO_L152RE_GCC/Demo/QueueOverwrite.c:153:13
	bl	MPU_uxQueueMessagesWaiting
.Ltmp27:
	.loc	3 153 13                        @ ../../../CORTEX_MPU_M3_NUCLEO_L152RE_GCC/Demo/QueueOverwrite.c:153:13
	cbz	r0, .LBB1_16
	b	.LBB1_15
.LBB1_15:                               @   in Loop: Header=BB1_4 Depth=1
	.loc	3 0 13                          @ ../../../CORTEX_MPU_M3_NUCLEO_L152RE_GCC/Demo/QueueOverwrite.c:0:13
	movs	r0, #0
.Ltmp28:
	.loc	3 155 22 is_stmt 1              @ ../../../CORTEX_MPU_M3_NUCLEO_L152RE_GCC/Demo/QueueOverwrite.c:155:22
	str	r0, [sp, #20]
	.loc	3 156 9                         @ ../../../CORTEX_MPU_M3_NUCLEO_L152RE_GCC/Demo/QueueOverwrite.c:156:9
	b	.LBB1_16
.Ltmp29:
.LBB1_16:                               @   in Loop: Header=BB1_4 Depth=1
	.loc	3 158 13                        @ ../../../CORTEX_MPU_M3_NUCLEO_L152RE_GCC/Demo/QueueOverwrite.c:158:13
	ldr	r0, [sp, #20]
.Ltmp30:
	.loc	3 158 13 is_stmt 0              @ ../../../CORTEX_MPU_M3_NUCLEO_L152RE_GCC/Demo/QueueOverwrite.c:158:13
	cbz	r0, .LBB1_18
	b	.LBB1_17
.LBB1_17:                               @   in Loop: Header=BB1_4 Depth=1
.Ltmp31:
	.loc	3 162 31 is_stmt 1              @ ../../../CORTEX_MPU_M3_NUCLEO_L152RE_GCC/Demo/QueueOverwrite.c:162:31
	movw	r1, :lower16:ulLoopCounter
	movt	r1, :upper16:ulLoopCounter
	ldr	r0, [r1]
	adds	r0, r0, #1
	str	r0, [r1]
	.loc	3 163 9                         @ ../../../CORTEX_MPU_M3_NUCLEO_L152RE_GCC/Demo/QueueOverwrite.c:163:9
	b	.LBB1_18
.Ltmp32:
.LBB1_18:                               @   in Loop: Header=BB1_4 Depth=1
	.loc	3 112 5                         @ ../../../CORTEX_MPU_M3_NUCLEO_L152RE_GCC/Demo/QueueOverwrite.c:112:5
	b	.LBB1_4
.Ltmp33:
.Lfunc_end1:
	.size	prvQueueOverwriteTask, .Lfunc_end1-prvQueueOverwriteTask
	.cfi_endproc
	.cantunwind
	.fnend
                                        @ -- End function
	.section	.text.xIsQueueOverwriteTaskStillRunning,"ax",%progbits
	.hidden	xIsQueueOverwriteTaskStillRunning @ -- Begin function xIsQueueOverwriteTaskStillRunning
	.globl	xIsQueueOverwriteTaskStillRunning
	.p2align	1
	.type	xIsQueueOverwriteTaskStillRunning,%function
	.code	16                              @ @xIsQueueOverwriteTaskStillRunning
	.thumb_func
xIsQueueOverwriteTaskStillRunning:
.Lfunc_begin2:
	.loc	3 173 0                         @ ../../../CORTEX_MPU_M3_NUCLEO_L152RE_GCC/Demo/QueueOverwrite.c:173:0
	.fnstart
	.cfi_startproc
@ %bb.0:
	.pad	#4
	sub	sp, #4
	.cfi_def_cfa_offset 4
.Ltmp34:
	.loc	3 176 9 prologue_end            @ ../../../CORTEX_MPU_M3_NUCLEO_L152RE_GCC/Demo/QueueOverwrite.c:176:9
	movw	r0, :lower16:xISRTestStatus
	movt	r0, :upper16:xISRTestStatus
	ldr	r0, [r0]
.Ltmp35:
	.loc	3 176 9 is_stmt 0               @ ../../../CORTEX_MPU_M3_NUCLEO_L152RE_GCC/Demo/QueueOverwrite.c:176:9
	cmp	r0, #1
	beq	.LBB2_2
	b	.LBB2_1
.LBB2_1:
	.loc	3 0 9                           @ ../../../CORTEX_MPU_M3_NUCLEO_L152RE_GCC/Demo/QueueOverwrite.c:0:9
	movs	r0, #0
.Ltmp36:
	.loc	3 178 17 is_stmt 1              @ ../../../CORTEX_MPU_M3_NUCLEO_L152RE_GCC/Demo/QueueOverwrite.c:178:17
	str	r0, [sp]
	.loc	3 179 5                         @ ../../../CORTEX_MPU_M3_NUCLEO_L152RE_GCC/Demo/QueueOverwrite.c:179:5
	b	.LBB2_6
.Ltmp37:
.LBB2_2:
	.loc	3 180 14                        @ ../../../CORTEX_MPU_M3_NUCLEO_L152RE_GCC/Demo/QueueOverwrite.c:180:14
	movw	r0, :lower16:ulLoopCounter
	movt	r0, :upper16:ulLoopCounter
	ldr	r0, [r0]
.Ltmp38:
	.loc	3 180 14 is_stmt 0              @ ../../../CORTEX_MPU_M3_NUCLEO_L152RE_GCC/Demo/QueueOverwrite.c:180:14
	cbz	r0, .LBB2_4
	b	.LBB2_3
.LBB2_3:
	.loc	3 0 14                          @ ../../../CORTEX_MPU_M3_NUCLEO_L152RE_GCC/Demo/QueueOverwrite.c:0:14
	movs	r0, #1
.Ltmp39:
	.loc	3 182 17 is_stmt 1              @ ../../../CORTEX_MPU_M3_NUCLEO_L152RE_GCC/Demo/QueueOverwrite.c:182:17
	str	r0, [sp]
	.loc	3 183 5                         @ ../../../CORTEX_MPU_M3_NUCLEO_L152RE_GCC/Demo/QueueOverwrite.c:183:5
	b	.LBB2_5
.Ltmp40:
.LBB2_4:
	.loc	3 0 5 is_stmt 0                 @ ../../../CORTEX_MPU_M3_NUCLEO_L152RE_GCC/Demo/QueueOverwrite.c:0:5
	movs	r0, #0
.Ltmp41:
	.loc	3 187 17 is_stmt 1              @ ../../../CORTEX_MPU_M3_NUCLEO_L152RE_GCC/Demo/QueueOverwrite.c:187:17
	str	r0, [sp]
	b	.LBB2_5
.Ltmp42:
.LBB2_5:
	.loc	3 0 17 is_stmt 0                @ ../../../CORTEX_MPU_M3_NUCLEO_L152RE_GCC/Demo/QueueOverwrite.c:0:17
	b	.LBB2_6
.LBB2_6:
	.loc	3 190 24 is_stmt 1              @ ../../../CORTEX_MPU_M3_NUCLEO_L152RE_GCC/Demo/QueueOverwrite.c:190:24
	movw	r1, :lower16:ulLoopCounter
	movt	r1, :upper16:ulLoopCounter
	movs	r0, #0
	str	r0, [r1]
	.loc	3 192 12                        @ ../../../CORTEX_MPU_M3_NUCLEO_L152RE_GCC/Demo/QueueOverwrite.c:192:12
	ldr	r0, [sp]
	.loc	3 192 5 is_stmt 0               @ ../../../CORTEX_MPU_M3_NUCLEO_L152RE_GCC/Demo/QueueOverwrite.c:192:5
	add	sp, #4
	bx	lr
.Ltmp43:
.Lfunc_end2:
	.size	xIsQueueOverwriteTaskStillRunning, .Lfunc_end2-xIsQueueOverwriteTaskStillRunning
	.cfi_endproc
	.cantunwind
	.fnend
                                        @ -- End function
	.section	.text.vQueueOverwritePeriodicISRDemo,"ax",%progbits
	.hidden	vQueueOverwritePeriodicISRDemo  @ -- Begin function vQueueOverwritePeriodicISRDemo
	.globl	vQueueOverwritePeriodicISRDemo
	.p2align	1
	.type	vQueueOverwritePeriodicISRDemo,%function
	.code	16                              @ @vQueueOverwritePeriodicISRDemo
	.thumb_func
vQueueOverwritePeriodicISRDemo:
.Lfunc_begin3:
	.loc	3 197 0 is_stmt 1               @ ../../../CORTEX_MPU_M3_NUCLEO_L152RE_GCC/Demo/QueueOverwrite.c:197:0
	.fnstart
	.cfi_startproc
@ %bb.0:
	.save	{r7, lr}
	push	{r7, lr}
	.cfi_def_cfa_offset 8
	.cfi_offset lr, -4
	.cfi_offset r7, -8
	.pad	#24
	sub	sp, #24
	.cfi_def_cfa_offset 32
	movs	r0, #10
.Ltmp44:
	.loc	3 199 20 prologue_end           @ ../../../CORTEX_MPU_M3_NUCLEO_L152RE_GCC/Demo/QueueOverwrite.c:199:20
	str	r0, [sp, #20]
	movs	r0, #20
	.loc	3 199 34 is_stmt 0              @ ../../../CORTEX_MPU_M3_NUCLEO_L152RE_GCC/Demo/QueueOverwrite.c:199:34
	str	r0, [sp, #16]
	movs	r0, #3
	.loc	3 199 48                        @ ../../../CORTEX_MPU_M3_NUCLEO_L152RE_GCC/Demo/QueueOverwrite.c:199:48
	str	r0, [sp, #12]
.Ltmp45:
	.loc	3 205 5 is_stmt 1               @ ../../../CORTEX_MPU_M3_NUCLEO_L152RE_GCC/Demo/QueueOverwrite.c:205:5
	movw	r0, :lower16:xISRQueue
	movt	r0, :upper16:xISRQueue
	ldr	r0, [r0]
.Ltmp46:
	.loc	3 205 5 is_stmt 0               @ ../../../CORTEX_MPU_M3_NUCLEO_L152RE_GCC/Demo/QueueOverwrite.c:205:5
	cbnz	r0, .LBB3_3
	b	.LBB3_1
.LBB3_1:
.Ltmp47:
	.loc	3 205 5                         @ ../../../CORTEX_MPU_M3_NUCLEO_L152RE_GCC/Demo/QueueOverwrite.c:205:5
	@APP
	cpsid i
	@NO_APP
	b	.LBB3_2
.LBB3_2:                                @ =>This Inner Loop Header: Depth=1
.Ltmp48:
	.loc	3 205 5                         @ ../../../CORTEX_MPU_M3_NUCLEO_L152RE_GCC/Demo/QueueOverwrite.c:205:5
	b	.LBB3_2
.Ltmp49:
.LBB3_3:
	.loc	3 207 13 is_stmt 1              @ ../../../CORTEX_MPU_M3_NUCLEO_L152RE_GCC/Demo/QueueOverwrite.c:207:13
	movw	r0, :lower16:vQueueOverwritePeriodicISRDemo.ulCallCount
	movt	r0, :upper16:vQueueOverwritePeriodicISRDemo.ulCallCount
	ldr	r0, [r0]
	.loc	3 207 5 is_stmt 0               @ ../../../CORTEX_MPU_M3_NUCLEO_L152RE_GCC/Demo/QueueOverwrite.c:207:5
	str	r0, [sp, #4]                    @ 4-byte Spill
	cbz	r0, .LBB3_6
	b	.LBB3_4
.LBB3_4:
	ldr	r0, [sp, #4]                    @ 4-byte Reload
	cmp	r0, #1
	beq	.LBB3_9
	b	.LBB3_5
.LBB3_5:
	ldr	r0, [sp, #4]                    @ 4-byte Reload
	cmp	r0, #2
	beq	.LBB3_10
	b	.LBB3_13
.LBB3_6:
.Ltmp50:
	.loc	3 214 13 is_stmt 1              @ ../../../CORTEX_MPU_M3_NUCLEO_L152RE_GCC/Demo/QueueOverwrite.c:214:13
	movw	r0, :lower16:xISRQueue
	movt	r0, :upper16:xISRQueue
	str	r0, [sp]                        @ 4-byte Spill
	ldr	r0, [r0]
	add	r1, sp, #20
	movs	r2, #0
	movs	r3, #2
	bl	xQueueGenericSendFromISR
                                        @ kill: def $r1 killed $r0
	.loc	3 217 32                        @ ../../../CORTEX_MPU_M3_NUCLEO_L152RE_GCC/Demo/QueueOverwrite.c:217:32
	ldr	r0, [sp]                        @ 4-byte Reload
	ldr	r0, [r0]
	add	r1, sp, #8
	.loc	3 217 13 is_stmt 0              @ ../../../CORTEX_MPU_M3_NUCLEO_L152RE_GCC/Demo/QueueOverwrite.c:217:13
	bl	xQueuePeekFromISR
.Ltmp51:
	.loc	3 219 17 is_stmt 1              @ ../../../CORTEX_MPU_M3_NUCLEO_L152RE_GCC/Demo/QueueOverwrite.c:219:17
	ldr	r0, [sp, #8]
.Ltmp52:
	.loc	3 219 17 is_stmt 0              @ ../../../CORTEX_MPU_M3_NUCLEO_L152RE_GCC/Demo/QueueOverwrite.c:219:17
	cmp	r0, #10
	beq	.LBB3_8
	b	.LBB3_7
.LBB3_7:
.Ltmp53:
	.loc	3 221 32 is_stmt 1              @ ../../../CORTEX_MPU_M3_NUCLEO_L152RE_GCC/Demo/QueueOverwrite.c:221:32
	movw	r1, :lower16:xISRTestStatus
	movt	r1, :upper16:xISRTestStatus
	movs	r0, #0
	str	r0, [r1]
	.loc	3 222 13                        @ ../../../CORTEX_MPU_M3_NUCLEO_L152RE_GCC/Demo/QueueOverwrite.c:222:13
	b	.LBB3_8
.Ltmp54:
.LBB3_8:
	.loc	3 224 13                        @ ../../../CORTEX_MPU_M3_NUCLEO_L152RE_GCC/Demo/QueueOverwrite.c:224:13
	b	.LBB3_13
.LBB3_9:
	.loc	3 230 13                        @ ../../../CORTEX_MPU_M3_NUCLEO_L152RE_GCC/Demo/QueueOverwrite.c:230:13
	movw	r0, :lower16:xISRQueue
	movt	r0, :upper16:xISRQueue
	ldr	r0, [r0]
	add	r1, sp, #16
	movs	r2, #0
	movs	r3, #2
	bl	xQueueGenericSendFromISR
	.loc	3 231 13                        @ ../../../CORTEX_MPU_M3_NUCLEO_L152RE_GCC/Demo/QueueOverwrite.c:231:13
	b	.LBB3_13
.LBB3_10:
	.loc	3 237 35                        @ ../../../CORTEX_MPU_M3_NUCLEO_L152RE_GCC/Demo/QueueOverwrite.c:237:35
	movw	r0, :lower16:xISRQueue
	movt	r0, :upper16:xISRQueue
	ldr	r0, [r0]
	add	r1, sp, #8
	movs	r2, #0
	.loc	3 237 13 is_stmt 0              @ ../../../CORTEX_MPU_M3_NUCLEO_L152RE_GCC/Demo/QueueOverwrite.c:237:13
	bl	xQueueReceiveFromISR
.Ltmp55:
	.loc	3 239 17 is_stmt 1              @ ../../../CORTEX_MPU_M3_NUCLEO_L152RE_GCC/Demo/QueueOverwrite.c:239:17
	ldr	r0, [sp, #8]
.Ltmp56:
	.loc	3 239 17 is_stmt 0              @ ../../../CORTEX_MPU_M3_NUCLEO_L152RE_GCC/Demo/QueueOverwrite.c:239:17
	cmp	r0, #20
	beq	.LBB3_12
	b	.LBB3_11
.LBB3_11:
.Ltmp57:
	.loc	3 241 32 is_stmt 1              @ ../../../CORTEX_MPU_M3_NUCLEO_L152RE_GCC/Demo/QueueOverwrite.c:241:32
	movw	r1, :lower16:xISRTestStatus
	movt	r1, :upper16:xISRTestStatus
	movs	r0, #0
	str	r0, [r1]
	.loc	3 242 13                        @ ../../../CORTEX_MPU_M3_NUCLEO_L152RE_GCC/Demo/QueueOverwrite.c:242:13
	b	.LBB3_12
.Ltmp58:
.LBB3_12:
	.loc	3 244 13                        @ ../../../CORTEX_MPU_M3_NUCLEO_L152RE_GCC/Demo/QueueOverwrite.c:244:13
	b	.LBB3_13
.Ltmp59:
.LBB3_13:
	.loc	3 249 16                        @ ../../../CORTEX_MPU_M3_NUCLEO_L152RE_GCC/Demo/QueueOverwrite.c:249:16
	movw	r0, :lower16:vQueueOverwritePeriodicISRDemo.ulCallCount
	movt	r0, :upper16:vQueueOverwritePeriodicISRDemo.ulCallCount
	ldr	r1, [r0]
	adds	r1, r1, #1
	str	r1, [r0]
.Ltmp60:
	.loc	3 251 9                         @ ../../../CORTEX_MPU_M3_NUCLEO_L152RE_GCC/Demo/QueueOverwrite.c:251:9
	ldr	r0, [r0]
.Ltmp61:
	.loc	3 251 9 is_stmt 0               @ ../../../CORTEX_MPU_M3_NUCLEO_L152RE_GCC/Demo/QueueOverwrite.c:251:9
	cmp	r0, #3
	blo	.LBB3_15
	b	.LBB3_14
.LBB3_14:
.Ltmp62:
	.loc	3 254 21 is_stmt 1              @ ../../../CORTEX_MPU_M3_NUCLEO_L152RE_GCC/Demo/QueueOverwrite.c:254:21
	movw	r1, :lower16:vQueueOverwritePeriodicISRDemo.ulCallCount
	movt	r1, :upper16:vQueueOverwritePeriodicISRDemo.ulCallCount
	movs	r0, #0
	str	r0, [r1]
	.loc	3 255 5                         @ ../../../CORTEX_MPU_M3_NUCLEO_L152RE_GCC/Demo/QueueOverwrite.c:255:5
	b	.LBB3_15
.Ltmp63:
.LBB3_15:
	.loc	3 256 1                         @ ../../../CORTEX_MPU_M3_NUCLEO_L152RE_GCC/Demo/QueueOverwrite.c:256:1
	add	sp, #24
	pop	{r7, pc}
.Ltmp64:
.Lfunc_end3:
	.size	vQueueOverwritePeriodicISRDemo, .Lfunc_end3-vQueueOverwritePeriodicISRDemo
	.cfi_endproc
	.cantunwind
	.fnend
                                        @ -- End function
	.type	xISRQueue,%object               @ @xISRQueue
	.section	.bss.xISRQueue,"aw",%nobits
	.p2align	2, 0x0
xISRQueue:
	.long	0
	.size	xISRQueue, 4

	.type	vStartQueueOverwriteTask.xQueueOverwriteTaskStack,%object @ @vStartQueueOverwriteTask.xQueueOverwriteTaskStack
	.section	.bss.vStartQueueOverwriteTask.xQueueOverwriteTaskStack,"aw",%nobits
	.p2align	9, 0x0
vStartQueueOverwriteTask.xQueueOverwriteTaskStack:
	.zero	512
	.size	vStartQueueOverwriteTask.xQueueOverwriteTaskStack, 512

	.type	.L.str,%object                  @ @.str
	.section	.rodata.str1.1,"aMS",%progbits,1
.L.str:
	.asciz	"QOver"
	.size	.L.str, 6

	.type	ulLoopCounter,%object           @ @ulLoopCounter
	.section	.bss.ulLoopCounter,"aw",%nobits
	.p2align	5, 0x0
ulLoopCounter:
	.zero	32
	.size	ulLoopCounter, 32

	.type	.Lconstinit,%object             @ @constinit
	.section	.data..Lconstinit,"aw",%progbits
	.p2align	2, 0x0
.Lconstinit:
	.long	ulLoopCounter
	.long	32                              @ 0x20
	.long	3                               @ 0x3
	.zero	12
	.zero	12
	.size	.Lconstinit, 36

	.type	xISRTestStatus,%object          @ @xISRTestStatus
	.section	.data.xISRTestStatus,"aw",%progbits
	.p2align	2, 0x0
xISRTestStatus:
	.long	1                               @ 0x1
	.size	xISRTestStatus, 4

	.type	vQueueOverwritePeriodicISRDemo.ulCallCount,%object @ @vQueueOverwritePeriodicISRDemo.ulCallCount
	.section	.bss.vQueueOverwritePeriodicISRDemo.ulCallCount,"aw",%nobits
	.p2align	2, 0x0
vQueueOverwritePeriodicISRDemo.ulCallCount:
	.long	0                               @ 0x0
	.size	vQueueOverwritePeriodicISRDemo.ulCallCount, 4

	.file	5 "C:\\Users\\karahulx\\Downloads\\Kernel\\FreeRTOS\\FreeRTOS\\Demo\\CORTEX_MPU_M23_Nuvoton_NuMaker_PFM_M2351_IAR_GCC\\Projects_NTZ\\Keil" "../../../../Source/include/projdefs.h"
	.file	6 "C:\\Users\\karahulx\\Downloads\\Kernel\\FreeRTOS\\FreeRTOS\\Demo\\CORTEX_MPU_M23_Nuvoton_NuMaker_PFM_M2351_IAR_GCC\\Projects_NTZ\\Keil" "../../../../Source/include/task.h"
	.file	7 "C:\\Users\\karahulx\\Downloads\\Kernel\\FreeRTOS\\FreeRTOS\\Demo\\CORTEX_MPU_M23_Nuvoton_NuMaker_PFM_M2351_IAR_GCC\\Projects_NTZ\\Keil" "../../../../Source/include\\FreeRTOS.h"
	.section	.debug_abbrev,"",%progbits
	.byte	1                               @ Abbreviation Code
	.byte	17                              @ DW_TAG_compile_unit
	.byte	1                               @ DW_CHILDREN_yes
	.byte	37                              @ DW_AT_producer
	.byte	14                              @ DW_FORM_strp
	.byte	19                              @ DW_AT_language
	.byte	5                               @ DW_FORM_data2
	.byte	3                               @ DW_AT_name
	.byte	14                              @ DW_FORM_strp
	.byte	16                              @ DW_AT_stmt_list
	.byte	23                              @ DW_FORM_sec_offset
	.byte	27                              @ DW_AT_comp_dir
	.byte	14                              @ DW_FORM_strp
	.byte	17                              @ DW_AT_low_pc
	.byte	1                               @ DW_FORM_addr
	.byte	85                              @ DW_AT_ranges
	.byte	23                              @ DW_FORM_sec_offset
	.byte	0                               @ EOM(1)
	.byte	0                               @ EOM(2)
	.byte	2                               @ Abbreviation Code
	.byte	46                              @ DW_TAG_subprogram
	.byte	1                               @ DW_CHILDREN_yes
	.byte	17                              @ DW_AT_low_pc
	.byte	1                               @ DW_FORM_addr
	.byte	18                              @ DW_AT_high_pc
	.byte	6                               @ DW_FORM_data4
	.byte	64                              @ DW_AT_frame_base
	.byte	24                              @ DW_FORM_exprloc
	.byte	3                               @ DW_AT_name
	.byte	14                              @ DW_FORM_strp
	.byte	58                              @ DW_AT_decl_file
	.byte	11                              @ DW_FORM_data1
	.byte	59                              @ DW_AT_decl_line
	.byte	11                              @ DW_FORM_data1
	.byte	39                              @ DW_AT_prototyped
	.byte	25                              @ DW_FORM_flag_present
	.byte	63                              @ DW_AT_external
	.byte	25                              @ DW_FORM_flag_present
	.byte	0                               @ EOM(1)
	.byte	0                               @ EOM(2)
	.byte	3                               @ Abbreviation Code
	.byte	52                              @ DW_TAG_variable
	.byte	0                               @ DW_CHILDREN_no
	.byte	3                               @ DW_AT_name
	.byte	14                              @ DW_FORM_strp
	.byte	73                              @ DW_AT_type
	.byte	19                              @ DW_FORM_ref4
	.byte	58                              @ DW_AT_decl_file
	.byte	11                              @ DW_FORM_data1
	.byte	59                              @ DW_AT_decl_line
	.byte	11                              @ DW_FORM_data1
	.ascii	"\210\001"                      @ DW_AT_alignment
	.byte	15                              @ DW_FORM_udata
	.byte	2                               @ DW_AT_location
	.byte	24                              @ DW_FORM_exprloc
	.byte	0                               @ EOM(1)
	.byte	0                               @ EOM(2)
	.byte	4                               @ Abbreviation Code
	.byte	5                               @ DW_TAG_formal_parameter
	.byte	0                               @ DW_CHILDREN_no
	.byte	2                               @ DW_AT_location
	.byte	24                              @ DW_FORM_exprloc
	.byte	3                               @ DW_AT_name
	.byte	14                              @ DW_FORM_strp
	.byte	58                              @ DW_AT_decl_file
	.byte	11                              @ DW_FORM_data1
	.byte	59                              @ DW_AT_decl_line
	.byte	11                              @ DW_FORM_data1
	.byte	73                              @ DW_AT_type
	.byte	19                              @ DW_FORM_ref4
	.byte	0                               @ EOM(1)
	.byte	0                               @ EOM(2)
	.byte	5                               @ Abbreviation Code
	.byte	52                              @ DW_TAG_variable
	.byte	0                               @ DW_CHILDREN_no
	.byte	2                               @ DW_AT_location
	.byte	24                              @ DW_FORM_exprloc
	.byte	3                               @ DW_AT_name
	.byte	14                              @ DW_FORM_strp
	.byte	58                              @ DW_AT_decl_file
	.byte	11                              @ DW_FORM_data1
	.byte	59                              @ DW_AT_decl_line
	.byte	11                              @ DW_FORM_data1
	.byte	73                              @ DW_AT_type
	.byte	19                              @ DW_FORM_ref4
	.byte	0                               @ EOM(1)
	.byte	0                               @ EOM(2)
	.byte	6                               @ Abbreviation Code
	.byte	1                               @ DW_TAG_array_type
	.byte	1                               @ DW_CHILDREN_yes
	.byte	73                              @ DW_AT_type
	.byte	19                              @ DW_FORM_ref4
	.byte	0                               @ EOM(1)
	.byte	0                               @ EOM(2)
	.byte	7                               @ Abbreviation Code
	.byte	33                              @ DW_TAG_subrange_type
	.byte	0                               @ DW_CHILDREN_no
	.byte	73                              @ DW_AT_type
	.byte	19                              @ DW_FORM_ref4
	.byte	55                              @ DW_AT_count
	.byte	11                              @ DW_FORM_data1
	.byte	0                               @ EOM(1)
	.byte	0                               @ EOM(2)
	.byte	8                               @ Abbreviation Code
	.byte	22                              @ DW_TAG_typedef
	.byte	0                               @ DW_CHILDREN_no
	.byte	73                              @ DW_AT_type
	.byte	19                              @ DW_FORM_ref4
	.byte	3                               @ DW_AT_name
	.byte	14                              @ DW_FORM_strp
	.byte	58                              @ DW_AT_decl_file
	.byte	11                              @ DW_FORM_data1
	.byte	59                              @ DW_AT_decl_line
	.byte	11                              @ DW_FORM_data1
	.byte	0                               @ EOM(1)
	.byte	0                               @ EOM(2)
	.byte	9                               @ Abbreviation Code
	.byte	36                              @ DW_TAG_base_type
	.byte	0                               @ DW_CHILDREN_no
	.byte	3                               @ DW_AT_name
	.byte	14                              @ DW_FORM_strp
	.byte	62                              @ DW_AT_encoding
	.byte	11                              @ DW_FORM_data1
	.byte	11                              @ DW_AT_byte_size
	.byte	11                              @ DW_FORM_data1
	.byte	0                               @ EOM(1)
	.byte	0                               @ EOM(2)
	.byte	10                              @ Abbreviation Code
	.byte	36                              @ DW_TAG_base_type
	.byte	0                               @ DW_CHILDREN_no
	.byte	3                               @ DW_AT_name
	.byte	14                              @ DW_FORM_strp
	.byte	11                              @ DW_AT_byte_size
	.byte	11                              @ DW_FORM_data1
	.byte	62                              @ DW_AT_encoding
	.byte	11                              @ DW_FORM_data1
	.byte	0                               @ EOM(1)
	.byte	0                               @ EOM(2)
	.byte	11                              @ Abbreviation Code
	.byte	52                              @ DW_TAG_variable
	.byte	0                               @ DW_CHILDREN_no
	.byte	73                              @ DW_AT_type
	.byte	19                              @ DW_FORM_ref4
	.byte	58                              @ DW_AT_decl_file
	.byte	11                              @ DW_FORM_data1
	.byte	59                              @ DW_AT_decl_line
	.byte	11                              @ DW_FORM_data1
	.byte	2                               @ DW_AT_location
	.byte	24                              @ DW_FORM_exprloc
	.byte	0                               @ EOM(1)
	.byte	0                               @ EOM(2)
	.byte	12                              @ Abbreviation Code
	.byte	52                              @ DW_TAG_variable
	.byte	0                               @ DW_CHILDREN_no
	.byte	3                               @ DW_AT_name
	.byte	14                              @ DW_FORM_strp
	.byte	73                              @ DW_AT_type
	.byte	19                              @ DW_FORM_ref4
	.byte	58                              @ DW_AT_decl_file
	.byte	11                              @ DW_FORM_data1
	.byte	59                              @ DW_AT_decl_line
	.byte	11                              @ DW_FORM_data1
	.byte	2                               @ DW_AT_location
	.byte	24                              @ DW_FORM_exprloc
	.byte	0                               @ EOM(1)
	.byte	0                               @ EOM(2)
	.byte	13                              @ Abbreviation Code
	.byte	15                              @ DW_TAG_pointer_type
	.byte	0                               @ DW_CHILDREN_no
	.byte	73                              @ DW_AT_type
	.byte	19                              @ DW_FORM_ref4
	.byte	0                               @ EOM(1)
	.byte	0                               @ EOM(2)
	.byte	14                              @ Abbreviation Code
	.byte	19                              @ DW_TAG_structure_type
	.byte	0                               @ DW_CHILDREN_no
	.byte	3                               @ DW_AT_name
	.byte	14                              @ DW_FORM_strp
	.byte	60                              @ DW_AT_declaration
	.byte	25                              @ DW_FORM_flag_present
	.byte	0                               @ EOM(1)
	.byte	0                               @ EOM(2)
	.byte	15                              @ Abbreviation Code
	.byte	46                              @ DW_TAG_subprogram
	.byte	1                               @ DW_CHILDREN_yes
	.byte	17                              @ DW_AT_low_pc
	.byte	1                               @ DW_FORM_addr
	.byte	18                              @ DW_AT_high_pc
	.byte	6                               @ DW_FORM_data4
	.byte	64                              @ DW_AT_frame_base
	.byte	24                              @ DW_FORM_exprloc
	.byte	3                               @ DW_AT_name
	.byte	14                              @ DW_FORM_strp
	.byte	58                              @ DW_AT_decl_file
	.byte	11                              @ DW_FORM_data1
	.byte	59                              @ DW_AT_decl_line
	.byte	11                              @ DW_FORM_data1
	.byte	39                              @ DW_AT_prototyped
	.byte	25                              @ DW_FORM_flag_present
	.byte	0                               @ EOM(1)
	.byte	0                               @ EOM(2)
	.byte	16                              @ Abbreviation Code
	.byte	46                              @ DW_TAG_subprogram
	.byte	1                               @ DW_CHILDREN_yes
	.byte	17                              @ DW_AT_low_pc
	.byte	1                               @ DW_FORM_addr
	.byte	18                              @ DW_AT_high_pc
	.byte	6                               @ DW_FORM_data4
	.byte	64                              @ DW_AT_frame_base
	.byte	24                              @ DW_FORM_exprloc
	.byte	3                               @ DW_AT_name
	.byte	14                              @ DW_FORM_strp
	.byte	58                              @ DW_AT_decl_file
	.byte	11                              @ DW_FORM_data1
	.byte	59                              @ DW_AT_decl_line
	.byte	11                              @ DW_FORM_data1
	.byte	39                              @ DW_AT_prototyped
	.byte	25                              @ DW_FORM_flag_present
	.byte	73                              @ DW_AT_type
	.byte	19                              @ DW_FORM_ref4
	.byte	63                              @ DW_AT_external
	.byte	25                              @ DW_FORM_flag_present
	.byte	0                               @ EOM(1)
	.byte	0                               @ EOM(2)
	.byte	17                              @ Abbreviation Code
	.byte	38                              @ DW_TAG_const_type
	.byte	0                               @ DW_CHILDREN_no
	.byte	73                              @ DW_AT_type
	.byte	19                              @ DW_FORM_ref4
	.byte	0                               @ EOM(1)
	.byte	0                               @ EOM(2)
	.byte	18                              @ Abbreviation Code
	.byte	19                              @ DW_TAG_structure_type
	.byte	1                               @ DW_CHILDREN_yes
	.byte	3                               @ DW_AT_name
	.byte	14                              @ DW_FORM_strp
	.byte	11                              @ DW_AT_byte_size
	.byte	11                              @ DW_FORM_data1
	.byte	58                              @ DW_AT_decl_file
	.byte	11                              @ DW_FORM_data1
	.byte	59                              @ DW_AT_decl_line
	.byte	11                              @ DW_FORM_data1
	.byte	0                               @ EOM(1)
	.byte	0                               @ EOM(2)
	.byte	19                              @ Abbreviation Code
	.byte	13                              @ DW_TAG_member
	.byte	0                               @ DW_CHILDREN_no
	.byte	3                               @ DW_AT_name
	.byte	14                              @ DW_FORM_strp
	.byte	73                              @ DW_AT_type
	.byte	19                              @ DW_FORM_ref4
	.byte	58                              @ DW_AT_decl_file
	.byte	11                              @ DW_FORM_data1
	.byte	59                              @ DW_AT_decl_line
	.byte	11                              @ DW_FORM_data1
	.byte	56                              @ DW_AT_data_member_location
	.byte	11                              @ DW_FORM_data1
	.byte	0                               @ EOM(1)
	.byte	0                               @ EOM(2)
	.byte	20                              @ Abbreviation Code
	.byte	21                              @ DW_TAG_subroutine_type
	.byte	1                               @ DW_CHILDREN_yes
	.byte	39                              @ DW_AT_prototyped
	.byte	25                              @ DW_FORM_flag_present
	.byte	0                               @ EOM(1)
	.byte	0                               @ EOM(2)
	.byte	21                              @ Abbreviation Code
	.byte	5                               @ DW_TAG_formal_parameter
	.byte	0                               @ DW_CHILDREN_no
	.byte	73                              @ DW_AT_type
	.byte	19                              @ DW_FORM_ref4
	.byte	0                               @ EOM(1)
	.byte	0                               @ EOM(2)
	.byte	22                              @ Abbreviation Code
	.byte	15                              @ DW_TAG_pointer_type
	.byte	0                               @ DW_CHILDREN_no
	.byte	0                               @ EOM(1)
	.byte	0                               @ EOM(2)
	.byte	23                              @ Abbreviation Code
	.byte	22                              @ DW_TAG_typedef
	.byte	0                               @ DW_CHILDREN_no
	.byte	73                              @ DW_AT_type
	.byte	19                              @ DW_FORM_ref4
	.byte	3                               @ DW_AT_name
	.byte	14                              @ DW_FORM_strp
	.byte	58                              @ DW_AT_decl_file
	.byte	11                              @ DW_FORM_data1
	.byte	59                              @ DW_AT_decl_line
	.byte	5                               @ DW_FORM_data2
	.byte	0                               @ EOM(1)
	.byte	0                               @ EOM(2)
	.byte	24                              @ Abbreviation Code
	.byte	19                              @ DW_TAG_structure_type
	.byte	1                               @ DW_CHILDREN_yes
	.byte	3                               @ DW_AT_name
	.byte	14                              @ DW_FORM_strp
	.byte	11                              @ DW_AT_byte_size
	.byte	11                              @ DW_FORM_data1
	.byte	58                              @ DW_AT_decl_file
	.byte	11                              @ DW_FORM_data1
	.byte	59                              @ DW_AT_decl_line
	.byte	5                               @ DW_FORM_data2
	.byte	0                               @ EOM(1)
	.byte	0                               @ EOM(2)
	.byte	25                              @ Abbreviation Code
	.byte	13                              @ DW_TAG_member
	.byte	0                               @ DW_CHILDREN_no
	.byte	3                               @ DW_AT_name
	.byte	14                              @ DW_FORM_strp
	.byte	73                              @ DW_AT_type
	.byte	19                              @ DW_FORM_ref4
	.byte	58                              @ DW_AT_decl_file
	.byte	11                              @ DW_FORM_data1
	.byte	59                              @ DW_AT_decl_line
	.byte	5                               @ DW_FORM_data2
	.byte	56                              @ DW_AT_data_member_location
	.byte	11                              @ DW_FORM_data1
	.byte	0                               @ EOM(1)
	.byte	0                               @ EOM(2)
	.byte	0                               @ EOM(3)
	.section	.debug_info,"",%progbits
.Lcu_begin0:
	.long	.Ldebug_info_end0-.Ldebug_info_start0 @ Length of Unit
.Ldebug_info_start0:
	.short	4                               @ DWARF version number
	.long	.debug_abbrev                   @ Offset Into Abbrev. Section
	.byte	4                               @ Address Size (in bytes)
	.byte	1                               @ Abbrev [1] 0xb:0x4e8 DW_TAG_compile_unit
	.long	.Linfo_string0                  @ DW_AT_producer
	.short	12                              @ DW_AT_language
	.long	.Linfo_string1                  @ DW_AT_name
	.long	.Lline_table_start0             @ DW_AT_stmt_list
	.long	.Linfo_string2                  @ DW_AT_comp_dir
	.long	0                               @ DW_AT_low_pc
	.long	.Ldebug_ranges0                 @ DW_AT_ranges
	.byte	2                               @ Abbrev [2] 0x26:0x51 DW_TAG_subprogram
	.long	.Lfunc_begin0                   @ DW_AT_low_pc
	.long	.Lfunc_end0-.Lfunc_begin0       @ DW_AT_high_pc
	.byte	1                               @ DW_AT_frame_base
	.byte	93
	.long	.Linfo_string23                 @ DW_AT_name
	.byte	3                               @ DW_AT_decl_file
	.byte	66                              @ DW_AT_decl_line
                                        @ DW_AT_prototyped
                                        @ DW_AT_external
	.byte	3                               @ Abbrev [3] 0x37:0x13 DW_TAG_variable
	.long	.Linfo_string3                  @ DW_AT_name
	.long	119                             @ DW_AT_type
	.byte	3                               @ DW_AT_decl_file
	.byte	76                              @ DW_AT_decl_line
	.ascii	"\200\004"                      @ DW_AT_alignment
	.byte	5                               @ DW_AT_location
	.byte	3
	.long	vStartQueueOverwriteTask.xQueueOverwriteTaskStack
	.byte	4                               @ Abbrev [4] 0x4a:0xf DW_TAG_formal_parameter
	.byte	3                               @ DW_AT_location
	.byte	145
	.asciz	"\314"
	.long	.Linfo_string27                 @ DW_AT_name
	.byte	3                               @ DW_AT_decl_file
	.byte	66                              @ DW_AT_decl_line
	.long	393                             @ DW_AT_type
	.byte	5                               @ Abbrev [5] 0x59:0xf DW_TAG_variable
	.byte	3                               @ DW_AT_location
	.byte	145
	.asciz	"\310"
	.long	.Linfo_string28                 @ DW_AT_name
	.byte	3                               @ DW_AT_decl_file
	.byte	68                              @ DW_AT_decl_line
	.long	585                             @ DW_AT_type
	.byte	5                               @ Abbrev [5] 0x68:0xe DW_TAG_variable
	.byte	2                               @ DW_AT_location
	.byte	145
	.byte	8
	.long	.Linfo_string29                 @ DW_AT_name
	.byte	3                               @ DW_AT_decl_file
	.byte	77                              @ DW_AT_decl_line
	.long	590                             @ DW_AT_type
	.byte	0                               @ End Of Children Mark
	.byte	6                               @ Abbrev [6] 0x77:0xc DW_TAG_array_type
	.long	131                             @ DW_AT_type
	.byte	7                               @ Abbrev [7] 0x7c:0x6 DW_TAG_subrange_type
	.long	160                             @ DW_AT_type
	.byte	128                             @ DW_AT_count
	.byte	0                               @ End Of Children Mark
	.byte	8                               @ Abbrev [8] 0x83:0xb DW_TAG_typedef
	.long	142                             @ DW_AT_type
	.long	.Linfo_string6                  @ DW_AT_name
	.byte	2                               @ DW_AT_decl_file
	.byte	73                              @ DW_AT_decl_line
	.byte	8                               @ Abbrev [8] 0x8e:0xb DW_TAG_typedef
	.long	153                             @ DW_AT_type
	.long	.Linfo_string5                  @ DW_AT_name
	.byte	1                               @ DW_AT_decl_file
	.byte	64                              @ DW_AT_decl_line
	.byte	9                               @ Abbrev [9] 0x99:0x7 DW_TAG_base_type
	.long	.Linfo_string4                  @ DW_AT_name
	.byte	7                               @ DW_AT_encoding
	.byte	4                               @ DW_AT_byte_size
	.byte	10                              @ Abbrev [10] 0xa0:0x7 DW_TAG_base_type
	.long	.Linfo_string7                  @ DW_AT_name
	.byte	8                               @ DW_AT_byte_size
	.byte	7                               @ DW_AT_encoding
	.byte	11                              @ Abbrev [11] 0xa7:0xd DW_TAG_variable
	.long	180                             @ DW_AT_type
	.byte	3                               @ DW_AT_decl_file
	.byte	80                              @ DW_AT_decl_line
	.byte	5                               @ DW_AT_location
	.byte	3
	.long	.L.str
	.byte	6                               @ Abbrev [6] 0xb4:0xc DW_TAG_array_type
	.long	192                             @ DW_AT_type
	.byte	7                               @ Abbrev [7] 0xb9:0x6 DW_TAG_subrange_type
	.long	160                             @ DW_AT_type
	.byte	6                               @ DW_AT_count
	.byte	0                               @ End Of Children Mark
	.byte	9                               @ Abbrev [9] 0xc0:0x7 DW_TAG_base_type
	.long	.Linfo_string8                  @ DW_AT_name
	.byte	8                               @ DW_AT_encoding
	.byte	1                               @ DW_AT_byte_size
	.byte	2                               @ Abbrev [2] 0xc7:0x5b DW_TAG_subprogram
	.long	.Lfunc_begin3                   @ DW_AT_low_pc
	.long	.Lfunc_end3-.Lfunc_begin3       @ DW_AT_high_pc
	.byte	1                               @ DW_AT_frame_base
	.byte	93
	.long	.Linfo_string26                 @ DW_AT_name
	.byte	3                               @ DW_AT_decl_file
	.byte	196                             @ DW_AT_decl_line
                                        @ DW_AT_prototyped
                                        @ DW_AT_external
	.byte	12                              @ Abbrev [12] 0xd8:0x11 DW_TAG_variable
	.long	.Linfo_string9                  @ DW_AT_name
	.long	142                             @ DW_AT_type
	.byte	3                               @ DW_AT_decl_file
	.byte	198                             @ DW_AT_decl_line
	.byte	5                               @ DW_AT_location
	.byte	3
	.long	vQueueOverwritePeriodicISRDemo.ulCallCount
	.byte	5                               @ Abbrev [5] 0xe9:0xe DW_TAG_variable
	.byte	2                               @ DW_AT_location
	.byte	145
	.byte	20
	.long	.Linfo_string77                 @ DW_AT_name
	.byte	3                               @ DW_AT_decl_file
	.byte	199                             @ DW_AT_decl_line
	.long	1261                            @ DW_AT_type
	.byte	5                               @ Abbrev [5] 0xf7:0xe DW_TAG_variable
	.byte	2                               @ DW_AT_location
	.byte	145
	.byte	16
	.long	.Linfo_string78                 @ DW_AT_name
	.byte	3                               @ DW_AT_decl_file
	.byte	199                             @ DW_AT_decl_line
	.long	1261                            @ DW_AT_type
	.byte	5                               @ Abbrev [5] 0x105:0xe DW_TAG_variable
	.byte	2                               @ DW_AT_location
	.byte	145
	.byte	12
	.long	.Linfo_string79                 @ DW_AT_name
	.byte	3                               @ DW_AT_decl_file
	.byte	199                             @ DW_AT_decl_line
	.long	1261                            @ DW_AT_type
	.byte	5                               @ Abbrev [5] 0x113:0xe DW_TAG_variable
	.byte	2                               @ DW_AT_location
	.byte	145
	.byte	8
	.long	.Linfo_string80                 @ DW_AT_name
	.byte	3                               @ DW_AT_decl_file
	.byte	200                             @ DW_AT_decl_line
	.long	142                             @ DW_AT_type
	.byte	0                               @ End Of Children Mark
	.byte	12                              @ Abbrev [12] 0x122:0x11 DW_TAG_variable
	.long	.Linfo_string10                 @ DW_AT_name
	.long	307                             @ DW_AT_type
	.byte	3                               @ DW_AT_decl_file
	.byte	62                              @ DW_AT_decl_line
	.byte	5                               @ DW_AT_location
	.byte	3
	.long	xISRQueue
	.byte	8                               @ Abbrev [8] 0x133:0xb DW_TAG_typedef
	.long	318                             @ DW_AT_type
	.long	.Linfo_string12                 @ DW_AT_name
	.byte	4                               @ DW_AT_decl_file
	.byte	51                              @ DW_AT_decl_line
	.byte	13                              @ Abbrev [13] 0x13e:0x5 DW_TAG_pointer_type
	.long	323                             @ DW_AT_type
	.byte	14                              @ Abbrev [14] 0x143:0x5 DW_TAG_structure_type
	.long	.Linfo_string11                 @ DW_AT_name
                                        @ DW_AT_declaration
	.byte	3                               @ Abbrev [3] 0x148:0x12 DW_TAG_variable
	.long	.Linfo_string13                 @ DW_AT_name
	.long	346                             @ DW_AT_type
	.byte	3                               @ DW_AT_decl_file
	.byte	54                              @ DW_AT_decl_line
	.byte	32                              @ DW_AT_alignment
	.byte	5                               @ DW_AT_location
	.byte	3
	.long	ulLoopCounter
	.byte	6                               @ Abbrev [6] 0x15a:0xc DW_TAG_array_type
	.long	142                             @ DW_AT_type
	.byte	7                               @ Abbrev [7] 0x15f:0x6 DW_TAG_subrange_type
	.long	160                             @ DW_AT_type
	.byte	8                               @ DW_AT_count
	.byte	0                               @ End Of Children Mark
	.byte	12                              @ Abbrev [12] 0x166:0x11 DW_TAG_variable
	.long	.Linfo_string14                 @ DW_AT_name
	.long	375                             @ DW_AT_type
	.byte	3                               @ DW_AT_decl_file
	.byte	58                              @ DW_AT_decl_line
	.byte	5                               @ DW_AT_location
	.byte	3
	.long	xISRTestStatus
	.byte	8                               @ Abbrev [8] 0x177:0xb DW_TAG_typedef
	.long	386                             @ DW_AT_type
	.long	.Linfo_string16                 @ DW_AT_name
	.byte	2                               @ DW_AT_decl_file
	.byte	74                              @ DW_AT_decl_line
	.byte	9                               @ Abbrev [9] 0x182:0x7 DW_TAG_base_type
	.long	.Linfo_string15                 @ DW_AT_name
	.byte	5                               @ DW_AT_encoding
	.byte	4                               @ DW_AT_byte_size
	.byte	8                               @ Abbrev [8] 0x189:0xb DW_TAG_typedef
	.long	404                             @ DW_AT_type
	.long	.Linfo_string18                 @ DW_AT_name
	.byte	2                               @ DW_AT_decl_file
	.byte	75                              @ DW_AT_decl_line
	.byte	9                               @ Abbrev [9] 0x194:0x7 DW_TAG_base_type
	.long	.Linfo_string17                 @ DW_AT_name
	.byte	7                               @ DW_AT_encoding
	.byte	4                               @ DW_AT_byte_size
	.byte	8                               @ Abbrev [8] 0x19b:0xb DW_TAG_typedef
	.long	422                             @ DW_AT_type
	.long	.Linfo_string20                 @ DW_AT_name
	.byte	1                               @ DW_AT_decl_file
	.byte	62                              @ DW_AT_decl_line
	.byte	9                               @ Abbrev [9] 0x1a6:0x7 DW_TAG_base_type
	.long	.Linfo_string19                 @ DW_AT_name
	.byte	8                               @ DW_AT_encoding
	.byte	1                               @ DW_AT_byte_size
	.byte	8                               @ Abbrev [8] 0x1ad:0xb DW_TAG_typedef
	.long	440                             @ DW_AT_type
	.long	.Linfo_string22                 @ DW_AT_name
	.byte	1                               @ DW_AT_decl_file
	.byte	63                              @ DW_AT_decl_line
	.byte	9                               @ Abbrev [9] 0x1b8:0x7 DW_TAG_base_type
	.long	.Linfo_string21                 @ DW_AT_name
	.byte	7                               @ DW_AT_encoding
	.byte	2                               @ DW_AT_byte_size
	.byte	15                              @ Abbrev [15] 0x1bf:0x66 DW_TAG_subprogram
	.long	.Lfunc_begin1                   @ DW_AT_low_pc
	.long	.Lfunc_end1-.Lfunc_begin1       @ DW_AT_high_pc
	.byte	1                               @ DW_AT_frame_base
	.byte	93
	.long	.Linfo_string24                 @ DW_AT_name
	.byte	3                               @ DW_AT_decl_file
	.byte	98                              @ DW_AT_decl_line
                                        @ DW_AT_prototyped
	.byte	4                               @ Abbrev [4] 0x1d0:0xe DW_TAG_formal_parameter
	.byte	2                               @ DW_AT_location
	.byte	145
	.byte	36
	.long	.Linfo_string34                 @ DW_AT_name
	.byte	3                               @ DW_AT_decl_file
	.byte	98                              @ DW_AT_decl_line
	.long	729                             @ DW_AT_type
	.byte	5                               @ Abbrev [5] 0x1de:0xe DW_TAG_variable
	.byte	2                               @ DW_AT_location
	.byte	145
	.byte	32
	.long	.Linfo_string72                 @ DW_AT_name
	.byte	3                               @ DW_AT_decl_file
	.byte	100                             @ DW_AT_decl_line
	.long	307                             @ DW_AT_type
	.byte	5                               @ Abbrev [5] 0x1ec:0xe DW_TAG_variable
	.byte	2                               @ DW_AT_location
	.byte	145
	.byte	28
	.long	.Linfo_string28                 @ DW_AT_name
	.byte	3                               @ DW_AT_decl_file
	.byte	101                             @ DW_AT_decl_line
	.long	585                             @ DW_AT_type
	.byte	5                               @ Abbrev [5] 0x1fa:0xe DW_TAG_variable
	.byte	2                               @ DW_AT_location
	.byte	145
	.byte	24
	.long	.Linfo_string73                 @ DW_AT_name
	.byte	3                               @ DW_AT_decl_file
	.byte	102                             @ DW_AT_decl_line
	.long	142                             @ DW_AT_type
	.byte	5                               @ Abbrev [5] 0x208:0xe DW_TAG_variable
	.byte	2                               @ DW_AT_location
	.byte	145
	.byte	20
	.long	.Linfo_string74                 @ DW_AT_name
	.byte	3                               @ DW_AT_decl_file
	.byte	102                             @ DW_AT_decl_line
	.long	142                             @ DW_AT_type
	.byte	5                               @ Abbrev [5] 0x216:0xe DW_TAG_variable
	.byte	2                               @ DW_AT_location
	.byte	145
	.byte	16
	.long	.Linfo_string75                 @ DW_AT_name
	.byte	3                               @ DW_AT_decl_file
	.byte	102                             @ DW_AT_decl_line
	.long	142                             @ DW_AT_type
	.byte	0                               @ End Of Children Mark
	.byte	16                              @ Abbrev [16] 0x225:0x24 DW_TAG_subprogram
	.long	.Lfunc_begin2                   @ DW_AT_low_pc
	.long	.Lfunc_end2-.Lfunc_begin2       @ DW_AT_high_pc
	.byte	1                               @ DW_AT_frame_base
	.byte	93
	.long	.Linfo_string25                 @ DW_AT_name
	.byte	3                               @ DW_AT_decl_file
	.byte	172                             @ DW_AT_decl_line
                                        @ DW_AT_prototyped
	.long	375                             @ DW_AT_type
                                        @ DW_AT_external
	.byte	5                               @ Abbrev [5] 0x23a:0xe DW_TAG_variable
	.byte	2                               @ DW_AT_location
	.byte	145
	.byte	0
	.long	.Linfo_string76                 @ DW_AT_name
	.byte	3                               @ DW_AT_decl_file
	.byte	174                             @ DW_AT_decl_line
	.long	375                             @ DW_AT_type
	.byte	0                               @ End Of Children Mark
	.byte	17                              @ Abbrev [17] 0x249:0x5 DW_TAG_const_type
	.long	393                             @ DW_AT_type
	.byte	8                               @ Abbrev [8] 0x24e:0xb DW_TAG_typedef
	.long	601                             @ DW_AT_type
	.long	.Linfo_string71                 @ DW_AT_name
	.byte	6                               @ DW_AT_decl_file
	.byte	155                             @ DW_AT_decl_line
	.byte	18                              @ Abbrev [18] 0x259:0x69 DW_TAG_structure_type
	.long	.Linfo_string70                 @ DW_AT_name
	.byte	64                              @ DW_AT_byte_size
	.byte	6                               @ DW_AT_decl_file
	.byte	143                             @ DW_AT_decl_line
	.byte	19                              @ Abbrev [19] 0x261:0xc DW_TAG_member
	.long	.Linfo_string30                 @ DW_AT_name
	.long	706                             @ DW_AT_type
	.byte	6                               @ DW_AT_decl_file
	.byte	145                             @ DW_AT_decl_line
	.byte	0                               @ DW_AT_data_member_location
	.byte	19                              @ Abbrev [19] 0x26d:0xc DW_TAG_member
	.long	.Linfo_string32                 @ DW_AT_name
	.long	730                             @ DW_AT_type
	.byte	6                               @ DW_AT_decl_file
	.byte	146                             @ DW_AT_decl_line
	.byte	4                               @ DW_AT_data_member_location
	.byte	19                              @ Abbrev [19] 0x279:0xc DW_TAG_member
	.long	.Linfo_string33                 @ DW_AT_name
	.long	429                             @ DW_AT_type
	.byte	6                               @ DW_AT_decl_file
	.byte	147                             @ DW_AT_decl_line
	.byte	8                               @ DW_AT_data_member_location
	.byte	19                              @ Abbrev [19] 0x285:0xc DW_TAG_member
	.long	.Linfo_string34                 @ DW_AT_name
	.long	729                             @ DW_AT_type
	.byte	6                               @ DW_AT_decl_file
	.byte	148                             @ DW_AT_decl_line
	.byte	12                              @ DW_AT_data_member_location
	.byte	19                              @ Abbrev [19] 0x291:0xc DW_TAG_member
	.long	.Linfo_string27                 @ DW_AT_name
	.long	393                             @ DW_AT_type
	.byte	6                               @ DW_AT_decl_file
	.byte	149                             @ DW_AT_decl_line
	.byte	16                              @ DW_AT_data_member_location
	.byte	19                              @ Abbrev [19] 0x29d:0xc DW_TAG_member
	.long	.Linfo_string35                 @ DW_AT_name
	.long	740                             @ DW_AT_type
	.byte	6                               @ DW_AT_decl_file
	.byte	150                             @ DW_AT_decl_line
	.byte	20                              @ DW_AT_data_member_location
	.byte	19                              @ Abbrev [19] 0x2a9:0xc DW_TAG_member
	.long	.Linfo_string36                 @ DW_AT_name
	.long	745                             @ DW_AT_type
	.byte	6                               @ DW_AT_decl_file
	.byte	151                             @ DW_AT_decl_line
	.byte	24                              @ DW_AT_data_member_location
	.byte	19                              @ Abbrev [19] 0x2b5:0xc DW_TAG_member
	.long	.Linfo_string42                 @ DW_AT_name
	.long	813                             @ DW_AT_type
	.byte	6                               @ DW_AT_decl_file
	.byte	153                             @ DW_AT_decl_line
	.byte	60                              @ DW_AT_data_member_location
	.byte	0                               @ End Of Children Mark
	.byte	8                               @ Abbrev [8] 0x2c2:0xb DW_TAG_typedef
	.long	717                             @ DW_AT_type
	.long	.Linfo_string31                 @ DW_AT_name
	.byte	5                               @ DW_AT_decl_file
	.byte	36                              @ DW_AT_decl_line
	.byte	13                              @ Abbrev [13] 0x2cd:0x5 DW_TAG_pointer_type
	.long	722                             @ DW_AT_type
	.byte	20                              @ Abbrev [20] 0x2d2:0x7 DW_TAG_subroutine_type
                                        @ DW_AT_prototyped
	.byte	21                              @ Abbrev [21] 0x2d3:0x5 DW_TAG_formal_parameter
	.long	729                             @ DW_AT_type
	.byte	0                               @ End Of Children Mark
	.byte	22                              @ Abbrev [22] 0x2d9:0x1 DW_TAG_pointer_type
	.byte	13                              @ Abbrev [13] 0x2da:0x5 DW_TAG_pointer_type
	.long	735                             @ DW_AT_type
	.byte	17                              @ Abbrev [17] 0x2df:0x5 DW_TAG_const_type
	.long	192                             @ DW_AT_type
	.byte	13                              @ Abbrev [13] 0x2e4:0x5 DW_TAG_pointer_type
	.long	131                             @ DW_AT_type
	.byte	6                               @ Abbrev [6] 0x2e9:0xc DW_TAG_array_type
	.long	757                             @ DW_AT_type
	.byte	7                               @ Abbrev [7] 0x2ee:0x6 DW_TAG_subrange_type
	.long	160                             @ DW_AT_type
	.byte	3                               @ DW_AT_count
	.byte	0                               @ End Of Children Mark
	.byte	8                               @ Abbrev [8] 0x2f5:0xb DW_TAG_typedef
	.long	768                             @ DW_AT_type
	.long	.Linfo_string41                 @ DW_AT_name
	.byte	6                               @ DW_AT_decl_file
	.byte	138                             @ DW_AT_decl_line
	.byte	18                              @ Abbrev [18] 0x300:0x2d DW_TAG_structure_type
	.long	.Linfo_string40                 @ DW_AT_name
	.byte	12                              @ DW_AT_byte_size
	.byte	6                               @ DW_AT_decl_file
	.byte	133                             @ DW_AT_decl_line
	.byte	19                              @ Abbrev [19] 0x308:0xc DW_TAG_member
	.long	.Linfo_string37                 @ DW_AT_name
	.long	729                             @ DW_AT_type
	.byte	6                               @ DW_AT_decl_file
	.byte	135                             @ DW_AT_decl_line
	.byte	0                               @ DW_AT_data_member_location
	.byte	19                              @ Abbrev [19] 0x314:0xc DW_TAG_member
	.long	.Linfo_string38                 @ DW_AT_name
	.long	142                             @ DW_AT_type
	.byte	6                               @ DW_AT_decl_file
	.byte	136                             @ DW_AT_decl_line
	.byte	4                               @ DW_AT_data_member_location
	.byte	19                              @ Abbrev [19] 0x320:0xc DW_TAG_member
	.long	.Linfo_string39                 @ DW_AT_name
	.long	142                             @ DW_AT_type
	.byte	6                               @ DW_AT_decl_file
	.byte	137                             @ DW_AT_decl_line
	.byte	8                               @ DW_AT_data_member_location
	.byte	0                               @ End Of Children Mark
	.byte	17                              @ Abbrev [17] 0x32d:0x5 DW_TAG_const_type
	.long	818                             @ DW_AT_type
	.byte	13                              @ Abbrev [13] 0x332:0x5 DW_TAG_pointer_type
	.long	823                             @ DW_AT_type
	.byte	23                              @ Abbrev [23] 0x337:0xc DW_TAG_typedef
	.long	835                             @ DW_AT_type
	.long	.Linfo_string69                 @ DW_AT_name
	.byte	7                               @ DW_AT_decl_file
	.short	1316                            @ DW_AT_decl_line
	.byte	24                              @ Abbrev [24] 0x343:0xa6 DW_TAG_structure_type
	.long	.Linfo_string68                 @ DW_AT_name
	.byte	220                             @ DW_AT_byte_size
	.byte	7                               @ DW_AT_decl_file
	.short	1268                            @ DW_AT_decl_line
	.byte	25                              @ Abbrev [25] 0x34c:0xd DW_TAG_member
	.long	.Linfo_string43                 @ DW_AT_name
	.long	729                             @ DW_AT_type
	.byte	7                               @ DW_AT_decl_file
	.short	1270                            @ DW_AT_decl_line
	.byte	0                               @ DW_AT_data_member_location
	.byte	25                              @ Abbrev [25] 0x359:0xd DW_TAG_member
	.long	.Linfo_string44                 @ DW_AT_name
	.long	1001                            @ DW_AT_type
	.byte	7                               @ DW_AT_decl_file
	.short	1272                            @ DW_AT_decl_line
	.byte	4                               @ DW_AT_data_member_location
	.byte	25                              @ Abbrev [25] 0x366:0xd DW_TAG_member
	.long	.Linfo_string54                 @ DW_AT_name
	.long	1130                            @ DW_AT_type
	.byte	7                               @ DW_AT_decl_file
	.short	1274                            @ DW_AT_decl_line
	.byte	124                             @ DW_AT_data_member_location
	.byte	25                              @ Abbrev [25] 0x373:0xd DW_TAG_member
	.long	.Linfo_string59                 @ DW_AT_name
	.long	393                             @ DW_AT_type
	.byte	7                               @ DW_AT_decl_file
	.short	1275                            @ DW_AT_decl_line
	.byte	164                             @ DW_AT_data_member_location
	.byte	25                              @ Abbrev [25] 0x380:0xd DW_TAG_member
	.long	.Linfo_string60                 @ DW_AT_name
	.long	729                             @ DW_AT_type
	.byte	7                               @ DW_AT_decl_file
	.short	1276                            @ DW_AT_decl_line
	.byte	168                             @ DW_AT_data_member_location
	.byte	25                              @ Abbrev [25] 0x38d:0xd DW_TAG_member
	.long	.Linfo_string61                 @ DW_AT_name
	.long	1213                            @ DW_AT_type
	.byte	7                               @ DW_AT_decl_file
	.short	1277                            @ DW_AT_decl_line
	.byte	172                             @ DW_AT_data_member_location
	.byte	25                              @ Abbrev [25] 0x39a:0xd DW_TAG_member
	.long	.Linfo_string62                 @ DW_AT_name
	.long	1225                            @ DW_AT_type
	.byte	7                               @ DW_AT_decl_file
	.short	1285                            @ DW_AT_decl_line
	.byte	184                             @ DW_AT_data_member_location
	.byte	25                              @ Abbrev [25] 0x3a7:0xd DW_TAG_member
	.long	.Linfo_string63                 @ DW_AT_name
	.long	1225                            @ DW_AT_type
	.byte	7                               @ DW_AT_decl_file
	.short	1288                            @ DW_AT_decl_line
	.byte	192                             @ DW_AT_data_member_location
	.byte	25                              @ Abbrev [25] 0x3b4:0xd DW_TAG_member
	.long	.Linfo_string64                 @ DW_AT_name
	.long	1237                            @ DW_AT_type
	.byte	7                               @ DW_AT_decl_file
	.short	1303                            @ DW_AT_decl_line
	.byte	200                             @ DW_AT_data_member_location
	.byte	25                              @ Abbrev [25] 0x3c1:0xd DW_TAG_member
	.long	.Linfo_string65                 @ DW_AT_name
	.long	1249                            @ DW_AT_type
	.byte	7                               @ DW_AT_decl_file
	.short	1304                            @ DW_AT_decl_line
	.byte	212                             @ DW_AT_data_member_location
	.byte	25                              @ Abbrev [25] 0x3ce:0xd DW_TAG_member
	.long	.Linfo_string66                 @ DW_AT_name
	.long	411                             @ DW_AT_type
	.byte	7                               @ DW_AT_decl_file
	.short	1307                            @ DW_AT_decl_line
	.byte	215                             @ DW_AT_data_member_location
	.byte	25                              @ Abbrev [25] 0x3db:0xd DW_TAG_member
	.long	.Linfo_string67                 @ DW_AT_name
	.long	411                             @ DW_AT_type
	.byte	7                               @ DW_AT_decl_file
	.short	1311                            @ DW_AT_decl_line
	.byte	216                             @ DW_AT_data_member_location
	.byte	0                               @ End Of Children Mark
	.byte	23                              @ Abbrev [23] 0x3e9:0xc DW_TAG_typedef
	.long	1013                            @ DW_AT_type
	.long	.Linfo_string53                 @ DW_AT_name
	.byte	2                               @ DW_AT_decl_file
	.short	269                             @ DW_AT_decl_line
	.byte	24                              @ Abbrev [24] 0x3f5:0x31 DW_TAG_structure_type
	.long	.Linfo_string52                 @ DW_AT_name
	.byte	120                             @ DW_AT_byte_size
	.byte	2                               @ DW_AT_decl_file
	.short	264                             @ DW_AT_decl_line
	.byte	25                              @ Abbrev [25] 0x3fe:0xd DW_TAG_member
	.long	.Linfo_string45                 @ DW_AT_name
	.long	142                             @ DW_AT_type
	.byte	2                               @ DW_AT_decl_file
	.short	266                             @ DW_AT_decl_line
	.byte	0                               @ DW_AT_data_member_location
	.byte	25                              @ Abbrev [25] 0x40b:0xd DW_TAG_member
	.long	.Linfo_string46                 @ DW_AT_name
	.long	1062                            @ DW_AT_type
	.byte	2                               @ DW_AT_decl_file
	.short	267                             @ DW_AT_decl_line
	.byte	4                               @ DW_AT_data_member_location
	.byte	25                              @ Abbrev [25] 0x418:0xd DW_TAG_member
	.long	.Linfo_string51                 @ DW_AT_name
	.long	1118                            @ DW_AT_type
	.byte	2                               @ DW_AT_decl_file
	.short	268                             @ DW_AT_decl_line
	.byte	36                              @ DW_AT_data_member_location
	.byte	0                               @ End Of Children Mark
	.byte	6                               @ Abbrev [6] 0x426:0xc DW_TAG_array_type
	.long	1074                            @ DW_AT_type
	.byte	7                               @ Abbrev [7] 0x42b:0x6 DW_TAG_subrange_type
	.long	160                             @ DW_AT_type
	.byte	4                               @ DW_AT_count
	.byte	0                               @ End Of Children Mark
	.byte	8                               @ Abbrev [8] 0x432:0xb DW_TAG_typedef
	.long	1085                            @ DW_AT_type
	.long	.Linfo_string50                 @ DW_AT_name
	.byte	2                               @ DW_AT_decl_file
	.byte	196                             @ DW_AT_decl_line
	.byte	18                              @ Abbrev [18] 0x43d:0x21 DW_TAG_structure_type
	.long	.Linfo_string49                 @ DW_AT_name
	.byte	8                               @ DW_AT_byte_size
	.byte	2                               @ DW_AT_decl_file
	.byte	192                             @ DW_AT_decl_line
	.byte	19                              @ Abbrev [19] 0x445:0xc DW_TAG_member
	.long	.Linfo_string47                 @ DW_AT_name
	.long	142                             @ DW_AT_type
	.byte	2                               @ DW_AT_decl_file
	.byte	194                             @ DW_AT_decl_line
	.byte	0                               @ DW_AT_data_member_location
	.byte	19                              @ Abbrev [19] 0x451:0xc DW_TAG_member
	.long	.Linfo_string48                 @ DW_AT_name
	.long	142                             @ DW_AT_type
	.byte	2                               @ DW_AT_decl_file
	.byte	195                             @ DW_AT_decl_line
	.byte	4                               @ DW_AT_data_member_location
	.byte	0                               @ End Of Children Mark
	.byte	6                               @ Abbrev [6] 0x45e:0xc DW_TAG_array_type
	.long	142                             @ DW_AT_type
	.byte	7                               @ Abbrev [7] 0x463:0x6 DW_TAG_subrange_type
	.long	160                             @ DW_AT_type
	.byte	21                              @ DW_AT_count
	.byte	0                               @ End Of Children Mark
	.byte	6                               @ Abbrev [6] 0x46a:0xc DW_TAG_array_type
	.long	1142                            @ DW_AT_type
	.byte	7                               @ Abbrev [7] 0x46f:0x6 DW_TAG_subrange_type
	.long	160                             @ DW_AT_type
	.byte	2                               @ DW_AT_count
	.byte	0                               @ End Of Children Mark
	.byte	23                              @ Abbrev [23] 0x476:0xc DW_TAG_typedef
	.long	1154                            @ DW_AT_type
	.long	.Linfo_string58                 @ DW_AT_name
	.byte	7                               @ DW_AT_decl_file
	.short	1224                            @ DW_AT_decl_line
	.byte	24                              @ Abbrev [24] 0x482:0x24 DW_TAG_structure_type
	.long	.Linfo_string57                 @ DW_AT_name
	.byte	20                              @ DW_AT_byte_size
	.byte	7                               @ DW_AT_decl_file
	.short	1213                            @ DW_AT_decl_line
	.byte	25                              @ Abbrev [25] 0x48b:0xd DW_TAG_member
	.long	.Linfo_string44                 @ DW_AT_name
	.long	1190                            @ DW_AT_type
	.byte	7                               @ DW_AT_decl_file
	.short	1218                            @ DW_AT_decl_line
	.byte	0                               @ DW_AT_data_member_location
	.byte	25                              @ Abbrev [25] 0x498:0xd DW_TAG_member
	.long	.Linfo_string56                 @ DW_AT_name
	.long	1201                            @ DW_AT_type
	.byte	7                               @ DW_AT_decl_file
	.short	1219                            @ DW_AT_decl_line
	.byte	4                               @ DW_AT_data_member_location
	.byte	0                               @ End Of Children Mark
	.byte	8                               @ Abbrev [8] 0x4a6:0xb DW_TAG_typedef
	.long	142                             @ DW_AT_type
	.long	.Linfo_string55                 @ DW_AT_name
	.byte	2                               @ DW_AT_decl_file
	.byte	81                              @ DW_AT_decl_line
	.byte	6                               @ Abbrev [6] 0x4b1:0xc DW_TAG_array_type
	.long	729                             @ DW_AT_type
	.byte	7                               @ Abbrev [7] 0x4b6:0x6 DW_TAG_subrange_type
	.long	160                             @ DW_AT_type
	.byte	4                               @ DW_AT_count
	.byte	0                               @ End Of Children Mark
	.byte	6                               @ Abbrev [6] 0x4bd:0xc DW_TAG_array_type
	.long	411                             @ DW_AT_type
	.byte	7                               @ Abbrev [7] 0x4c2:0x6 DW_TAG_subrange_type
	.long	160                             @ DW_AT_type
	.byte	12                              @ DW_AT_count
	.byte	0                               @ End Of Children Mark
	.byte	6                               @ Abbrev [6] 0x4c9:0xc DW_TAG_array_type
	.long	393                             @ DW_AT_type
	.byte	7                               @ Abbrev [7] 0x4ce:0x6 DW_TAG_subrange_type
	.long	160                             @ DW_AT_type
	.byte	2                               @ DW_AT_count
	.byte	0                               @ End Of Children Mark
	.byte	6                               @ Abbrev [6] 0x4d5:0xc DW_TAG_array_type
	.long	142                             @ DW_AT_type
	.byte	7                               @ Abbrev [7] 0x4da:0x6 DW_TAG_subrange_type
	.long	160                             @ DW_AT_type
	.byte	3                               @ DW_AT_count
	.byte	0                               @ End Of Children Mark
	.byte	6                               @ Abbrev [6] 0x4e1:0xc DW_TAG_array_type
	.long	411                             @ DW_AT_type
	.byte	7                               @ Abbrev [7] 0x4e6:0x6 DW_TAG_subrange_type
	.long	160                             @ DW_AT_type
	.byte	3                               @ DW_AT_count
	.byte	0                               @ End Of Children Mark
	.byte	17                              @ Abbrev [17] 0x4ed:0x5 DW_TAG_const_type
	.long	142                             @ DW_AT_type
	.byte	0                               @ End Of Children Mark
.Ldebug_info_end0:
	.section	.debug_ranges,"",%progbits
.Ldebug_ranges0:
	.long	.Lfunc_begin0
	.long	.Lfunc_end0
	.long	.Lfunc_begin1
	.long	.Lfunc_end1
	.long	.Lfunc_begin2
	.long	.Lfunc_end2
	.long	.Lfunc_begin3
	.long	.Lfunc_end3
	.long	0
	.long	0
	.section	.debug_str,"MS",%progbits,1
.Linfo_string0:
	.asciz	"Component: Arm Compiler for Embedded 6.19 Tool: armclang [5e73cb00]" @ string offset=0
.Linfo_string1:
	.asciz	"../../../CORTEX_MPU_M3_NUCLEO_L152RE_GCC/Demo\\QueueOverwrite.c" @ string offset=68
.Linfo_string2:
	.asciz	"C:\\Users\\karahulx\\Downloads\\Kernel\\FreeRTOS\\FreeRTOS\\Demo\\CORTEX_MPU_M23_Nuvoton_NuMaker_PFM_M2351_IAR_GCC\\Projects_NTZ\\Keil" @ string offset=131
.Linfo_string3:
	.asciz	"xQueueOverwriteTaskStack"      @ string offset=256
.Linfo_string4:
	.asciz	"unsigned int"                  @ string offset=281
.Linfo_string5:
	.asciz	"uint32_t"                      @ string offset=294
.Linfo_string6:
	.asciz	"StackType_t"                   @ string offset=303
.Linfo_string7:
	.asciz	"__ARRAY_SIZE_TYPE__"           @ string offset=315
.Linfo_string8:
	.asciz	"char"                          @ string offset=335
.Linfo_string9:
	.asciz	"ulCallCount"                   @ string offset=340
.Linfo_string10:
	.asciz	"xISRQueue"                     @ string offset=352
.Linfo_string11:
	.asciz	"QueueDefinition"               @ string offset=362
.Linfo_string12:
	.asciz	"QueueHandle_t"                 @ string offset=378
.Linfo_string13:
	.asciz	"ulLoopCounter"                 @ string offset=392
.Linfo_string14:
	.asciz	"xISRTestStatus"                @ string offset=406
.Linfo_string15:
	.asciz	"long"                          @ string offset=421
.Linfo_string16:
	.asciz	"BaseType_t"                    @ string offset=426
.Linfo_string17:
	.asciz	"unsigned long"                 @ string offset=437
.Linfo_string18:
	.asciz	"UBaseType_t"                   @ string offset=451
.Linfo_string19:
	.asciz	"unsigned char"                 @ string offset=463
.Linfo_string20:
	.asciz	"uint8_t"                       @ string offset=477
.Linfo_string21:
	.asciz	"unsigned short"                @ string offset=485
.Linfo_string22:
	.asciz	"uint16_t"                      @ string offset=500
.Linfo_string23:
	.asciz	"vStartQueueOverwriteTask"      @ string offset=509
.Linfo_string24:
	.asciz	"prvQueueOverwriteTask"         @ string offset=534
.Linfo_string25:
	.asciz	"xIsQueueOverwriteTaskStillRunning" @ string offset=556
.Linfo_string26:
	.asciz	"vQueueOverwritePeriodicISRDemo" @ string offset=590
.Linfo_string27:
	.asciz	"uxPriority"                    @ string offset=621
.Linfo_string28:
	.asciz	"uxQueueLength"                 @ string offset=632
.Linfo_string29:
	.asciz	"xQueueOverwriteTask"           @ string offset=646
.Linfo_string30:
	.asciz	"pvTaskCode"                    @ string offset=666
.Linfo_string31:
	.asciz	"TaskFunction_t"                @ string offset=677
.Linfo_string32:
	.asciz	"pcName"                        @ string offset=692
.Linfo_string33:
	.asciz	"usStackDepth"                  @ string offset=699
.Linfo_string34:
	.asciz	"pvParameters"                  @ string offset=712
.Linfo_string35:
	.asciz	"puxStackBuffer"                @ string offset=725
.Linfo_string36:
	.asciz	"xRegions"                      @ string offset=740
.Linfo_string37:
	.asciz	"pvBaseAddress"                 @ string offset=749
.Linfo_string38:
	.asciz	"ulLengthInBytes"               @ string offset=763
.Linfo_string39:
	.asciz	"ulParameters"                  @ string offset=779
.Linfo_string40:
	.asciz	"xMEMORY_REGION"                @ string offset=792
.Linfo_string41:
	.asciz	"MemoryRegion_t"                @ string offset=807
.Linfo_string42:
	.asciz	"pxTaskBuffer"                  @ string offset=822
.Linfo_string43:
	.asciz	"pxDummy1"                      @ string offset=835
.Linfo_string44:
	.asciz	"xDummy2"                       @ string offset=844
.Linfo_string45:
	.asciz	"ulMAIR0"                       @ string offset=852
.Linfo_string46:
	.asciz	"xRegionsSettings"              @ string offset=860
.Linfo_string47:
	.asciz	"ulRBAR"                        @ string offset=877
.Linfo_string48:
	.asciz	"ulRLAR"                        @ string offset=884
.Linfo_string49:
	.asciz	"MPURegionSettings"             @ string offset=891
.Linfo_string50:
	.asciz	"MPURegionSettings_t"           @ string offset=909
.Linfo_string51:
	.asciz	"ulContext"                     @ string offset=929
.Linfo_string52:
	.asciz	"MPU_SETTINGS"                  @ string offset=939
.Linfo_string53:
	.asciz	"xMPU_SETTINGS"                 @ string offset=952
.Linfo_string54:
	.asciz	"xDummy3"                       @ string offset=966
.Linfo_string55:
	.asciz	"TickType_t"                    @ string offset=974
.Linfo_string56:
	.asciz	"pvDummy3"                      @ string offset=985
.Linfo_string57:
	.asciz	"xSTATIC_LIST_ITEM"             @ string offset=994
.Linfo_string58:
	.asciz	"StaticListItem_t"              @ string offset=1012
.Linfo_string59:
	.asciz	"uxDummy5"                      @ string offset=1029
.Linfo_string60:
	.asciz	"pxDummy6"                      @ string offset=1038
.Linfo_string61:
	.asciz	"ucDummy7"                      @ string offset=1047
.Linfo_string62:
	.asciz	"uxDummy10"                     @ string offset=1056
.Linfo_string63:
	.asciz	"uxDummy12"                     @ string offset=1066
.Linfo_string64:
	.asciz	"ulDummy18"                     @ string offset=1076
.Linfo_string65:
	.asciz	"ucDummy19"                     @ string offset=1086
.Linfo_string66:
	.asciz	"uxDummy20"                     @ string offset=1096
.Linfo_string67:
	.asciz	"ucDummy21"                     @ string offset=1106
.Linfo_string68:
	.asciz	"xSTATIC_TCB"                   @ string offset=1116
.Linfo_string69:
	.asciz	"StaticTask_t"                  @ string offset=1128
.Linfo_string70:
	.asciz	"xTASK_PARAMETERS"              @ string offset=1141
.Linfo_string71:
	.asciz	"TaskParameters_t"              @ string offset=1158
.Linfo_string72:
	.asciz	"xTaskQueue"                    @ string offset=1175
.Linfo_string73:
	.asciz	"ulValue"                       @ string offset=1186
.Linfo_string74:
	.asciz	"ulStatus"                      @ string offset=1194
.Linfo_string75:
	.asciz	"x"                             @ string offset=1203
.Linfo_string76:
	.asciz	"xReturn"                       @ string offset=1205
.Linfo_string77:
	.asciz	"ulTx1"                         @ string offset=1213
.Linfo_string78:
	.asciz	"ulTx2"                         @ string offset=1219
.Linfo_string79:
	.asciz	"ulNumberOfSwitchCases"         @ string offset=1225
.Linfo_string80:
	.asciz	"ulRx"                          @ string offset=1247
	.ident	"Component: Arm Compiler for Embedded 6.19 Tool: armclang [5e73cb00]"
	.section	".note.GNU-stack","",%progbits
	.eabi_attribute	30, 6	@ Tag_ABI_optimization_goals
	.ARM_attribute	16, 1	@ Tag_AV_eba
	.section	.debug_line,"",%progbits
.Lline_table_start0:
