	.text
	.syntax unified
	.eabi_attribute	67, "2.09"	@ Tag_conformance
	.eabi_attribute	6, 16	@ Tag_CPU_arch
	.eabi_attribute	7, 77	@ Tag_CPU_arch_profile
	.eabi_attribute	8, 0	@ Tag_ARM_ISA_use
	.eabi_attribute	9, 3	@ Tag_THUMB_ISA_use
	.eabi_attribute	34, 0	@ Tag_CPU_unaligned_access
	.eabi_attribute	17, 1	@ Tag_ABI_PCS_GOT_use
	.eabi_attribute	20, 2	@ Tag_ABI_FP_denormal
	.eabi_attribute	21, 0	@ Tag_ABI_FP_exceptions
	.eabi_attribute	23, 1	@ Tag_ABI_FP_number_model
	.eabi_attribute	24, 1	@ Tag_ABI_align_needed
	.eabi_attribute	25, 1	@ Tag_ABI_align_preserved
	.eabi_attribute	38, 1	@ Tag_ABI_FP_16bit_format
	.eabi_attribute	18, 4	@ Tag_ABI_PCS_wchar_t
	.eabi_attribute	26, 2	@ Tag_ABI_enum_size
	.eabi_attribute	14, 0	@ Tag_ABI_PCS_R9_use
	.file	"StreamBufferInterrupt.c"
	.file	1 "C:\\Keil_v5\\ARM\\ARMCLANG\\Bin\\..\\include" "stdint.h"
	.file	2 "C:\\Users\\karahulx\\Downloads\\Kernel\\FreeRTOS\\FreeRTOS\\Demo\\CORTEX_MPU_M23_Nuvoton_NuMaker_PFM_M2351_IAR_GCC\\Projects_NTZ\\Keil" "../../../../Source/portable/GCC/ARM_CM23_NTZ/non_secure/portmacrocommon.h"
	.file	3 "C:\\Users\\karahulx\\Downloads\\Kernel\\FreeRTOS\\FreeRTOS\\Demo\\CORTEX_MPU_M23_Nuvoton_NuMaker_PFM_M2351_IAR_GCC\\Projects_NTZ\\Keil" "../../../CORTEX_MPU_M3_NUCLEO_L152RE_GCC/Demo/StreamBufferInterrupt.c"
	.file	4 "C:\\Keil_v5\\ARM\\ARMCLANG\\Bin\\..\\include" "stdio.h"
	.file	5 "C:\\Users\\karahulx\\Downloads\\Kernel\\FreeRTOS\\FreeRTOS\\Demo\\CORTEX_MPU_M23_Nuvoton_NuMaker_PFM_M2351_IAR_GCC\\Projects_NTZ\\Keil" "../../../../Source/include\\stream_buffer.h"
	.section	.text.vStartStreamBufferInterruptDemo,"ax",%progbits
	.hidden	vStartStreamBufferInterruptDemo @ -- Begin function vStartStreamBufferInterruptDemo
	.globl	vStartStreamBufferInterruptDemo
	.p2align	1
	.type	vStartStreamBufferInterruptDemo,%function
	.code	16                              @ @vStartStreamBufferInterruptDemo
	.thumb_func
vStartStreamBufferInterruptDemo:
.Lfunc_begin0:
	.loc	3 85 0                          @ ../../../CORTEX_MPU_M3_NUCLEO_L152RE_GCC/Demo/StreamBufferInterrupt.c:85:0
	.fnstart
	.cfi_sections .debug_frame
	.cfi_startproc
@ %bb.0:
	.save	{r4, r5, r6, r7, lr}
	push	{r4, r5, r6, r7, lr}
	.cfi_def_cfa_offset 20
	.cfi_offset lr, -4
	.cfi_offset r7, -8
	.cfi_offset r6, -12
	.cfi_offset r5, -16
	.cfi_offset r4, -20
	.pad	#76
	sub	sp, #76
	.cfi_def_cfa_offset 96
	movs	r3, #0
.Ltmp0:
	.loc	3 90 26 prologue_end            @ ../../../CORTEX_MPU_M3_NUCLEO_L152RE_GCC/Demo/StreamBufferInterrupt.c:90:26
	str	r3, [sp, #8]                    @ 4-byte Spill
	str	r3, [sp]
	movs	r0, #100
	movs	r1, #10
	mov	r2, r3
	bl	MPU_xStreamBufferGenericCreate
	ldr	r1, [sp, #8]                    @ 4-byte Reload
	.loc	3 90 24 is_stmt 0               @ ../../../CORTEX_MPU_M3_NUCLEO_L152RE_GCC/Demo/StreamBufferInterrupt.c:90:24
	movw	r2, :lower16:xStreamBuffer
	movt	r2, :upper16:xStreamBuffer
	str	r0, [r2]
	.loc	3 94 22 is_stmt 1               @ ../../../CORTEX_MPU_M3_NUCLEO_L152RE_GCC/Demo/StreamBufferInterrupt.c:94:22
	movw	r3, :lower16:.L__const.vStartStreamBufferInterruptDemo.xReceivingTaskParameters
	movt	r3, :upper16:.L__const.vStartStreamBufferInterruptDemo.xReceivingTaskParameters
	add	r0, sp, #12
	mov	r2, r0
	ldm	r3!, {r4, r5, r6, r7}
	stm	r2!, {r4, r5, r6, r7}
	ldm	r3!, {r4, r5, r6, r7}
	stm	r2!, {r4, r5, r6, r7}
	ldm	r3!, {r4, r5, r6, r7}
	stm	r2!, {r4, r5, r6, r7}
	ldm	r3!, {r4, r5, r6, r7}
	stm	r2!, {r4, r5, r6, r7}
	.loc	3 113 5                         @ ../../../CORTEX_MPU_M3_NUCLEO_L152RE_GCC/Demo/StreamBufferInterrupt.c:113:5
	bl	xTaskCreateRestricted
	.loc	3 114 1                         @ ../../../CORTEX_MPU_M3_NUCLEO_L152RE_GCC/Demo/StreamBufferInterrupt.c:114:1
	add	sp, #76
	pop	{r4, r5, r6, r7, pc}
.Ltmp1:
.Lfunc_end0:
	.size	vStartStreamBufferInterruptDemo, .Lfunc_end0-vStartStreamBufferInterruptDemo
	.cfi_endproc
	.cantunwind
	.fnend
                                        @ -- End function
	.section	.text.prvReceivingTask,"ax",%progbits
	.p2align	1                               @ -- Begin function prvReceivingTask
	.type	prvReceivingTask,%function
	.code	16                              @ @prvReceivingTask
	.thumb_func
prvReceivingTask:
.Lfunc_begin1:
	.loc	3 118 0                         @ ../../../CORTEX_MPU_M3_NUCLEO_L152RE_GCC/Demo/StreamBufferInterrupt.c:118:0
	.fnstart
	.cfi_startproc
@ %bb.0:
	.save	{r7, lr}
	push	{r7, lr}
	.cfi_def_cfa_offset 8
	.cfi_offset lr, -4
	.cfi_offset r7, -8
	.pad	#32
	sub	sp, #32
	.cfi_def_cfa_offset 40
	str	r0, [sp, #28]
	movs	r0, #0
.Ltmp2:
	.loc	3 120 16 prologue_end           @ ../../../CORTEX_MPU_M3_NUCLEO_L152RE_GCC/Demo/StreamBufferInterrupt.c:120:16
	str	r0, [sp, #4]
	.loc	3 124 18                        @ ../../../CORTEX_MPU_M3_NUCLEO_L152RE_GCC/Demo/StreamBufferInterrupt.c:124:18
	movw	r0, :lower16:.L.str.1
	movt	r0, :upper16:.L.str.1
	str	r0, [sp]
.Ltmp3:
	.loc	3 128 5                         @ ../../../CORTEX_MPU_M3_NUCLEO_L152RE_GCC/Demo/StreamBufferInterrupt.c:128:5
	ldr	r0, [sp]
	bl	strlen
.Ltmp4:
	.loc	3 128 5 is_stmt 0               @ ../../../CORTEX_MPU_M3_NUCLEO_L152RE_GCC/Demo/StreamBufferInterrupt.c:128:5
	cmp	r0, #20
	blo	.LBB1_3
	b	.LBB1_1
.LBB1_1:
.Ltmp5:
	.loc	3 128 5                         @ ../../../CORTEX_MPU_M3_NUCLEO_L152RE_GCC/Demo/StreamBufferInterrupt.c:128:5
	@APP
	cpsid i
	@NO_APP
	b	.LBB1_2
.LBB1_2:                                @ =>This Inner Loop Header: Depth=1
.Ltmp6:
	.loc	3 128 5                         @ ../../../CORTEX_MPU_M3_NUCLEO_L152RE_GCC/Demo/StreamBufferInterrupt.c:128:5
	b	.LBB1_2
.Ltmp7:
.LBB1_3:
	.loc	3 131 5 is_stmt 1               @ ../../../CORTEX_MPU_M3_NUCLEO_L152RE_GCC/Demo/StreamBufferInterrupt.c:131:5
	movw	r0, :lower16:xStreamBuffer
	movt	r0, :upper16:xStreamBuffer
	ldr	r0, [r0]
.Ltmp8:
	.loc	3 131 5 is_stmt 0               @ ../../../CORTEX_MPU_M3_NUCLEO_L152RE_GCC/Demo/StreamBufferInterrupt.c:131:5
	cbnz	r0, .LBB1_6
	b	.LBB1_4
.LBB1_4:
.Ltmp9:
	.loc	3 131 5                         @ ../../../CORTEX_MPU_M3_NUCLEO_L152RE_GCC/Demo/StreamBufferInterrupt.c:131:5
	@APP
	cpsid i
	@NO_APP
	b	.LBB1_5
.LBB1_5:                                @ =>This Inner Loop Header: Depth=1
.Ltmp10:
	.loc	3 131 5                         @ ../../../CORTEX_MPU_M3_NUCLEO_L152RE_GCC/Demo/StreamBufferInterrupt.c:131:5
	b	.LBB1_5
.Ltmp11:
.LBB1_6:
	.loc	3 0 5                           @ ../../../CORTEX_MPU_M3_NUCLEO_L152RE_GCC/Demo/StreamBufferInterrupt.c:0:5
	movs	r0, #0
	.loc	3 134 5 is_stmt 1               @ ../../../CORTEX_MPU_M3_NUCLEO_L152RE_GCC/Demo/StreamBufferInterrupt.c:134:5
	str	r0, [sp, #24]
	str	r0, [sp, #20]
	str	r0, [sp, #16]
	str	r0, [sp, #12]
	str	r0, [sp, #8]
	.loc	3 136 5                         @ ../../../CORTEX_MPU_M3_NUCLEO_L152RE_GCC/Demo/StreamBufferInterrupt.c:136:5
	b	.LBB1_7
.LBB1_7:                                @ =>This Inner Loop Header: Depth=1
.Ltmp12:
	.loc	3 142 31                        @ ../../../CORTEX_MPU_M3_NUCLEO_L152RE_GCC/Demo/StreamBufferInterrupt.c:142:31
	movw	r0, :lower16:xStreamBuffer
	movt	r0, :upper16:xStreamBuffer
	ldr	r0, [r0]
	.loc	3 143 56                        @ ../../../CORTEX_MPU_M3_NUCLEO_L152RE_GCC/Demo/StreamBufferInterrupt.c:143:56
	ldr	r2, [sp, #4]
	add	r1, sp, #8
	.loc	3 143 45 is_stmt 0              @ ../../../CORTEX_MPU_M3_NUCLEO_L152RE_GCC/Demo/StreamBufferInterrupt.c:143:45
	adds	r1, r1, r2
	movs	r2, #0
	mvns	r3, r2
	movs	r2, #1
	.loc	3 142 9 is_stmt 1               @ ../../../CORTEX_MPU_M3_NUCLEO_L152RE_GCC/Demo/StreamBufferInterrupt.c:142:9
	bl	MPU_xStreamBufferReceive
.Ltmp13:
	.loc	3 150 13                        @ ../../../CORTEX_MPU_M3_NUCLEO_L152RE_GCC/Demo/StreamBufferInterrupt.c:150:13
	ldr	r0, [sp, #4]
.Ltmp14:
	.loc	3 150 13 is_stmt 0              @ ../../../CORTEX_MPU_M3_NUCLEO_L152RE_GCC/Demo/StreamBufferInterrupt.c:150:13
	cbnz	r0, .LBB1_11
	b	.LBB1_8
.LBB1_8:                                @   in Loop: Header=BB1_7 Depth=1
.Ltmp15:
	.loc	3 152 28 is_stmt 1              @ ../../../CORTEX_MPU_M3_NUCLEO_L152RE_GCC/Demo/StreamBufferInterrupt.c:152:28
	ldr	r1, [sp, #4]
	add	r0, sp, #8
	.loc	3 152 17 is_stmt 0              @ ../../../CORTEX_MPU_M3_NUCLEO_L152RE_GCC/Demo/StreamBufferInterrupt.c:152:17
	ldrb	r0, [r0, r1]
.Ltmp16:
	.loc	3 152 17                        @ ../../../CORTEX_MPU_M3_NUCLEO_L152RE_GCC/Demo/StreamBufferInterrupt.c:152:17
	cmp	r0, #72
	bne	.LBB1_10
	b	.LBB1_9
.LBB1_9:                                @   in Loop: Header=BB1_7 Depth=1
.Ltmp17:
	.loc	3 156 26 is_stmt 1              @ ../../../CORTEX_MPU_M3_NUCLEO_L152RE_GCC/Demo/StreamBufferInterrupt.c:156:26
	ldr	r0, [sp, #4]
	adds	r0, r0, #1
	str	r0, [sp, #4]
	.loc	3 157 13                        @ ../../../CORTEX_MPU_M3_NUCLEO_L152RE_GCC/Demo/StreamBufferInterrupt.c:157:13
	b	.LBB1_10
.Ltmp18:
.LBB1_10:                               @   in Loop: Header=BB1_7 Depth=1
	.loc	3 158 9                         @ ../../../CORTEX_MPU_M3_NUCLEO_L152RE_GCC/Demo/StreamBufferInterrupt.c:158:9
	b	.LBB1_22
.Ltmp19:
.LBB1_11:                               @   in Loop: Header=BB1_7 Depth=1
	.loc	3 163 28                        @ ../../../CORTEX_MPU_M3_NUCLEO_L152RE_GCC/Demo/StreamBufferInterrupt.c:163:28
	ldr	r1, [sp, #4]
	add	r0, sp, #8
	.loc	3 163 17 is_stmt 0              @ ../../../CORTEX_MPU_M3_NUCLEO_L152RE_GCC/Demo/StreamBufferInterrupt.c:163:17
	ldrb	r0, [r0, r1]
.Ltmp20:
	.loc	3 163 17                        @ ../../../CORTEX_MPU_M3_NUCLEO_L152RE_GCC/Demo/StreamBufferInterrupt.c:163:17
	cmp	r0, #83
	bne	.LBB1_17
	b	.LBB1_12
.LBB1_12:                               @   in Loop: Header=BB1_7 Depth=1
.Ltmp21:
	.loc	3 166 40 is_stmt 1              @ ../../../CORTEX_MPU_M3_NUCLEO_L152RE_GCC/Demo/StreamBufferInterrupt.c:166:40
	ldr	r1, [sp]
	add	r0, sp, #8
	.loc	3 166 21 is_stmt 0              @ ../../../CORTEX_MPU_M3_NUCLEO_L152RE_GCC/Demo/StreamBufferInterrupt.c:166:21
	bl	strcmp
.Ltmp22:
	.loc	3 166 21                        @ ../../../CORTEX_MPU_M3_NUCLEO_L152RE_GCC/Demo/StreamBufferInterrupt.c:166:21
	cbz	r0, .LBB1_14
	b	.LBB1_13
.LBB1_13:                               @   in Loop: Header=BB1_7 Depth=1
.Ltmp23:
	.loc	3 168 38 is_stmt 1              @ ../../../CORTEX_MPU_M3_NUCLEO_L152RE_GCC/Demo/StreamBufferInterrupt.c:168:38
	movw	r1, :lower16:xDemoStatus
	movt	r1, :upper16:xDemoStatus
	movs	r0, #0
	str	r0, [r1]
	.loc	3 169 17                        @ ../../../CORTEX_MPU_M3_NUCLEO_L152RE_GCC/Demo/StreamBufferInterrupt.c:169:17
	b	.LBB1_14
.Ltmp24:
.LBB1_14:                               @   in Loop: Header=BB1_7 Depth=1
	.loc	3 0 17 is_stmt 0                @ ../../../CORTEX_MPU_M3_NUCLEO_L152RE_GCC/Demo/StreamBufferInterrupt.c:0:17
	movs	r0, #0
	.loc	3 173 17 is_stmt 1              @ ../../../CORTEX_MPU_M3_NUCLEO_L152RE_GCC/Demo/StreamBufferInterrupt.c:173:17
	str	r0, [sp, #24]
	str	r0, [sp, #20]
	str	r0, [sp, #16]
	str	r0, [sp, #12]
	str	r0, [sp, #8]
	.loc	3 174 27                        @ ../../../CORTEX_MPU_M3_NUCLEO_L152RE_GCC/Demo/StreamBufferInterrupt.c:174:27
	str	r0, [sp, #4]
.Ltmp25:
	.loc	3 178 21                        @ ../../../CORTEX_MPU_M3_NUCLEO_L152RE_GCC/Demo/StreamBufferInterrupt.c:178:21
	movw	r0, :lower16:xDemoStatus
	movt	r0, :upper16:xDemoStatus
	ldr	r0, [r0]
.Ltmp26:
	.loc	3 178 21 is_stmt 0              @ ../../../CORTEX_MPU_M3_NUCLEO_L152RE_GCC/Demo/StreamBufferInterrupt.c:178:21
	cmp	r0, #1
	bne	.LBB1_16
	b	.LBB1_15
.LBB1_15:                               @   in Loop: Header=BB1_7 Depth=1
.Ltmp27:
	.loc	3 180 38 is_stmt 1              @ ../../../CORTEX_MPU_M3_NUCLEO_L152RE_GCC/Demo/StreamBufferInterrupt.c:180:38
	movw	r1, :lower16:ulCycleCount
	movt	r1, :upper16:ulCycleCount
	ldr	r0, [r1]
	adds	r0, r0, #1
	str	r0, [r1]
	.loc	3 181 17                        @ ../../../CORTEX_MPU_M3_NUCLEO_L152RE_GCC/Demo/StreamBufferInterrupt.c:181:17
	b	.LBB1_16
.Ltmp28:
.LBB1_16:                               @   in Loop: Header=BB1_7 Depth=1
	.loc	3 182 13                        @ ../../../CORTEX_MPU_M3_NUCLEO_L152RE_GCC/Demo/StreamBufferInterrupt.c:182:13
	b	.LBB1_21
.Ltmp29:
.LBB1_17:                               @   in Loop: Header=BB1_7 Depth=1
	.loc	3 187 26                        @ ../../../CORTEX_MPU_M3_NUCLEO_L152RE_GCC/Demo/StreamBufferInterrupt.c:187:26
	ldr	r0, [sp, #4]
	adds	r0, r0, #1
	str	r0, [sp, #4]
.Ltmp30:
	.loc	3 189 17                        @ ../../../CORTEX_MPU_M3_NUCLEO_L152RE_GCC/Demo/StreamBufferInterrupt.c:189:17
	ldr	r0, [sp, #4]
.Ltmp31:
	.loc	3 189 17 is_stmt 0              @ ../../../CORTEX_MPU_M3_NUCLEO_L152RE_GCC/Demo/StreamBufferInterrupt.c:189:17
	cmp	r0, #20
	blo	.LBB1_20
	b	.LBB1_18
.LBB1_18:
.Ltmp32:
	.loc	3 189 17                        @ ../../../CORTEX_MPU_M3_NUCLEO_L152RE_GCC/Demo/StreamBufferInterrupt.c:189:17
	@APP
	cpsid i
	@NO_APP
	b	.LBB1_19
.LBB1_19:                               @ =>This Inner Loop Header: Depth=1
.Ltmp33:
	.loc	3 189 17                        @ ../../../CORTEX_MPU_M3_NUCLEO_L152RE_GCC/Demo/StreamBufferInterrupt.c:189:17
	b	.LBB1_19
.Ltmp34:
.LBB1_20:                               @   in Loop: Header=BB1_7 Depth=1
	.loc	3 0 17                          @ ../../../CORTEX_MPU_M3_NUCLEO_L152RE_GCC/Demo/StreamBufferInterrupt.c:0:17
	b	.LBB1_21
.LBB1_21:                               @   in Loop: Header=BB1_7 Depth=1
	b	.LBB1_22
.LBB1_22:                               @   in Loop: Header=BB1_7 Depth=1
	.loc	3 136 5 is_stmt 1               @ ../../../CORTEX_MPU_M3_NUCLEO_L152RE_GCC/Demo/StreamBufferInterrupt.c:136:5
	b	.LBB1_7
.Ltmp35:
.Lfunc_end1:
	.size	prvReceivingTask, .Lfunc_end1-prvReceivingTask
	.cfi_endproc
	.cantunwind
	.fnend
                                        @ -- End function
	.section	.text.vBasicStreamBufferSendFromISR,"ax",%progbits
	.hidden	vBasicStreamBufferSendFromISR   @ -- Begin function vBasicStreamBufferSendFromISR
	.globl	vBasicStreamBufferSendFromISR
	.p2align	1
	.type	vBasicStreamBufferSendFromISR,%function
	.code	16                              @ @vBasicStreamBufferSendFromISR
	.thumb_func
vBasicStreamBufferSendFromISR:
.Lfunc_begin2:
	.loc	3 197 0                         @ ../../../CORTEX_MPU_M3_NUCLEO_L152RE_GCC/Demo/StreamBufferInterrupt.c:197:0
	.fnstart
	.cfi_startproc
@ %bb.0:
	.save	{r7, lr}
	push	{r7, lr}
	.cfi_def_cfa_offset 8
	.cfi_offset lr, -4
	.cfi_offset r7, -8
	.pad	#24
	sub	sp, #24
	.cfi_def_cfa_offset 32
	movs	r0, #100
.Ltmp36:
	.loc	3 199 22 prologue_end           @ ../../../CORTEX_MPU_M3_NUCLEO_L152RE_GCC/Demo/StreamBufferInterrupt.c:199:22
	str	r0, [sp, #20]
	movs	r0, #4
	.loc	3 199 48 is_stmt 0              @ ../../../CORTEX_MPU_M3_NUCLEO_L152RE_GCC/Demo/StreamBufferInterrupt.c:199:48
	str	r0, [sp, #16]
	.loc	3 203 15 is_stmt 1              @ ../../../CORTEX_MPU_M3_NUCLEO_L152RE_GCC/Demo/StreamBufferInterrupt.c:203:15
	movw	r0, :lower16:vBasicStreamBufferSendFromISR.xCallCount
	movt	r0, :upper16:vBasicStreamBufferSendFromISR.xCallCount
	ldr	r1, [r0]
	adds	r1, r1, #1
	str	r1, [r0]
.Ltmp37:
	.loc	3 205 9                         @ ../../../CORTEX_MPU_M3_NUCLEO_L152RE_GCC/Demo/StreamBufferInterrupt.c:205:9
	ldr	r0, [r0]
.Ltmp38:
	.loc	3 205 9 is_stmt 0               @ ../../../CORTEX_MPU_M3_NUCLEO_L152RE_GCC/Demo/StreamBufferInterrupt.c:205:9
	cmp	r0, #101
	blt	.LBB2_4
	b	.LBB2_1
.LBB2_1:
.Ltmp39:
	.loc	3 207 20 is_stmt 1              @ ../../../CORTEX_MPU_M3_NUCLEO_L152RE_GCC/Demo/StreamBufferInterrupt.c:207:20
	movw	r0, :lower16:vBasicStreamBufferSendFromISR.xCallCount
	movt	r0, :upper16:vBasicStreamBufferSendFromISR.xCallCount
	movs	r3, #0
	str	r3, [r0]
	.loc	3 210 35                        @ ../../../CORTEX_MPU_M3_NUCLEO_L152RE_GCC/Demo/StreamBufferInterrupt.c:210:35
	movw	r0, :lower16:xStreamBuffer
	movt	r0, :upper16:xStreamBuffer
	ldr	r0, [r0]
	.loc	3 211 54                        @ ../../../CORTEX_MPU_M3_NUCLEO_L152RE_GCC/Demo/StreamBufferInterrupt.c:211:54
	movw	r1, :lower16:pcStringToSend
	movt	r1, :upper16:pcStringToSend
	str	r1, [sp, #8]                    @ 4-byte Spill
	ldr	r1, [r1]
	.loc	3 211 71 is_stmt 0              @ ../../../CORTEX_MPU_M3_NUCLEO_L152RE_GCC/Demo/StreamBufferInterrupt.c:211:71
	movw	r2, :lower16:vBasicStreamBufferSendFromISR.xNextByteToSend
	movt	r2, :upper16:vBasicStreamBufferSendFromISR.xNextByteToSend
	str	r2, [sp, #4]                    @ 4-byte Spill
	ldr	r2, [r2]
	.loc	3 211 69                        @ ../../../CORTEX_MPU_M3_NUCLEO_L152RE_GCC/Demo/StreamBufferInterrupt.c:211:69
	adds	r1, r1, r2
	movs	r2, #4
	.loc	3 210 9 is_stmt 1               @ ../../../CORTEX_MPU_M3_NUCLEO_L152RE_GCC/Demo/StreamBufferInterrupt.c:210:9
	bl	xStreamBufferSendFromISR
	ldr	r1, [sp, #4]                    @ 4-byte Reload
                                        @ kill: def $r2 killed $r0
	.loc	3 217 25                        @ ../../../CORTEX_MPU_M3_NUCLEO_L152RE_GCC/Demo/StreamBufferInterrupt.c:217:25
	ldr	r0, [sp, #8]                    @ 4-byte Reload
	ldr	r2, [r1]
	adds	r2, r2, #4
	str	r2, [r1]
.Ltmp40:
	.loc	3 219 13                        @ ../../../CORTEX_MPU_M3_NUCLEO_L152RE_GCC/Demo/StreamBufferInterrupt.c:219:13
	ldr	r1, [r1]
	.loc	3 219 40 is_stmt 0              @ ../../../CORTEX_MPU_M3_NUCLEO_L152RE_GCC/Demo/StreamBufferInterrupt.c:219:40
	str	r1, [sp, #12]                   @ 4-byte Spill
	ldr	r0, [r0]
	.loc	3 219 32                        @ ../../../CORTEX_MPU_M3_NUCLEO_L152RE_GCC/Demo/StreamBufferInterrupt.c:219:32
	bl	strlen
	mov	r1, r0
.Ltmp41:
	.loc	3 219 13                        @ ../../../CORTEX_MPU_M3_NUCLEO_L152RE_GCC/Demo/StreamBufferInterrupt.c:219:13
	ldr	r0, [sp, #12]                   @ 4-byte Reload
	cmp	r0, r1
	blo	.LBB2_3
	b	.LBB2_2
.LBB2_2:
.Ltmp42:
	.loc	3 221 29 is_stmt 1              @ ../../../CORTEX_MPU_M3_NUCLEO_L152RE_GCC/Demo/StreamBufferInterrupt.c:221:29
	movw	r1, :lower16:vBasicStreamBufferSendFromISR.xNextByteToSend
	movt	r1, :upper16:vBasicStreamBufferSendFromISR.xNextByteToSend
	movs	r0, #0
	str	r0, [r1]
	.loc	3 222 9                         @ ../../../CORTEX_MPU_M3_NUCLEO_L152RE_GCC/Demo/StreamBufferInterrupt.c:222:9
	b	.LBB2_3
.Ltmp43:
.LBB2_3:
	.loc	3 223 5                         @ ../../../CORTEX_MPU_M3_NUCLEO_L152RE_GCC/Demo/StreamBufferInterrupt.c:223:5
	b	.LBB2_4
.Ltmp44:
.LBB2_4:
	.loc	3 224 1                         @ ../../../CORTEX_MPU_M3_NUCLEO_L152RE_GCC/Demo/StreamBufferInterrupt.c:224:1
	add	sp, #24
	pop	{r7, pc}
.Ltmp45:
.Lfunc_end2:
	.size	vBasicStreamBufferSendFromISR, .Lfunc_end2-vBasicStreamBufferSendFromISR
	.cfi_endproc
	.cantunwind
	.fnend
                                        @ -- End function
	.section	.text.xIsInterruptStreamBufferDemoStillRunning,"ax",%progbits
	.hidden	xIsInterruptStreamBufferDemoStillRunning @ -- Begin function xIsInterruptStreamBufferDemoStillRunning
	.globl	xIsInterruptStreamBufferDemoStillRunning
	.p2align	1
	.type	xIsInterruptStreamBufferDemoStillRunning,%function
	.code	16                              @ @xIsInterruptStreamBufferDemoStillRunning
	.thumb_func
xIsInterruptStreamBufferDemoStillRunning:
.Lfunc_begin3:
	.loc	3 228 0                         @ ../../../CORTEX_MPU_M3_NUCLEO_L152RE_GCC/Demo/StreamBufferInterrupt.c:228:0
	.fnstart
	.cfi_startproc
@ %bb.0:
	.pad	#4
	sub	sp, #4
	.cfi_def_cfa_offset 4
	movs	r0, #0
.Ltmp46:
	.loc	3 229 14 prologue_end           @ ../../../CORTEX_MPU_M3_NUCLEO_L152RE_GCC/Demo/StreamBufferInterrupt.c:229:14
	str	r0, [sp]
.Ltmp47:
	.loc	3 232 9                         @ ../../../CORTEX_MPU_M3_NUCLEO_L152RE_GCC/Demo/StreamBufferInterrupt.c:232:9
	ldr	r0, [sp]
	.loc	3 232 29 is_stmt 0              @ ../../../CORTEX_MPU_M3_NUCLEO_L152RE_GCC/Demo/StreamBufferInterrupt.c:232:29
	movw	r1, :lower16:ulCycleCount
	movt	r1, :upper16:ulCycleCount
	ldr	r1, [r1]
.Ltmp48:
	.loc	3 232 9                         @ ../../../CORTEX_MPU_M3_NUCLEO_L152RE_GCC/Demo/StreamBufferInterrupt.c:232:9
	cmp	r0, r1
	bne	.LBB3_2
	b	.LBB3_1
.LBB3_1:
.Ltmp49:
	.loc	3 234 26 is_stmt 1              @ ../../../CORTEX_MPU_M3_NUCLEO_L152RE_GCC/Demo/StreamBufferInterrupt.c:234:26
	movw	r1, :lower16:xDemoStatus
	movt	r1, :upper16:xDemoStatus
	movs	r0, #0
	str	r0, [r1]
	.loc	3 235 5                         @ ../../../CORTEX_MPU_M3_NUCLEO_L152RE_GCC/Demo/StreamBufferInterrupt.c:235:5
	b	.LBB3_3
.Ltmp50:
.LBB3_2:
	.loc	3 238 28                        @ ../../../CORTEX_MPU_M3_NUCLEO_L152RE_GCC/Demo/StreamBufferInterrupt.c:238:28
	movw	r0, :lower16:ulCycleCount
	movt	r0, :upper16:ulCycleCount
	ldr	r0, [r0]
	.loc	3 238 26 is_stmt 0              @ ../../../CORTEX_MPU_M3_NUCLEO_L152RE_GCC/Demo/StreamBufferInterrupt.c:238:26
	str	r0, [sp]
	b	.LBB3_3
.Ltmp51:
.LBB3_3:
	.loc	3 241 12 is_stmt 1              @ ../../../CORTEX_MPU_M3_NUCLEO_L152RE_GCC/Demo/StreamBufferInterrupt.c:241:12
	movw	r0, :lower16:xDemoStatus
	movt	r0, :upper16:xDemoStatus
	ldr	r0, [r0]
	.loc	3 241 5 is_stmt 0               @ ../../../CORTEX_MPU_M3_NUCLEO_L152RE_GCC/Demo/StreamBufferInterrupt.c:241:5
	add	sp, #4
	bx	lr
.Ltmp52:
.Lfunc_end3:
	.size	xIsInterruptStreamBufferDemoStillRunning, .Lfunc_end3-xIsInterruptStreamBufferDemoStillRunning
	.cfi_endproc
	.cantunwind
	.fnend
                                        @ -- End function
	.type	vStartStreamBufferInterruptDemo.xReceivingTaskStack,%object @ @vStartStreamBufferInterruptDemo.xReceivingTaskStack
	.section	.bss.vStartStreamBufferInterruptDemo.xReceivingTaskStack,"aw",%nobits
	.p2align	9, 0x0
vStartStreamBufferInterruptDemo.xReceivingTaskStack:
	.zero	512
	.size	vStartStreamBufferInterruptDemo.xReceivingTaskStack, 512

	.type	xStreamBuffer,%object           @ @xStreamBuffer
	.section	.bss.xStreamBuffer,"aw",%nobits
	.p2align	5, 0x0
xStreamBuffer:
	.zero	32
	.size	xStreamBuffer, 32

	.type	.L.str,%object                  @ @.str
	.section	.rodata.str1.1,"aMS",%progbits,1
.L.str:
	.asciz	"StrIntRx"
	.size	.L.str, 9

	.type	xDemoStatus,%object             @ @xDemoStatus
	.section	.data.xDemoStatus,"aw",%progbits
	.p2align	5, 0x0
xDemoStatus:
	.long	1                               @ 0x1
	.long	0                               @ 0x0
	.long	0                               @ 0x0
	.long	0                               @ 0x0
	.long	0                               @ 0x0
	.long	0                               @ 0x0
	.long	0                               @ 0x0
	.long	0                               @ 0x0
	.size	xDemoStatus, 32

	.type	ulCycleCount,%object            @ @ulCycleCount
	.section	.bss.ulCycleCount,"aw",%nobits
	.p2align	5, 0x0
ulCycleCount:
	.zero	32
	.size	ulCycleCount, 32

	.type	.L__const.vStartStreamBufferInterruptDemo.xReceivingTaskParameters,%object @ @__const.vStartStreamBufferInterruptDemo.xReceivingTaskParameters
	.section	.rodata..L__const.vStartStreamBufferInterruptDemo.xReceivingTaskParameters,"a",%progbits
	.p2align	2, 0x0
.L__const.vStartStreamBufferInterruptDemo.xReceivingTaskParameters:
	.long	prvReceivingTask
	.long	.L.str
	.short	128                             @ 0x80
	.zero	2
	.long	0
	.long	2                               @ 0x2
	.long	vStartStreamBufferInterruptDemo.xReceivingTaskStack
	.long	xDemoStatus
	.long	32                              @ 0x20
	.long	3                               @ 0x3
	.long	ulCycleCount
	.long	32                              @ 0x20
	.long	3                               @ 0x3
	.long	xStreamBuffer
	.long	32                              @ 0x20
	.long	3                               @ 0x3
	.long	0
	.size	.L__const.vStartStreamBufferInterruptDemo.xReceivingTaskParameters, 64

	.type	vBasicStreamBufferSendFromISR.xNextByteToSend,%object @ @vBasicStreamBufferSendFromISR.xNextByteToSend
	.section	.bss.vBasicStreamBufferSendFromISR.xNextByteToSend,"aw",%nobits
	.p2align	2, 0x0
vBasicStreamBufferSendFromISR.xNextByteToSend:
	.long	0                               @ 0x0
	.size	vBasicStreamBufferSendFromISR.xNextByteToSend, 4

	.type	vBasicStreamBufferSendFromISR.xCallCount,%object @ @vBasicStreamBufferSendFromISR.xCallCount
	.section	.bss.vBasicStreamBufferSendFromISR.xCallCount,"aw",%nobits
	.p2align	2, 0x0
vBasicStreamBufferSendFromISR.xCallCount:
	.long	0                               @ 0x0
	.size	vBasicStreamBufferSendFromISR.xCallCount, 4

	.type	pcStringToSend,%object          @ @pcStringToSend
	.section	.data.pcStringToSend,"aw",%progbits
	.p2align	2, 0x0
pcStringToSend:
	.long	.L.str.2
	.size	pcStringToSend, 4

	.type	.L.str.1,%object                @ @.str.1
	.section	.rodata.str1.1,"aMS",%progbits,1
.L.str.1:
	.asciz	"Hello FreeRTOS"
	.size	.L.str.1, 15

	.type	.L.str.2,%object                @ @.str.2
.L.str.2:
	.asciz	"_____Hello FreeRTOS_____"
	.size	.L.str.2, 25

	.file	6 "C:\\Users\\karahulx\\Downloads\\Kernel\\FreeRTOS\\FreeRTOS\\Demo\\CORTEX_MPU_M23_Nuvoton_NuMaker_PFM_M2351_IAR_GCC\\Projects_NTZ\\Keil" "../../../../Source/include/projdefs.h"
	.file	7 "C:\\Users\\karahulx\\Downloads\\Kernel\\FreeRTOS\\FreeRTOS\\Demo\\CORTEX_MPU_M23_Nuvoton_NuMaker_PFM_M2351_IAR_GCC\\Projects_NTZ\\Keil" "../../../../Source/include\\task.h"
	.file	8 "C:\\Users\\karahulx\\Downloads\\Kernel\\FreeRTOS\\FreeRTOS\\Demo\\CORTEX_MPU_M23_Nuvoton_NuMaker_PFM_M2351_IAR_GCC\\Projects_NTZ\\Keil" "../../../../Source/include\\FreeRTOS.h"
	.section	.debug_abbrev,"",%progbits
	.byte	1                               @ Abbreviation Code
	.byte	17                              @ DW_TAG_compile_unit
	.byte	1                               @ DW_CHILDREN_yes
	.byte	37                              @ DW_AT_producer
	.byte	14                              @ DW_FORM_strp
	.byte	19                              @ DW_AT_language
	.byte	5                               @ DW_FORM_data2
	.byte	3                               @ DW_AT_name
	.byte	14                              @ DW_FORM_strp
	.byte	16                              @ DW_AT_stmt_list
	.byte	23                              @ DW_FORM_sec_offset
	.byte	27                              @ DW_AT_comp_dir
	.byte	14                              @ DW_FORM_strp
	.byte	17                              @ DW_AT_low_pc
	.byte	1                               @ DW_FORM_addr
	.byte	85                              @ DW_AT_ranges
	.byte	23                              @ DW_FORM_sec_offset
	.byte	0                               @ EOM(1)
	.byte	0                               @ EOM(2)
	.byte	2                               @ Abbreviation Code
	.byte	46                              @ DW_TAG_subprogram
	.byte	1                               @ DW_CHILDREN_yes
	.byte	17                              @ DW_AT_low_pc
	.byte	1                               @ DW_FORM_addr
	.byte	18                              @ DW_AT_high_pc
	.byte	6                               @ DW_FORM_data4
	.byte	64                              @ DW_AT_frame_base
	.byte	24                              @ DW_FORM_exprloc
	.byte	3                               @ DW_AT_name
	.byte	14                              @ DW_FORM_strp
	.byte	58                              @ DW_AT_decl_file
	.byte	11                              @ DW_FORM_data1
	.byte	59                              @ DW_AT_decl_line
	.byte	11                              @ DW_FORM_data1
	.byte	39                              @ DW_AT_prototyped
	.byte	25                              @ DW_FORM_flag_present
	.byte	63                              @ DW_AT_external
	.byte	25                              @ DW_FORM_flag_present
	.byte	0                               @ EOM(1)
	.byte	0                               @ EOM(2)
	.byte	3                               @ Abbreviation Code
	.byte	52                              @ DW_TAG_variable
	.byte	0                               @ DW_CHILDREN_no
	.byte	3                               @ DW_AT_name
	.byte	14                              @ DW_FORM_strp
	.byte	73                              @ DW_AT_type
	.byte	19                              @ DW_FORM_ref4
	.byte	58                              @ DW_AT_decl_file
	.byte	11                              @ DW_FORM_data1
	.byte	59                              @ DW_AT_decl_line
	.byte	11                              @ DW_FORM_data1
	.ascii	"\210\001"                      @ DW_AT_alignment
	.byte	15                              @ DW_FORM_udata
	.byte	2                               @ DW_AT_location
	.byte	24                              @ DW_FORM_exprloc
	.byte	0                               @ EOM(1)
	.byte	0                               @ EOM(2)
	.byte	4                               @ Abbreviation Code
	.byte	52                              @ DW_TAG_variable
	.byte	0                               @ DW_CHILDREN_no
	.byte	2                               @ DW_AT_location
	.byte	24                              @ DW_FORM_exprloc
	.byte	3                               @ DW_AT_name
	.byte	14                              @ DW_FORM_strp
	.byte	58                              @ DW_AT_decl_file
	.byte	11                              @ DW_FORM_data1
	.byte	59                              @ DW_AT_decl_line
	.byte	11                              @ DW_FORM_data1
	.byte	73                              @ DW_AT_type
	.byte	19                              @ DW_FORM_ref4
	.byte	0                               @ EOM(1)
	.byte	0                               @ EOM(2)
	.byte	5                               @ Abbreviation Code
	.byte	1                               @ DW_TAG_array_type
	.byte	1                               @ DW_CHILDREN_yes
	.byte	73                              @ DW_AT_type
	.byte	19                              @ DW_FORM_ref4
	.byte	0                               @ EOM(1)
	.byte	0                               @ EOM(2)
	.byte	6                               @ Abbreviation Code
	.byte	33                              @ DW_TAG_subrange_type
	.byte	0                               @ DW_CHILDREN_no
	.byte	73                              @ DW_AT_type
	.byte	19                              @ DW_FORM_ref4
	.byte	55                              @ DW_AT_count
	.byte	11                              @ DW_FORM_data1
	.byte	0                               @ EOM(1)
	.byte	0                               @ EOM(2)
	.byte	7                               @ Abbreviation Code
	.byte	22                              @ DW_TAG_typedef
	.byte	0                               @ DW_CHILDREN_no
	.byte	73                              @ DW_AT_type
	.byte	19                              @ DW_FORM_ref4
	.byte	3                               @ DW_AT_name
	.byte	14                              @ DW_FORM_strp
	.byte	58                              @ DW_AT_decl_file
	.byte	11                              @ DW_FORM_data1
	.byte	59                              @ DW_AT_decl_line
	.byte	11                              @ DW_FORM_data1
	.byte	0                               @ EOM(1)
	.byte	0                               @ EOM(2)
	.byte	8                               @ Abbreviation Code
	.byte	36                              @ DW_TAG_base_type
	.byte	0                               @ DW_CHILDREN_no
	.byte	3                               @ DW_AT_name
	.byte	14                              @ DW_FORM_strp
	.byte	62                              @ DW_AT_encoding
	.byte	11                              @ DW_FORM_data1
	.byte	11                              @ DW_AT_byte_size
	.byte	11                              @ DW_FORM_data1
	.byte	0                               @ EOM(1)
	.byte	0                               @ EOM(2)
	.byte	9                               @ Abbreviation Code
	.byte	36                              @ DW_TAG_base_type
	.byte	0                               @ DW_CHILDREN_no
	.byte	3                               @ DW_AT_name
	.byte	14                              @ DW_FORM_strp
	.byte	11                              @ DW_AT_byte_size
	.byte	11                              @ DW_FORM_data1
	.byte	62                              @ DW_AT_encoding
	.byte	11                              @ DW_FORM_data1
	.byte	0                               @ EOM(1)
	.byte	0                               @ EOM(2)
	.byte	10                              @ Abbreviation Code
	.byte	52                              @ DW_TAG_variable
	.byte	0                               @ DW_CHILDREN_no
	.byte	73                              @ DW_AT_type
	.byte	19                              @ DW_FORM_ref4
	.byte	58                              @ DW_AT_decl_file
	.byte	11                              @ DW_FORM_data1
	.byte	59                              @ DW_AT_decl_line
	.byte	11                              @ DW_FORM_data1
	.byte	2                               @ DW_AT_location
	.byte	24                              @ DW_FORM_exprloc
	.byte	0                               @ EOM(1)
	.byte	0                               @ EOM(2)
	.byte	11                              @ Abbreviation Code
	.byte	52                              @ DW_TAG_variable
	.byte	0                               @ DW_CHILDREN_no
	.byte	3                               @ DW_AT_name
	.byte	14                              @ DW_FORM_strp
	.byte	73                              @ DW_AT_type
	.byte	19                              @ DW_FORM_ref4
	.byte	58                              @ DW_AT_decl_file
	.byte	11                              @ DW_FORM_data1
	.byte	59                              @ DW_AT_decl_line
	.byte	11                              @ DW_FORM_data1
	.byte	2                               @ DW_AT_location
	.byte	24                              @ DW_FORM_exprloc
	.byte	0                               @ EOM(1)
	.byte	0                               @ EOM(2)
	.byte	12                              @ Abbreviation Code
	.byte	15                              @ DW_TAG_pointer_type
	.byte	0                               @ DW_CHILDREN_no
	.byte	73                              @ DW_AT_type
	.byte	19                              @ DW_FORM_ref4
	.byte	0                               @ EOM(1)
	.byte	0                               @ EOM(2)
	.byte	13                              @ Abbreviation Code
	.byte	19                              @ DW_TAG_structure_type
	.byte	0                               @ DW_CHILDREN_no
	.byte	3                               @ DW_AT_name
	.byte	14                              @ DW_FORM_strp
	.byte	60                              @ DW_AT_declaration
	.byte	25                              @ DW_FORM_flag_present
	.byte	0                               @ EOM(1)
	.byte	0                               @ EOM(2)
	.byte	14                              @ Abbreviation Code
	.byte	38                              @ DW_TAG_const_type
	.byte	0                               @ DW_CHILDREN_no
	.byte	73                              @ DW_AT_type
	.byte	19                              @ DW_FORM_ref4
	.byte	0                               @ EOM(1)
	.byte	0                               @ EOM(2)
	.byte	15                              @ Abbreviation Code
	.byte	38                              @ DW_TAG_const_type
	.byte	0                               @ DW_CHILDREN_no
	.byte	0                               @ EOM(1)
	.byte	0                               @ EOM(2)
	.byte	16                              @ Abbreviation Code
	.byte	15                              @ DW_TAG_pointer_type
	.byte	0                               @ DW_CHILDREN_no
	.byte	0                               @ EOM(1)
	.byte	0                               @ EOM(2)
	.byte	17                              @ Abbreviation Code
	.byte	46                              @ DW_TAG_subprogram
	.byte	1                               @ DW_CHILDREN_yes
	.byte	17                              @ DW_AT_low_pc
	.byte	1                               @ DW_FORM_addr
	.byte	18                              @ DW_AT_high_pc
	.byte	6                               @ DW_FORM_data4
	.byte	64                              @ DW_AT_frame_base
	.byte	24                              @ DW_FORM_exprloc
	.byte	3                               @ DW_AT_name
	.byte	14                              @ DW_FORM_strp
	.byte	58                              @ DW_AT_decl_file
	.byte	11                              @ DW_FORM_data1
	.byte	59                              @ DW_AT_decl_line
	.byte	11                              @ DW_FORM_data1
	.byte	39                              @ DW_AT_prototyped
	.byte	25                              @ DW_FORM_flag_present
	.byte	0                               @ EOM(1)
	.byte	0                               @ EOM(2)
	.byte	18                              @ Abbreviation Code
	.byte	5                               @ DW_TAG_formal_parameter
	.byte	0                               @ DW_CHILDREN_no
	.byte	2                               @ DW_AT_location
	.byte	24                              @ DW_FORM_exprloc
	.byte	3                               @ DW_AT_name
	.byte	14                              @ DW_FORM_strp
	.byte	58                              @ DW_AT_decl_file
	.byte	11                              @ DW_FORM_data1
	.byte	59                              @ DW_AT_decl_line
	.byte	11                              @ DW_FORM_data1
	.byte	73                              @ DW_AT_type
	.byte	19                              @ DW_FORM_ref4
	.byte	0                               @ EOM(1)
	.byte	0                               @ EOM(2)
	.byte	19                              @ Abbreviation Code
	.byte	46                              @ DW_TAG_subprogram
	.byte	1                               @ DW_CHILDREN_yes
	.byte	17                              @ DW_AT_low_pc
	.byte	1                               @ DW_FORM_addr
	.byte	18                              @ DW_AT_high_pc
	.byte	6                               @ DW_FORM_data4
	.byte	64                              @ DW_AT_frame_base
	.byte	24                              @ DW_FORM_exprloc
	.byte	3                               @ DW_AT_name
	.byte	14                              @ DW_FORM_strp
	.byte	58                              @ DW_AT_decl_file
	.byte	11                              @ DW_FORM_data1
	.byte	59                              @ DW_AT_decl_line
	.byte	11                              @ DW_FORM_data1
	.byte	39                              @ DW_AT_prototyped
	.byte	25                              @ DW_FORM_flag_present
	.byte	73                              @ DW_AT_type
	.byte	19                              @ DW_FORM_ref4
	.byte	63                              @ DW_AT_external
	.byte	25                              @ DW_FORM_flag_present
	.byte	0                               @ EOM(1)
	.byte	0                               @ EOM(2)
	.byte	20                              @ Abbreviation Code
	.byte	19                              @ DW_TAG_structure_type
	.byte	1                               @ DW_CHILDREN_yes
	.byte	3                               @ DW_AT_name
	.byte	14                              @ DW_FORM_strp
	.byte	11                              @ DW_AT_byte_size
	.byte	11                              @ DW_FORM_data1
	.byte	58                              @ DW_AT_decl_file
	.byte	11                              @ DW_FORM_data1
	.byte	59                              @ DW_AT_decl_line
	.byte	11                              @ DW_FORM_data1
	.byte	0                               @ EOM(1)
	.byte	0                               @ EOM(2)
	.byte	21                              @ Abbreviation Code
	.byte	13                              @ DW_TAG_member
	.byte	0                               @ DW_CHILDREN_no
	.byte	3                               @ DW_AT_name
	.byte	14                              @ DW_FORM_strp
	.byte	73                              @ DW_AT_type
	.byte	19                              @ DW_FORM_ref4
	.byte	58                              @ DW_AT_decl_file
	.byte	11                              @ DW_FORM_data1
	.byte	59                              @ DW_AT_decl_line
	.byte	11                              @ DW_FORM_data1
	.byte	56                              @ DW_AT_data_member_location
	.byte	11                              @ DW_FORM_data1
	.byte	0                               @ EOM(1)
	.byte	0                               @ EOM(2)
	.byte	22                              @ Abbreviation Code
	.byte	21                              @ DW_TAG_subroutine_type
	.byte	1                               @ DW_CHILDREN_yes
	.byte	39                              @ DW_AT_prototyped
	.byte	25                              @ DW_FORM_flag_present
	.byte	0                               @ EOM(1)
	.byte	0                               @ EOM(2)
	.byte	23                              @ Abbreviation Code
	.byte	5                               @ DW_TAG_formal_parameter
	.byte	0                               @ DW_CHILDREN_no
	.byte	73                              @ DW_AT_type
	.byte	19                              @ DW_FORM_ref4
	.byte	0                               @ EOM(1)
	.byte	0                               @ EOM(2)
	.byte	24                              @ Abbreviation Code
	.byte	22                              @ DW_TAG_typedef
	.byte	0                               @ DW_CHILDREN_no
	.byte	73                              @ DW_AT_type
	.byte	19                              @ DW_FORM_ref4
	.byte	3                               @ DW_AT_name
	.byte	14                              @ DW_FORM_strp
	.byte	58                              @ DW_AT_decl_file
	.byte	11                              @ DW_FORM_data1
	.byte	59                              @ DW_AT_decl_line
	.byte	5                               @ DW_FORM_data2
	.byte	0                               @ EOM(1)
	.byte	0                               @ EOM(2)
	.byte	25                              @ Abbreviation Code
	.byte	19                              @ DW_TAG_structure_type
	.byte	1                               @ DW_CHILDREN_yes
	.byte	3                               @ DW_AT_name
	.byte	14                              @ DW_FORM_strp
	.byte	11                              @ DW_AT_byte_size
	.byte	11                              @ DW_FORM_data1
	.byte	58                              @ DW_AT_decl_file
	.byte	11                              @ DW_FORM_data1
	.byte	59                              @ DW_AT_decl_line
	.byte	5                               @ DW_FORM_data2
	.byte	0                               @ EOM(1)
	.byte	0                               @ EOM(2)
	.byte	26                              @ Abbreviation Code
	.byte	13                              @ DW_TAG_member
	.byte	0                               @ DW_CHILDREN_no
	.byte	3                               @ DW_AT_name
	.byte	14                              @ DW_FORM_strp
	.byte	73                              @ DW_AT_type
	.byte	19                              @ DW_FORM_ref4
	.byte	58                              @ DW_AT_decl_file
	.byte	11                              @ DW_FORM_data1
	.byte	59                              @ DW_AT_decl_line
	.byte	5                               @ DW_FORM_data2
	.byte	56                              @ DW_AT_data_member_location
	.byte	11                              @ DW_FORM_data1
	.byte	0                               @ EOM(1)
	.byte	0                               @ EOM(2)
	.byte	0                               @ EOM(3)
	.section	.debug_info,"",%progbits
.Lcu_begin0:
	.long	.Ldebug_info_end0-.Ldebug_info_start0 @ Length of Unit
.Ldebug_info_start0:
	.short	4                               @ DWARF version number
	.long	.debug_abbrev                   @ Offset Into Abbrev. Section
	.byte	4                               @ Address Size (in bytes)
	.byte	1                               @ Abbrev [1] 0xb:0x518 DW_TAG_compile_unit
	.long	.Linfo_string0                  @ DW_AT_producer
	.short	12                              @ DW_AT_language
	.long	.Linfo_string1                  @ DW_AT_name
	.long	.Lline_table_start0             @ DW_AT_stmt_list
	.long	.Linfo_string2                  @ DW_AT_comp_dir
	.long	0                               @ DW_AT_low_pc
	.long	.Ldebug_ranges0                 @ DW_AT_ranges
	.byte	2                               @ Abbrev [2] 0x26:0x33 DW_TAG_subprogram
	.long	.Lfunc_begin0                   @ DW_AT_low_pc
	.long	.Lfunc_end0-.Lfunc_begin0       @ DW_AT_high_pc
	.byte	1                               @ DW_AT_frame_base
	.byte	93
	.long	.Linfo_string21                 @ DW_AT_name
	.byte	3                               @ DW_AT_decl_file
	.byte	84                              @ DW_AT_decl_line
                                        @ DW_AT_prototyped
                                        @ DW_AT_external
	.byte	3                               @ Abbrev [3] 0x37:0x13 DW_TAG_variable
	.long	.Linfo_string3                  @ DW_AT_name
	.long	89                              @ DW_AT_type
	.byte	3                               @ DW_AT_decl_file
	.byte	86                              @ DW_AT_decl_line
	.ascii	"\200\004"                      @ DW_AT_alignment
	.byte	5                               @ DW_AT_location
	.byte	3
	.long	vStartStreamBufferInterruptDemo.xReceivingTaskStack
	.byte	4                               @ Abbrev [4] 0x4a:0xe DW_TAG_variable
	.byte	2                               @ DW_AT_location
	.byte	145
	.byte	12
	.long	.Linfo_string25                 @ DW_AT_name
	.byte	3                               @ DW_AT_decl_file
	.byte	94                              @ DW_AT_decl_line
	.long	594                             @ DW_AT_type
	.byte	0                               @ End Of Children Mark
	.byte	5                               @ Abbrev [5] 0x59:0xc DW_TAG_array_type
	.long	101                             @ DW_AT_type
	.byte	6                               @ Abbrev [6] 0x5e:0x6 DW_TAG_subrange_type
	.long	130                             @ DW_AT_type
	.byte	128                             @ DW_AT_count
	.byte	0                               @ End Of Children Mark
	.byte	7                               @ Abbrev [7] 0x65:0xb DW_TAG_typedef
	.long	112                             @ DW_AT_type
	.long	.Linfo_string6                  @ DW_AT_name
	.byte	2                               @ DW_AT_decl_file
	.byte	73                              @ DW_AT_decl_line
	.byte	7                               @ Abbrev [7] 0x70:0xb DW_TAG_typedef
	.long	123                             @ DW_AT_type
	.long	.Linfo_string5                  @ DW_AT_name
	.byte	1                               @ DW_AT_decl_file
	.byte	64                              @ DW_AT_decl_line
	.byte	8                               @ Abbrev [8] 0x7b:0x7 DW_TAG_base_type
	.long	.Linfo_string4                  @ DW_AT_name
	.byte	7                               @ DW_AT_encoding
	.byte	4                               @ DW_AT_byte_size
	.byte	9                               @ Abbrev [9] 0x82:0x7 DW_TAG_base_type
	.long	.Linfo_string7                  @ DW_AT_name
	.byte	8                               @ DW_AT_byte_size
	.byte	7                               @ DW_AT_encoding
	.byte	10                              @ Abbrev [10] 0x89:0xd DW_TAG_variable
	.long	150                             @ DW_AT_type
	.byte	3                               @ DW_AT_decl_file
	.byte	97                              @ DW_AT_decl_line
	.byte	5                               @ DW_AT_location
	.byte	3
	.long	.L.str
	.byte	5                               @ Abbrev [5] 0x96:0xc DW_TAG_array_type
	.long	162                             @ DW_AT_type
	.byte	6                               @ Abbrev [6] 0x9b:0x6 DW_TAG_subrange_type
	.long	130                             @ DW_AT_type
	.byte	9                               @ DW_AT_count
	.byte	0                               @ End Of Children Mark
	.byte	8                               @ Abbrev [8] 0xa2:0x7 DW_TAG_base_type
	.long	.Linfo_string8                  @ DW_AT_name
	.byte	8                               @ DW_AT_encoding
	.byte	1                               @ DW_AT_byte_size
	.byte	2                               @ Abbrev [2] 0xa9:0x50 DW_TAG_subprogram
	.long	.Lfunc_begin2                   @ DW_AT_low_pc
	.long	.Lfunc_end2-.Lfunc_begin2       @ DW_AT_high_pc
	.byte	1                               @ DW_AT_frame_base
	.byte	93
	.long	.Linfo_string23                 @ DW_AT_name
	.byte	3                               @ DW_AT_decl_file
	.byte	196                             @ DW_AT_decl_line
                                        @ DW_AT_prototyped
                                        @ DW_AT_external
	.byte	11                              @ Abbrev [11] 0xba:0x11 DW_TAG_variable
	.long	.Linfo_string9                  @ DW_AT_name
	.long	249                             @ DW_AT_type
	.byte	3                               @ DW_AT_decl_file
	.byte	198                             @ DW_AT_decl_line
	.byte	5                               @ DW_AT_location
	.byte	3
	.long	vBasicStreamBufferSendFromISR.xNextByteToSend
	.byte	11                              @ Abbrev [11] 0xcb:0x11 DW_TAG_variable
	.long	.Linfo_string11                 @ DW_AT_name
	.long	260                             @ DW_AT_type
	.byte	3                               @ DW_AT_decl_file
	.byte	200                             @ DW_AT_decl_line
	.byte	5                               @ DW_AT_location
	.byte	3
	.long	vBasicStreamBufferSendFromISR.xCallCount
	.byte	4                               @ Abbrev [4] 0xdc:0xe DW_TAG_variable
	.byte	2                               @ DW_AT_location
	.byte	145
	.byte	20
	.long	.Linfo_string77                 @ DW_AT_name
	.byte	3                               @ DW_AT_decl_file
	.byte	199                             @ DW_AT_decl_line
	.long	1309                            @ DW_AT_type
	.byte	4                               @ Abbrev [4] 0xea:0xe DW_TAG_variable
	.byte	2                               @ DW_AT_location
	.byte	145
	.byte	16
	.long	.Linfo_string78                 @ DW_AT_name
	.byte	3                               @ DW_AT_decl_file
	.byte	199                             @ DW_AT_decl_line
	.long	1309                            @ DW_AT_type
	.byte	0                               @ End Of Children Mark
	.byte	7                               @ Abbrev [7] 0xf9:0xb DW_TAG_typedef
	.long	123                             @ DW_AT_type
	.long	.Linfo_string10                 @ DW_AT_name
	.byte	4                               @ DW_AT_decl_file
	.byte	53                              @ DW_AT_decl_line
	.byte	7                               @ Abbrev [7] 0x104:0xb DW_TAG_typedef
	.long	271                             @ DW_AT_type
	.long	.Linfo_string13                 @ DW_AT_name
	.byte	2                               @ DW_AT_decl_file
	.byte	74                              @ DW_AT_decl_line
	.byte	8                               @ Abbrev [8] 0x10f:0x7 DW_TAG_base_type
	.long	.Linfo_string12                 @ DW_AT_name
	.byte	5                               @ DW_AT_encoding
	.byte	4                               @ DW_AT_byte_size
	.byte	3                               @ Abbrev [3] 0x116:0x12 DW_TAG_variable
	.long	.Linfo_string14                 @ DW_AT_name
	.long	296                             @ DW_AT_type
	.byte	3                               @ DW_AT_decl_file
	.byte	64                              @ DW_AT_decl_line
	.byte	32                              @ DW_AT_alignment
	.byte	5                               @ DW_AT_location
	.byte	3
	.long	xStreamBuffer
	.byte	5                               @ Abbrev [5] 0x128:0xc DW_TAG_array_type
	.long	308                             @ DW_AT_type
	.byte	6                               @ Abbrev [6] 0x12d:0x6 DW_TAG_subrange_type
	.long	130                             @ DW_AT_type
	.byte	8                               @ DW_AT_count
	.byte	0                               @ End Of Children Mark
	.byte	7                               @ Abbrev [7] 0x134:0xb DW_TAG_typedef
	.long	319                             @ DW_AT_type
	.long	.Linfo_string16                 @ DW_AT_name
	.byte	5                               @ DW_AT_decl_file
	.byte	72                              @ DW_AT_decl_line
	.byte	12                              @ Abbrev [12] 0x13f:0x5 DW_TAG_pointer_type
	.long	324                             @ DW_AT_type
	.byte	13                              @ Abbrev [13] 0x144:0x5 DW_TAG_structure_type
	.long	.Linfo_string15                 @ DW_AT_name
                                        @ DW_AT_declaration
	.byte	3                               @ Abbrev [3] 0x149:0x12 DW_TAG_variable
	.long	.Linfo_string17                 @ DW_AT_name
	.long	347                             @ DW_AT_type
	.byte	3                               @ DW_AT_decl_file
	.byte	75                              @ DW_AT_decl_line
	.byte	32                              @ DW_AT_alignment
	.byte	5                               @ DW_AT_location
	.byte	3
	.long	xDemoStatus
	.byte	5                               @ Abbrev [5] 0x15b:0xc DW_TAG_array_type
	.long	260                             @ DW_AT_type
	.byte	6                               @ Abbrev [6] 0x160:0x6 DW_TAG_subrange_type
	.long	130                             @ DW_AT_type
	.byte	8                               @ DW_AT_count
	.byte	0                               @ End Of Children Mark
	.byte	3                               @ Abbrev [3] 0x167:0x12 DW_TAG_variable
	.long	.Linfo_string18                 @ DW_AT_name
	.long	377                             @ DW_AT_type
	.byte	3                               @ DW_AT_decl_file
	.byte	80                              @ DW_AT_decl_line
	.byte	32                              @ DW_AT_alignment
	.byte	5                               @ DW_AT_location
	.byte	3
	.long	ulCycleCount
	.byte	5                               @ Abbrev [5] 0x179:0xc DW_TAG_array_type
	.long	112                             @ DW_AT_type
	.byte	6                               @ Abbrev [6] 0x17e:0x6 DW_TAG_subrange_type
	.long	130                             @ DW_AT_type
	.byte	8                               @ DW_AT_count
	.byte	0                               @ End Of Children Mark
	.byte	10                              @ Abbrev [10] 0x185:0xd DW_TAG_variable
	.long	402                             @ DW_AT_type
	.byte	3                               @ DW_AT_decl_file
	.byte	124                             @ DW_AT_decl_line
	.byte	5                               @ DW_AT_location
	.byte	3
	.long	.L.str.1
	.byte	5                               @ Abbrev [5] 0x192:0xc DW_TAG_array_type
	.long	162                             @ DW_AT_type
	.byte	6                               @ Abbrev [6] 0x197:0x6 DW_TAG_subrange_type
	.long	130                             @ DW_AT_type
	.byte	15                              @ DW_AT_count
	.byte	0                               @ End Of Children Mark
	.byte	10                              @ Abbrev [10] 0x19e:0xd DW_TAG_variable
	.long	427                             @ DW_AT_type
	.byte	3                               @ DW_AT_decl_file
	.byte	68                              @ DW_AT_decl_line
	.byte	5                               @ DW_AT_location
	.byte	3
	.long	.L.str.2
	.byte	5                               @ Abbrev [5] 0x1ab:0xc DW_TAG_array_type
	.long	162                             @ DW_AT_type
	.byte	6                               @ Abbrev [6] 0x1b0:0x6 DW_TAG_subrange_type
	.long	130                             @ DW_AT_type
	.byte	25                              @ DW_AT_count
	.byte	0                               @ End Of Children Mark
	.byte	11                              @ Abbrev [11] 0x1b7:0x11 DW_TAG_variable
	.long	.Linfo_string19                 @ DW_AT_name
	.long	456                             @ DW_AT_type
	.byte	3                               @ DW_AT_decl_file
	.byte	68                              @ DW_AT_decl_line
	.byte	5                               @ DW_AT_location
	.byte	3
	.long	pcStringToSend
	.byte	12                              @ Abbrev [12] 0x1c8:0x5 DW_TAG_pointer_type
	.long	461                             @ DW_AT_type
	.byte	14                              @ Abbrev [14] 0x1cd:0x5 DW_TAG_const_type
	.long	162                             @ DW_AT_type
	.byte	12                              @ Abbrev [12] 0x1d2:0x5 DW_TAG_pointer_type
	.long	471                             @ DW_AT_type
	.byte	15                              @ Abbrev [15] 0x1d7:0x1 DW_TAG_const_type
	.byte	16                              @ Abbrev [16] 0x1d8:0x1 DW_TAG_pointer_type
	.byte	7                               @ Abbrev [7] 0x1d9:0xb DW_TAG_typedef
	.long	112                             @ DW_AT_type
	.long	.Linfo_string20                 @ DW_AT_name
	.byte	2                               @ DW_AT_decl_file
	.byte	81                              @ DW_AT_decl_line
	.byte	17                              @ Abbrev [17] 0x1e4:0x4a DW_TAG_subprogram
	.long	.Lfunc_begin1                   @ DW_AT_low_pc
	.long	.Lfunc_end1-.Lfunc_begin1       @ DW_AT_high_pc
	.byte	1                               @ DW_AT_frame_base
	.byte	93
	.long	.Linfo_string22                 @ DW_AT_name
	.byte	3                               @ DW_AT_decl_file
	.byte	117                             @ DW_AT_decl_line
                                        @ DW_AT_prototyped
	.byte	18                              @ Abbrev [18] 0x1f5:0xe DW_TAG_formal_parameter
	.byte	2                               @ DW_AT_location
	.byte	145
	.byte	28
	.long	.Linfo_string32                 @ DW_AT_name
	.byte	3                               @ DW_AT_decl_file
	.byte	117                             @ DW_AT_decl_line
	.long	472                             @ DW_AT_type
	.byte	4                               @ Abbrev [4] 0x203:0xe DW_TAG_variable
	.byte	2                               @ DW_AT_location
	.byte	145
	.byte	8
	.long	.Linfo_string74                 @ DW_AT_name
	.byte	3                               @ DW_AT_decl_file
	.byte	119                             @ DW_AT_decl_line
	.long	1297                            @ DW_AT_type
	.byte	4                               @ Abbrev [4] 0x211:0xe DW_TAG_variable
	.byte	2                               @ DW_AT_location
	.byte	145
	.byte	4
	.long	.Linfo_string75                 @ DW_AT_name
	.byte	3                               @ DW_AT_decl_file
	.byte	120                             @ DW_AT_decl_line
	.long	260                             @ DW_AT_type
	.byte	4                               @ Abbrev [4] 0x21f:0xe DW_TAG_variable
	.byte	2                               @ DW_AT_location
	.byte	145
	.byte	0
	.long	.Linfo_string76                 @ DW_AT_name
	.byte	3                               @ DW_AT_decl_file
	.byte	124                             @ DW_AT_decl_line
	.long	456                             @ DW_AT_type
	.byte	0                               @ End Of Children Mark
	.byte	19                              @ Abbrev [19] 0x22e:0x24 DW_TAG_subprogram
	.long	.Lfunc_begin3                   @ DW_AT_low_pc
	.long	.Lfunc_end3-.Lfunc_begin3       @ DW_AT_high_pc
	.byte	1                               @ DW_AT_frame_base
	.byte	93
	.long	.Linfo_string24                 @ DW_AT_name
	.byte	3                               @ DW_AT_decl_file
	.byte	227                             @ DW_AT_decl_line
                                        @ DW_AT_prototyped
	.long	260                             @ DW_AT_type
                                        @ DW_AT_external
	.byte	4                               @ Abbrev [4] 0x243:0xe DW_TAG_variable
	.byte	2                               @ DW_AT_location
	.byte	145
	.byte	0
	.long	.Linfo_string79                 @ DW_AT_name
	.byte	3                               @ DW_AT_decl_file
	.byte	229                             @ DW_AT_decl_line
	.long	112                             @ DW_AT_type
	.byte	0                               @ End Of Children Mark
	.byte	7                               @ Abbrev [7] 0x252:0xb DW_TAG_typedef
	.long	605                             @ DW_AT_type
	.long	.Linfo_string73                 @ DW_AT_name
	.byte	7                               @ DW_AT_decl_file
	.byte	155                             @ DW_AT_decl_line
	.byte	20                              @ Abbrev [20] 0x25d:0x69 DW_TAG_structure_type
	.long	.Linfo_string72                 @ DW_AT_name
	.byte	64                              @ DW_AT_byte_size
	.byte	7                               @ DW_AT_decl_file
	.byte	143                             @ DW_AT_decl_line
	.byte	21                              @ Abbrev [21] 0x265:0xc DW_TAG_member
	.long	.Linfo_string26                 @ DW_AT_name
	.long	710                             @ DW_AT_type
	.byte	7                               @ DW_AT_decl_file
	.byte	145                             @ DW_AT_decl_line
	.byte	0                               @ DW_AT_data_member_location
	.byte	21                              @ Abbrev [21] 0x271:0xc DW_TAG_member
	.long	.Linfo_string28                 @ DW_AT_name
	.long	456                             @ DW_AT_type
	.byte	7                               @ DW_AT_decl_file
	.byte	146                             @ DW_AT_decl_line
	.byte	4                               @ DW_AT_data_member_location
	.byte	21                              @ Abbrev [21] 0x27d:0xc DW_TAG_member
	.long	.Linfo_string29                 @ DW_AT_name
	.long	733                             @ DW_AT_type
	.byte	7                               @ DW_AT_decl_file
	.byte	147                             @ DW_AT_decl_line
	.byte	8                               @ DW_AT_data_member_location
	.byte	21                              @ Abbrev [21] 0x289:0xc DW_TAG_member
	.long	.Linfo_string32                 @ DW_AT_name
	.long	472                             @ DW_AT_type
	.byte	7                               @ DW_AT_decl_file
	.byte	148                             @ DW_AT_decl_line
	.byte	12                              @ DW_AT_data_member_location
	.byte	21                              @ Abbrev [21] 0x295:0xc DW_TAG_member
	.long	.Linfo_string33                 @ DW_AT_name
	.long	751                             @ DW_AT_type
	.byte	7                               @ DW_AT_decl_file
	.byte	149                             @ DW_AT_decl_line
	.byte	16                              @ DW_AT_data_member_location
	.byte	21                              @ Abbrev [21] 0x2a1:0xc DW_TAG_member
	.long	.Linfo_string36                 @ DW_AT_name
	.long	769                             @ DW_AT_type
	.byte	7                               @ DW_AT_decl_file
	.byte	150                             @ DW_AT_decl_line
	.byte	20                              @ DW_AT_data_member_location
	.byte	21                              @ Abbrev [21] 0x2ad:0xc DW_TAG_member
	.long	.Linfo_string37                 @ DW_AT_name
	.long	774                             @ DW_AT_type
	.byte	7                               @ DW_AT_decl_file
	.byte	151                             @ DW_AT_decl_line
	.byte	24                              @ DW_AT_data_member_location
	.byte	21                              @ Abbrev [21] 0x2b9:0xc DW_TAG_member
	.long	.Linfo_string43                 @ DW_AT_name
	.long	842                             @ DW_AT_type
	.byte	7                               @ DW_AT_decl_file
	.byte	153                             @ DW_AT_decl_line
	.byte	60                              @ DW_AT_data_member_location
	.byte	0                               @ End Of Children Mark
	.byte	7                               @ Abbrev [7] 0x2c6:0xb DW_TAG_typedef
	.long	721                             @ DW_AT_type
	.long	.Linfo_string27                 @ DW_AT_name
	.byte	6                               @ DW_AT_decl_file
	.byte	36                              @ DW_AT_decl_line
	.byte	12                              @ Abbrev [12] 0x2d1:0x5 DW_TAG_pointer_type
	.long	726                             @ DW_AT_type
	.byte	22                              @ Abbrev [22] 0x2d6:0x7 DW_TAG_subroutine_type
                                        @ DW_AT_prototyped
	.byte	23                              @ Abbrev [23] 0x2d7:0x5 DW_TAG_formal_parameter
	.long	472                             @ DW_AT_type
	.byte	0                               @ End Of Children Mark
	.byte	7                               @ Abbrev [7] 0x2dd:0xb DW_TAG_typedef
	.long	744                             @ DW_AT_type
	.long	.Linfo_string31                 @ DW_AT_name
	.byte	1                               @ DW_AT_decl_file
	.byte	63                              @ DW_AT_decl_line
	.byte	8                               @ Abbrev [8] 0x2e8:0x7 DW_TAG_base_type
	.long	.Linfo_string30                 @ DW_AT_name
	.byte	7                               @ DW_AT_encoding
	.byte	2                               @ DW_AT_byte_size
	.byte	7                               @ Abbrev [7] 0x2ef:0xb DW_TAG_typedef
	.long	762                             @ DW_AT_type
	.long	.Linfo_string35                 @ DW_AT_name
	.byte	2                               @ DW_AT_decl_file
	.byte	75                              @ DW_AT_decl_line
	.byte	8                               @ Abbrev [8] 0x2fa:0x7 DW_TAG_base_type
	.long	.Linfo_string34                 @ DW_AT_name
	.byte	7                               @ DW_AT_encoding
	.byte	4                               @ DW_AT_byte_size
	.byte	12                              @ Abbrev [12] 0x301:0x5 DW_TAG_pointer_type
	.long	101                             @ DW_AT_type
	.byte	5                               @ Abbrev [5] 0x306:0xc DW_TAG_array_type
	.long	786                             @ DW_AT_type
	.byte	6                               @ Abbrev [6] 0x30b:0x6 DW_TAG_subrange_type
	.long	130                             @ DW_AT_type
	.byte	3                               @ DW_AT_count
	.byte	0                               @ End Of Children Mark
	.byte	7                               @ Abbrev [7] 0x312:0xb DW_TAG_typedef
	.long	797                             @ DW_AT_type
	.long	.Linfo_string42                 @ DW_AT_name
	.byte	7                               @ DW_AT_decl_file
	.byte	138                             @ DW_AT_decl_line
	.byte	20                              @ Abbrev [20] 0x31d:0x2d DW_TAG_structure_type
	.long	.Linfo_string41                 @ DW_AT_name
	.byte	12                              @ DW_AT_byte_size
	.byte	7                               @ DW_AT_decl_file
	.byte	133                             @ DW_AT_decl_line
	.byte	21                              @ Abbrev [21] 0x325:0xc DW_TAG_member
	.long	.Linfo_string38                 @ DW_AT_name
	.long	472                             @ DW_AT_type
	.byte	7                               @ DW_AT_decl_file
	.byte	135                             @ DW_AT_decl_line
	.byte	0                               @ DW_AT_data_member_location
	.byte	21                              @ Abbrev [21] 0x331:0xc DW_TAG_member
	.long	.Linfo_string39                 @ DW_AT_name
	.long	112                             @ DW_AT_type
	.byte	7                               @ DW_AT_decl_file
	.byte	136                             @ DW_AT_decl_line
	.byte	4                               @ DW_AT_data_member_location
	.byte	21                              @ Abbrev [21] 0x33d:0xc DW_TAG_member
	.long	.Linfo_string40                 @ DW_AT_name
	.long	112                             @ DW_AT_type
	.byte	7                               @ DW_AT_decl_file
	.byte	137                             @ DW_AT_decl_line
	.byte	8                               @ DW_AT_data_member_location
	.byte	0                               @ End Of Children Mark
	.byte	14                              @ Abbrev [14] 0x34a:0x5 DW_TAG_const_type
	.long	847                             @ DW_AT_type
	.byte	12                              @ Abbrev [12] 0x34f:0x5 DW_TAG_pointer_type
	.long	852                             @ DW_AT_type
	.byte	24                              @ Abbrev [24] 0x354:0xc DW_TAG_typedef
	.long	864                             @ DW_AT_type
	.long	.Linfo_string71                 @ DW_AT_name
	.byte	8                               @ DW_AT_decl_file
	.short	1316                            @ DW_AT_decl_line
	.byte	25                              @ Abbrev [25] 0x360:0xa6 DW_TAG_structure_type
	.long	.Linfo_string70                 @ DW_AT_name
	.byte	220                             @ DW_AT_byte_size
	.byte	8                               @ DW_AT_decl_file
	.short	1268                            @ DW_AT_decl_line
	.byte	26                              @ Abbrev [26] 0x369:0xd DW_TAG_member
	.long	.Linfo_string44                 @ DW_AT_name
	.long	472                             @ DW_AT_type
	.byte	8                               @ DW_AT_decl_file
	.short	1270                            @ DW_AT_decl_line
	.byte	0                               @ DW_AT_data_member_location
	.byte	26                              @ Abbrev [26] 0x376:0xd DW_TAG_member
	.long	.Linfo_string45                 @ DW_AT_name
	.long	1030                            @ DW_AT_type
	.byte	8                               @ DW_AT_decl_file
	.short	1272                            @ DW_AT_decl_line
	.byte	4                               @ DW_AT_data_member_location
	.byte	26                              @ Abbrev [26] 0x383:0xd DW_TAG_member
	.long	.Linfo_string55                 @ DW_AT_name
	.long	1159                            @ DW_AT_type
	.byte	8                               @ DW_AT_decl_file
	.short	1274                            @ DW_AT_decl_line
	.byte	124                             @ DW_AT_data_member_location
	.byte	26                              @ Abbrev [26] 0x390:0xd DW_TAG_member
	.long	.Linfo_string59                 @ DW_AT_name
	.long	751                             @ DW_AT_type
	.byte	8                               @ DW_AT_decl_file
	.short	1275                            @ DW_AT_decl_line
	.byte	164                             @ DW_AT_data_member_location
	.byte	26                              @ Abbrev [26] 0x39d:0xd DW_TAG_member
	.long	.Linfo_string60                 @ DW_AT_name
	.long	472                             @ DW_AT_type
	.byte	8                               @ DW_AT_decl_file
	.short	1276                            @ DW_AT_decl_line
	.byte	168                             @ DW_AT_data_member_location
	.byte	26                              @ Abbrev [26] 0x3aa:0xd DW_TAG_member
	.long	.Linfo_string61                 @ DW_AT_name
	.long	1231                            @ DW_AT_type
	.byte	8                               @ DW_AT_decl_file
	.short	1277                            @ DW_AT_decl_line
	.byte	172                             @ DW_AT_data_member_location
	.byte	26                              @ Abbrev [26] 0x3b7:0xd DW_TAG_member
	.long	.Linfo_string64                 @ DW_AT_name
	.long	1261                            @ DW_AT_type
	.byte	8                               @ DW_AT_decl_file
	.short	1285                            @ DW_AT_decl_line
	.byte	184                             @ DW_AT_data_member_location
	.byte	26                              @ Abbrev [26] 0x3c4:0xd DW_TAG_member
	.long	.Linfo_string65                 @ DW_AT_name
	.long	1261                            @ DW_AT_type
	.byte	8                               @ DW_AT_decl_file
	.short	1288                            @ DW_AT_decl_line
	.byte	192                             @ DW_AT_data_member_location
	.byte	26                              @ Abbrev [26] 0x3d1:0xd DW_TAG_member
	.long	.Linfo_string66                 @ DW_AT_name
	.long	1273                            @ DW_AT_type
	.byte	8                               @ DW_AT_decl_file
	.short	1303                            @ DW_AT_decl_line
	.byte	200                             @ DW_AT_data_member_location
	.byte	26                              @ Abbrev [26] 0x3de:0xd DW_TAG_member
	.long	.Linfo_string67                 @ DW_AT_name
	.long	1285                            @ DW_AT_type
	.byte	8                               @ DW_AT_decl_file
	.short	1304                            @ DW_AT_decl_line
	.byte	212                             @ DW_AT_data_member_location
	.byte	26                              @ Abbrev [26] 0x3eb:0xd DW_TAG_member
	.long	.Linfo_string68                 @ DW_AT_name
	.long	1243                            @ DW_AT_type
	.byte	8                               @ DW_AT_decl_file
	.short	1307                            @ DW_AT_decl_line
	.byte	215                             @ DW_AT_data_member_location
	.byte	26                              @ Abbrev [26] 0x3f8:0xd DW_TAG_member
	.long	.Linfo_string69                 @ DW_AT_name
	.long	1243                            @ DW_AT_type
	.byte	8                               @ DW_AT_decl_file
	.short	1311                            @ DW_AT_decl_line
	.byte	216                             @ DW_AT_data_member_location
	.byte	0                               @ End Of Children Mark
	.byte	24                              @ Abbrev [24] 0x406:0xc DW_TAG_typedef
	.long	1042                            @ DW_AT_type
	.long	.Linfo_string54                 @ DW_AT_name
	.byte	2                               @ DW_AT_decl_file
	.short	269                             @ DW_AT_decl_line
	.byte	25                              @ Abbrev [25] 0x412:0x31 DW_TAG_structure_type
	.long	.Linfo_string53                 @ DW_AT_name
	.byte	120                             @ DW_AT_byte_size
	.byte	2                               @ DW_AT_decl_file
	.short	264                             @ DW_AT_decl_line
	.byte	26                              @ Abbrev [26] 0x41b:0xd DW_TAG_member
	.long	.Linfo_string46                 @ DW_AT_name
	.long	112                             @ DW_AT_type
	.byte	2                               @ DW_AT_decl_file
	.short	266                             @ DW_AT_decl_line
	.byte	0                               @ DW_AT_data_member_location
	.byte	26                              @ Abbrev [26] 0x428:0xd DW_TAG_member
	.long	.Linfo_string47                 @ DW_AT_name
	.long	1091                            @ DW_AT_type
	.byte	2                               @ DW_AT_decl_file
	.short	267                             @ DW_AT_decl_line
	.byte	4                               @ DW_AT_data_member_location
	.byte	26                              @ Abbrev [26] 0x435:0xd DW_TAG_member
	.long	.Linfo_string52                 @ DW_AT_name
	.long	1147                            @ DW_AT_type
	.byte	2                               @ DW_AT_decl_file
	.short	268                             @ DW_AT_decl_line
	.byte	36                              @ DW_AT_data_member_location
	.byte	0                               @ End Of Children Mark
	.byte	5                               @ Abbrev [5] 0x443:0xc DW_TAG_array_type
	.long	1103                            @ DW_AT_type
	.byte	6                               @ Abbrev [6] 0x448:0x6 DW_TAG_subrange_type
	.long	130                             @ DW_AT_type
	.byte	4                               @ DW_AT_count
	.byte	0                               @ End Of Children Mark
	.byte	7                               @ Abbrev [7] 0x44f:0xb DW_TAG_typedef
	.long	1114                            @ DW_AT_type
	.long	.Linfo_string51                 @ DW_AT_name
	.byte	2                               @ DW_AT_decl_file
	.byte	196                             @ DW_AT_decl_line
	.byte	20                              @ Abbrev [20] 0x45a:0x21 DW_TAG_structure_type
	.long	.Linfo_string50                 @ DW_AT_name
	.byte	8                               @ DW_AT_byte_size
	.byte	2                               @ DW_AT_decl_file
	.byte	192                             @ DW_AT_decl_line
	.byte	21                              @ Abbrev [21] 0x462:0xc DW_TAG_member
	.long	.Linfo_string48                 @ DW_AT_name
	.long	112                             @ DW_AT_type
	.byte	2                               @ DW_AT_decl_file
	.byte	194                             @ DW_AT_decl_line
	.byte	0                               @ DW_AT_data_member_location
	.byte	21                              @ Abbrev [21] 0x46e:0xc DW_TAG_member
	.long	.Linfo_string49                 @ DW_AT_name
	.long	112                             @ DW_AT_type
	.byte	2                               @ DW_AT_decl_file
	.byte	195                             @ DW_AT_decl_line
	.byte	4                               @ DW_AT_data_member_location
	.byte	0                               @ End Of Children Mark
	.byte	5                               @ Abbrev [5] 0x47b:0xc DW_TAG_array_type
	.long	112                             @ DW_AT_type
	.byte	6                               @ Abbrev [6] 0x480:0x6 DW_TAG_subrange_type
	.long	130                             @ DW_AT_type
	.byte	21                              @ DW_AT_count
	.byte	0                               @ End Of Children Mark
	.byte	5                               @ Abbrev [5] 0x487:0xc DW_TAG_array_type
	.long	1171                            @ DW_AT_type
	.byte	6                               @ Abbrev [6] 0x48c:0x6 DW_TAG_subrange_type
	.long	130                             @ DW_AT_type
	.byte	2                               @ DW_AT_count
	.byte	0                               @ End Of Children Mark
	.byte	24                              @ Abbrev [24] 0x493:0xc DW_TAG_typedef
	.long	1183                            @ DW_AT_type
	.long	.Linfo_string58                 @ DW_AT_name
	.byte	8                               @ DW_AT_decl_file
	.short	1224                            @ DW_AT_decl_line
	.byte	25                              @ Abbrev [25] 0x49f:0x24 DW_TAG_structure_type
	.long	.Linfo_string57                 @ DW_AT_name
	.byte	20                              @ DW_AT_byte_size
	.byte	8                               @ DW_AT_decl_file
	.short	1213                            @ DW_AT_decl_line
	.byte	26                              @ Abbrev [26] 0x4a8:0xd DW_TAG_member
	.long	.Linfo_string45                 @ DW_AT_name
	.long	473                             @ DW_AT_type
	.byte	8                               @ DW_AT_decl_file
	.short	1218                            @ DW_AT_decl_line
	.byte	0                               @ DW_AT_data_member_location
	.byte	26                              @ Abbrev [26] 0x4b5:0xd DW_TAG_member
	.long	.Linfo_string56                 @ DW_AT_name
	.long	1219                            @ DW_AT_type
	.byte	8                               @ DW_AT_decl_file
	.short	1219                            @ DW_AT_decl_line
	.byte	4                               @ DW_AT_data_member_location
	.byte	0                               @ End Of Children Mark
	.byte	5                               @ Abbrev [5] 0x4c3:0xc DW_TAG_array_type
	.long	472                             @ DW_AT_type
	.byte	6                               @ Abbrev [6] 0x4c8:0x6 DW_TAG_subrange_type
	.long	130                             @ DW_AT_type
	.byte	4                               @ DW_AT_count
	.byte	0                               @ End Of Children Mark
	.byte	5                               @ Abbrev [5] 0x4cf:0xc DW_TAG_array_type
	.long	1243                            @ DW_AT_type
	.byte	6                               @ Abbrev [6] 0x4d4:0x6 DW_TAG_subrange_type
	.long	130                             @ DW_AT_type
	.byte	12                              @ DW_AT_count
	.byte	0                               @ End Of Children Mark
	.byte	7                               @ Abbrev [7] 0x4db:0xb DW_TAG_typedef
	.long	1254                            @ DW_AT_type
	.long	.Linfo_string63                 @ DW_AT_name
	.byte	1                               @ DW_AT_decl_file
	.byte	62                              @ DW_AT_decl_line
	.byte	8                               @ Abbrev [8] 0x4e6:0x7 DW_TAG_base_type
	.long	.Linfo_string62                 @ DW_AT_name
	.byte	8                               @ DW_AT_encoding
	.byte	1                               @ DW_AT_byte_size
	.byte	5                               @ Abbrev [5] 0x4ed:0xc DW_TAG_array_type
	.long	751                             @ DW_AT_type
	.byte	6                               @ Abbrev [6] 0x4f2:0x6 DW_TAG_subrange_type
	.long	130                             @ DW_AT_type
	.byte	2                               @ DW_AT_count
	.byte	0                               @ End Of Children Mark
	.byte	5                               @ Abbrev [5] 0x4f9:0xc DW_TAG_array_type
	.long	112                             @ DW_AT_type
	.byte	6                               @ Abbrev [6] 0x4fe:0x6 DW_TAG_subrange_type
	.long	130                             @ DW_AT_type
	.byte	3                               @ DW_AT_count
	.byte	0                               @ End Of Children Mark
	.byte	5                               @ Abbrev [5] 0x505:0xc DW_TAG_array_type
	.long	1243                            @ DW_AT_type
	.byte	6                               @ Abbrev [6] 0x50a:0x6 DW_TAG_subrange_type
	.long	130                             @ DW_AT_type
	.byte	3                               @ DW_AT_count
	.byte	0                               @ End Of Children Mark
	.byte	5                               @ Abbrev [5] 0x511:0xc DW_TAG_array_type
	.long	162                             @ DW_AT_type
	.byte	6                               @ Abbrev [6] 0x516:0x6 DW_TAG_subrange_type
	.long	130                             @ DW_AT_type
	.byte	20                              @ DW_AT_count
	.byte	0                               @ End Of Children Mark
	.byte	14                              @ Abbrev [14] 0x51d:0x5 DW_TAG_const_type
	.long	260                             @ DW_AT_type
	.byte	0                               @ End Of Children Mark
.Ldebug_info_end0:
	.section	.debug_ranges,"",%progbits
.Ldebug_ranges0:
	.long	.Lfunc_begin0
	.long	.Lfunc_end0
	.long	.Lfunc_begin1
	.long	.Lfunc_end1
	.long	.Lfunc_begin2
	.long	.Lfunc_end2
	.long	.Lfunc_begin3
	.long	.Lfunc_end3
	.long	0
	.long	0
	.section	.debug_str,"MS",%progbits,1
.Linfo_string0:
	.asciz	"Component: Arm Compiler for Embedded 6.19 Tool: armclang [5e73cb00]" @ string offset=0
.Linfo_string1:
	.asciz	"../../../CORTEX_MPU_M3_NUCLEO_L152RE_GCC/Demo\\StreamBufferInterrupt.c" @ string offset=68
.Linfo_string2:
	.asciz	"C:\\Users\\karahulx\\Downloads\\Kernel\\FreeRTOS\\FreeRTOS\\Demo\\CORTEX_MPU_M23_Nuvoton_NuMaker_PFM_M2351_IAR_GCC\\Projects_NTZ\\Keil" @ string offset=138
.Linfo_string3:
	.asciz	"xReceivingTaskStack"           @ string offset=263
.Linfo_string4:
	.asciz	"unsigned int"                  @ string offset=283
.Linfo_string5:
	.asciz	"uint32_t"                      @ string offset=296
.Linfo_string6:
	.asciz	"StackType_t"                   @ string offset=305
.Linfo_string7:
	.asciz	"__ARRAY_SIZE_TYPE__"           @ string offset=317
.Linfo_string8:
	.asciz	"char"                          @ string offset=337
.Linfo_string9:
	.asciz	"xNextByteToSend"               @ string offset=342
.Linfo_string10:
	.asciz	"size_t"                        @ string offset=358
.Linfo_string11:
	.asciz	"xCallCount"                    @ string offset=365
.Linfo_string12:
	.asciz	"long"                          @ string offset=376
.Linfo_string13:
	.asciz	"BaseType_t"                    @ string offset=381
.Linfo_string14:
	.asciz	"xStreamBuffer"                 @ string offset=392
.Linfo_string15:
	.asciz	"StreamBufferDef_t"             @ string offset=406
.Linfo_string16:
	.asciz	"StreamBufferHandle_t"          @ string offset=424
.Linfo_string17:
	.asciz	"xDemoStatus"                   @ string offset=445
.Linfo_string18:
	.asciz	"ulCycleCount"                  @ string offset=457
.Linfo_string19:
	.asciz	"pcStringToSend"                @ string offset=470
.Linfo_string20:
	.asciz	"TickType_t"                    @ string offset=485
.Linfo_string21:
	.asciz	"vStartStreamBufferInterruptDemo" @ string offset=496
.Linfo_string22:
	.asciz	"prvReceivingTask"              @ string offset=528
.Linfo_string23:
	.asciz	"vBasicStreamBufferSendFromISR" @ string offset=545
.Linfo_string24:
	.asciz	"xIsInterruptStreamBufferDemoStillRunning" @ string offset=575
.Linfo_string25:
	.asciz	"xReceivingTaskParameters"      @ string offset=616
.Linfo_string26:
	.asciz	"pvTaskCode"                    @ string offset=641
.Linfo_string27:
	.asciz	"TaskFunction_t"                @ string offset=652
.Linfo_string28:
	.asciz	"pcName"                        @ string offset=667
.Linfo_string29:
	.asciz	"usStackDepth"                  @ string offset=674
.Linfo_string30:
	.asciz	"unsigned short"                @ string offset=687
.Linfo_string31:
	.asciz	"uint16_t"                      @ string offset=702
.Linfo_string32:
	.asciz	"pvParameters"                  @ string offset=711
.Linfo_string33:
	.asciz	"uxPriority"                    @ string offset=724
.Linfo_string34:
	.asciz	"unsigned long"                 @ string offset=735
.Linfo_string35:
	.asciz	"UBaseType_t"                   @ string offset=749
.Linfo_string36:
	.asciz	"puxStackBuffer"                @ string offset=761
.Linfo_string37:
	.asciz	"xRegions"                      @ string offset=776
.Linfo_string38:
	.asciz	"pvBaseAddress"                 @ string offset=785
.Linfo_string39:
	.asciz	"ulLengthInBytes"               @ string offset=799
.Linfo_string40:
	.asciz	"ulParameters"                  @ string offset=815
.Linfo_string41:
	.asciz	"xMEMORY_REGION"                @ string offset=828
.Linfo_string42:
	.asciz	"MemoryRegion_t"                @ string offset=843
.Linfo_string43:
	.asciz	"pxTaskBuffer"                  @ string offset=858
.Linfo_string44:
	.asciz	"pxDummy1"                      @ string offset=871
.Linfo_string45:
	.asciz	"xDummy2"                       @ string offset=880
.Linfo_string46:
	.asciz	"ulMAIR0"                       @ string offset=888
.Linfo_string47:
	.asciz	"xRegionsSettings"              @ string offset=896
.Linfo_string48:
	.asciz	"ulRBAR"                        @ string offset=913
.Linfo_string49:
	.asciz	"ulRLAR"                        @ string offset=920
.Linfo_string50:
	.asciz	"MPURegionSettings"             @ string offset=927
.Linfo_string51:
	.asciz	"MPURegionSettings_t"           @ string offset=945
.Linfo_string52:
	.asciz	"ulContext"                     @ string offset=965
.Linfo_string53:
	.asciz	"MPU_SETTINGS"                  @ string offset=975
.Linfo_string54:
	.asciz	"xMPU_SETTINGS"                 @ string offset=988
.Linfo_string55:
	.asciz	"xDummy3"                       @ string offset=1002
.Linfo_string56:
	.asciz	"pvDummy3"                      @ string offset=1010
.Linfo_string57:
	.asciz	"xSTATIC_LIST_ITEM"             @ string offset=1019
.Linfo_string58:
	.asciz	"StaticListItem_t"              @ string offset=1037
.Linfo_string59:
	.asciz	"uxDummy5"                      @ string offset=1054
.Linfo_string60:
	.asciz	"pxDummy6"                      @ string offset=1063
.Linfo_string61:
	.asciz	"ucDummy7"                      @ string offset=1072
.Linfo_string62:
	.asciz	"unsigned char"                 @ string offset=1081
.Linfo_string63:
	.asciz	"uint8_t"                       @ string offset=1095
.Linfo_string64:
	.asciz	"uxDummy10"                     @ string offset=1103
.Linfo_string65:
	.asciz	"uxDummy12"                     @ string offset=1113
.Linfo_string66:
	.asciz	"ulDummy18"                     @ string offset=1123
.Linfo_string67:
	.asciz	"ucDummy19"                     @ string offset=1133
.Linfo_string68:
	.asciz	"uxDummy20"                     @ string offset=1143
.Linfo_string69:
	.asciz	"ucDummy21"                     @ string offset=1153
.Linfo_string70:
	.asciz	"xSTATIC_TCB"                   @ string offset=1163
.Linfo_string71:
	.asciz	"StaticTask_t"                  @ string offset=1175
.Linfo_string72:
	.asciz	"xTASK_PARAMETERS"              @ string offset=1188
.Linfo_string73:
	.asciz	"TaskParameters_t"              @ string offset=1205
.Linfo_string74:
	.asciz	"cRxBuffer"                     @ string offset=1222
.Linfo_string75:
	.asciz	"xNextByte"                     @ string offset=1232
.Linfo_string76:
	.asciz	"pcStringToReceive"             @ string offset=1242
.Linfo_string77:
	.asciz	"xCallsBetweenSends"            @ string offset=1260
.Linfo_string78:
	.asciz	"xBytesToSend"                  @ string offset=1279
.Linfo_string79:
	.asciz	"ulLastCycleCount"              @ string offset=1292
	.ident	"Component: Arm Compiler for Embedded 6.19 Tool: armclang [5e73cb00]"
	.section	".note.GNU-stack","",%progbits
	.eabi_attribute	30, 6	@ Tag_ABI_optimization_goals
	.ARM_attribute	16, 1	@ Tag_AV_eba
	.section	.debug_line,"",%progbits
.Lline_table_start0:
